#
# A fatal error has been detected by the Java Runtime Environment:
#
#  EXCEPTION_ACCESS_VIOLATION (0xc0000005) at pc=0x00007ffe4ff09f38, pid=23576, tid=22012
#
# JRE version: OpenJDK Runtime Environment Temurin-21.0.5+11 (21.0.5+11) (build 21.0.5+11-LTS)
# Java VM: OpenJDK 64-Bit Server VM Temurin-21.0.5+11 (21.0.5+11-LTS, mixed mode, emulated-client, sharing, tiered, compressed oops, compressed class ptrs, g1 gc, windows-amd64)
# Problematic frame:
# V  [jvm.dll+0x449f38]
#
# No core dump will be written. Minidumps are not enabled by default on client versions of Windows
#
# If you would like to submit a bug report, please visit:
#   https://github.com/adoptium/adoptium-support/issues
#

---------------  S U M M A R Y ------------

Command Line: -javaagent:C:\Users\Anthimos Samaras\.gradle\caches\modules-2\files-2.1\io.quarkus\quarkus-class-change-agent\3.17.0\a0391559d4e47c80140f7891566e0f59578c3d84\quarkus-class-change-agent-3.17.0.jar -Dquarkus-internal.serialized-app-model.path=C:\Users\Anthimos Samaras\Desktop\industrial project\informationSystems\my-app\backend\build\tmp\quarkusDev\quarkus-app-model.dat -Dquarkus-internal-test.serialized-app-model.path=C:\Users\Anthimos Samaras\Desktop\industrial project\informationSystems\my-app\backend\build\tmp\quarkusDev\quarkus-app-test-model.dat -XX:TieredStopAtLevel=1 -agentlib:jdwp=transport=dt_socket,address=localhost:5005,server=y,suspend=n -Djava.util.logging.manager=org.jboss.logmanager.LogManager C:\Users\Anthimos Samaras\Desktop\industrial project\informationSystems\my-app\backend\build\backend-dev.jar

Host: Intel(R) Core(TM) i5-9300H CPU @ 2.40GHz, 8 cores, 15G,  Windows 11 , 64 bit Build 22621 (10.0.22621.4391)
Time: Thu Nov 28 19:54:02 2024 GTB Standard Time elapsed time: 3.174674 seconds (0d 0h 0m 3s)

---------------  T H R E A D  ---------------

Current thread (0x000002bdead9a8f0):  JavaThread "build-45"         [_thread_in_vm, id=22012, stack(0x000000d51c400000,0x000000d51c500000) (1024K)]

Stack: [0x000000d51c400000,0x000000d51c500000],  sp=0x000000d51c4fd820,  free space=1014k
Native frames: (J=compiled Java code, j=interpreted, Vv=VM code, C=native code)
V  [jvm.dll+0x449f38]
C  [jansi.dll+0x104e]

Java frames: (J=compiled Java code, j=interpreted, Vv=VM code)
j  org.fusesource.jansi.internal.CLibrary.init()V+0
j  org.fusesource.jansi.internal.CLibrary.<clinit>()V+12
v  ~StubRoutines::call_stub 0x000002bd9884100d
j  org.fusesource.jansi.AnsiConsole.ansiStream(Z)Lorg/fusesource/jansi/AnsiPrintStream;+62
j  org.fusesource.jansi.AnsiConsole.initStreams()V+7
j  org.fusesource.jansi.AnsiConsole.out()Lorg/fusesource/jansi/AnsiPrintStream;+0
j  org.aesh.readline.terminal.impl.WinSysTerminal.<init>(Ljava/lang/String;ZLorg/aesh/terminal/Terminal$SignalHandler;)V+4
j  org.aesh.readline.terminal.impl.WinSysTerminal.<init>(Ljava/lang/String;Z)V+6
j  org.aesh.readline.terminal.TerminalBuilder.createWindowsTerminal(Ljava/lang/String;)Lorg/aesh/terminal/Terminal;+24
j  org.aesh.readline.terminal.TerminalBuilder.build()Lorg/aesh/terminal/Terminal;+125
j  org.aesh.readline.tty.terminal.TerminalConnection.<init>(Ljava/nio/charset/Charset;Ljava/nio/charset/Charset;Ljava/io/InputStream;Ljava/io/OutputStream;Ljava/util/function/Consumer;)V+85
j  org.aesh.readline.tty.terminal.TerminalConnection.<init>(Ljava/util/function/Consumer;)V+14
j  io.quarkus.deployment.console.ConsoleHelper.installConsole(Lio/quarkus/deployment/dev/testing/TestConfig;Lio/quarkus/deployment/console/ConsoleConfig;Z)V+109
j  io.quarkus.deployment.console.ConsoleProcessor.setupConsole(Lio/quarkus/deployment/dev/testing/TestConfig;Lio/quarkus/deployment/console/ConsoleConfig;Lio/quarkus/deployment/builditem/LaunchModeBuildItem;Lio/quarkus/deployment/annotations/BuildProducer;)Lio/quarkus/deployment/console/ConsoleInstalledBuildItem;+45
j  java.lang.invoke.LambdaForm$DMH+0x000002bda51c8000.invokeVirtual(Ljava/lang/Object;Ljava/lang/Object;Ljava/lang/Object;Ljava/lang/Object;Ljava/lang/Object;Ljava/lang/Object;)Ljava/lang/Object;+18 java.base@21.0.5
j  java.lang.invoke.LambdaForm$MH+0x000002bda524ac00.invoke(Ljava/lang/Object;Ljava/lang/Object;Ljava/lang/Object;Ljava/lang/Object;Ljava/lang/Object;)Ljava/lang/Object;+101 java.base@21.0.5
j  java.lang.invoke.LambdaForm$MH+0x000002bda5245400.invoke(Ljava/lang/Object;Ljava/lang/Object;Ljava/lang/Object;)Ljava/lang/Object;+66 java.base@21.0.5
J 3404 c1 java.lang.invoke.Invokers$Holder.invokeExact_MT(Ljava/lang/Object;Ljava/lang/Object;Ljava/lang/Object;Ljava/lang/Object;)Ljava/lang/Object; java.base@21.0.5 (24 bytes) @ 0x000002bd990c52cc [0x000002bd990c51e0+0x00000000000000ec]
j  java.lang.invoke.MethodHandle.invokeWithArguments([Ljava/lang/Object;)Ljava/lang/Object;+28 java.base@21.0.5
j  io.quarkus.deployment.ExtensionLoader$3.execute(Lio/quarkus/builder/BuildContext;)V+268
j  io.quarkus.builder.BuildContext.run()V+71
j  io.quarkus.builder.BuildContext$$Lambda+0x000002bda520f2a8.run()V+4
j  org.jboss.threads.ContextHandler$1.runWith(Ljava/lang/Runnable;Ljava/lang/Object;)V+1
j  org.jboss.threads.EnhancedQueueExecutor$Task.doRunWith(Ljava/lang/Runnable;Ljava/lang/Object;)V+9
j  org.jboss.threads.EnhancedQueueExecutor$Task.run()V+61
j  org.jboss.threads.EnhancedQueueExecutor.runThreadBody()V+156
j  org.jboss.threads.EnhancedQueueExecutor$ThreadBody.run()V+40
j  java.lang.Thread.runWith(Ljava/lang/Object;Ljava/lang/Runnable;)V+5 java.base@21.0.5
j  java.lang.Thread.run()V+19 java.base@21.0.5
j  org.jboss.threads.JBossThread.run()V+12
v  ~StubRoutines::call_stub 0x000002bd9884100d

siginfo: EXCEPTION_ACCESS_VIOLATION (0xc0000005), reading address 0x0000000000000000


Registers:
RAX=0x0000000000000000, RBX=0x000002bdead9a8f0, RCX=0xcc04240056480000, RDX=0x000000d51c4fd940
RSP=0x000000d51c4fd820, RBP=0x0000000000000000, RSI=0x0000000000000000, RDI=0x0000000000000000
R8 =0x0000000000000000, R9 =0x000002bdeada0a00, R10=0x0000000000000034, R11=0x000000d51c4fd818
R12=0x0000000000000000, R13=0x000002bde62145d0, R14=0x000000d51c4fd948, R15=0x000002bdead9a8f0
RIP=0x00007ffe4ff09f38, EFLAGS=0x0000000000010246


Register to memory mapping:

RAX=0x0 is null
RBX=0x000002bdead9a8f0 is a thread
RCX=0xcc04240056480000 is an unknown value
RDX=0x000000d51c4fd940 is pointing into the stack for thread: 0x000002bdead9a8f0
RSP=0x000000d51c4fd820 is pointing into the stack for thread: 0x000002bdead9a8f0
RBP=0x0 is null
RSI=0x0 is null
RDI=0x0 is null
R8 =0x0 is null
R9 =0x000002bdeada0a00 points into unknown readable memory: 0x0000000000000002 | 02 00 00 00 00 00 00 00
R10=0x0000000000000034 is an unknown value
R11=0x000000d51c4fd818 is pointing into the stack for thread: 0x000002bdead9a8f0
R12=0x0 is null
R13={method} {0x000002bde62145d8} 'init' '()V' in 'org/fusesource/jansi/internal/CLibrary'
R14=0x000000d51c4fd948 is pointing into the stack for thread: 0x000002bdead9a8f0
R15=0x000002bdead9a8f0 is a thread

Top of Stack: (sp=0x000000d51c4fd820)
0x000000d51c4fd820:   000002bdead9a8f0 000000d51c4fdd98
0x000000d51c4fd830:   000000d51c4fdd98 000002bdead9a8f0
0x000000d51c4fd840:   000000d51c4fd930 00007ffe4fe975f5
0x000000d51c4fd850:   000000d51c4fd870 000002bdead9a8f0
0x000000d51c4fd860:   000002bdead9a8f0 000002bdeacfb870
0x000000d51c4fd870:   00000000000007c5 00007ffe504fe4c0
0x000000d51c4fd880:   000000d51c4fd940 00007fff0e13104e
0x000000d51c4fd890:   000002bd485029f4 00007ffe506ea7c0
0x000000d51c4fd8a0:   000000d51c4fd930 000002bdead9aca8
0x000000d51c4fd8b0:   000000d51c4fdd98 000002bd988501dd
0x000000d51c4fd8c0:   000002bde62145d0 000000d51c4fdd90
0x000000d51c4fd8d0:   0000000000000000 0000000000000001
0x000000d51c4fd8e0:   000002bd9884fae6 000000d51c4fd8e8
0x000000d51c4fd8f0:   000002bde62145d0 0000000000000003
0x000000d51c4fd900:   000002bde6214e50 0000000000000000
0x000000d51c4fd910:   000000070f380e80 000002bde62145d0
0x000000d51c4fd920:   0000000000000000 000000d51c4fd950
0x000000d51c4fd930:   000000d51c4fd998 000002bd98849086
0x000000d51c4fd940:   000000070f380e80 000002bd9884c377
0x000000d51c4fd950:   000000d51c4fd950 000002bde6214af4
0x000000d51c4fd960:   0000000000000001 000002bde6214e50
0x000000d51c4fd970:   0000000000000000 000000070f380e80
0x000000d51c4fd980:   000002bde6214b10 000000d51c4fd950
0x000000d51c4fd990:   000000d51c4fd9a8 000000d51c4fdb80
0x000000d51c4fd9a0:   000002bd9884100d 00007ffe5017f801
0x000000d51c4fd9b0:   0000000000000028 00007ffe50068b41
0x000000d51c4fd9c0:   0000000000000000 00007ffe5017f75d
0x000000d51c4fd9d0:   000002bde97f1790 00007ffe4fb7f9ce
0x000000d51c4fd9e0:   000000070f380e80 00007ffe4fc979d5
0x000000d51c4fd9f0:   000002bdeade23f0 00007ffe501efd7d
0x000000d51c4fda00:   000002bd8dfbbc40 000000070f380e80
0x000000d51c4fda10:   000002bd8dfb8940 00007ffe5037b1a4 

Instructions: (pc=0x00007ffe4ff09f38)
0x00007ffe4ff09e38:   49 8b 6b 20 49 8b 73 28 c7 83 44 04 00 00 04 00
0x00007ffe4ff09e48:   00 00 49 8b 5b 18 49 8b e3 5f c3 cc cc cc cc cc
0x00007ffe4ff09e58:   cc cc cc cc cc cc cc cc 48 89 5c 24 10 48 89 6c
0x00007ffe4ff09e68:   24 18 48 89 74 24 20 57 48 83 ec 60 8b 81 b0 00
0x00007ffe4ff09e78:   00 00 48 8d 99 48 fc ff ff 05 53 21 ff ff 41 8b
0x00007ffe4ff09e88:   e9 49 8b f0 83 f8 01 77 08 48 8b cb e8 d7 2c fa
0x00007ffe4ff09e98:   ff 80 3d e6 ab 84 00 00 c7 83 44 04 00 00 06 00
0x00007ffe4ff09ea8:   00 00 75 06 e8 4f 45 27 00 90 48 8b 83 48 04 00
0x00007ffe4ff09eb8:   00 a8 01 74 0d 45 33 c0 b2 01 48 8b cb e8 76 50
0x00007ffe4ff09ec8:   2e 00 8b 83 40 04 00 00 a8 0c 74 08 48 8b cb e8
0x00007ffe4ff09ed8:   44 41 fa ff 33 ff c7 83 44 04 00 00 06 00 00 00
0x00007ffe4ff09ee8:   48 89 5c 24 40 48 89 7c 24 48 48 39 7b 08 74 0a
0x00007ffe4ff09ef8:   48 8d 4c 24 40 e8 ce 06 2b 00 40 38 3d 24 0b 85
0x00007ffe4ff09f08:   00 74 2d 4c 8b 0e 48 8d 44 24 70 48 89 44 24 38
0x00007ffe4ff09f18:   45 33 c0 c6 44 24 30 49 33 d2 c6 44 24 28 01 48
0x00007ffe4ff09f28:   8b cb 48 89 74 24 20 89 6c 24 70 e8 d8 e5 13 00
0x00007ffe4ff09f38:   48 8b 06 48 8b 48 70 48 85 c9 74 09 ff 15 d6 50
0x00007ffe4ff09f48:   7d 00 48 8b f8 48 63 4e 10 89 2c 39 48 83 7c 24
0x00007ffe4ff09f58:   48 00 74 0a 48 8d 4c 24 40 e8 ea 06 2b 00 48 8b
0x00007ffe4ff09f68:   bb 98 01 00 00 48 8b 47 10 48 83 38 00 74 08 48
0x00007ffe4ff09f78:   8b cf e8 81 50 f5 ff 48 8b 4f 08 48 8b 47 10 48
0x00007ffe4ff09f88:   89 41 10 48 8b 4f 08 48 8b 47 18 48 89 41 18 48
0x00007ffe4ff09f98:   8b 4f 08 48 8b 47 20 48 89 41 20 48 8d 8b 98 03
0x00007ffe4ff09fa8:   00 00 e8 91 bd ec ff 4c 8d 5c 24 60 90 49 8b 6b
0x00007ffe4ff09fb8:   20 49 8b 73 28 c7 83 44 04 00 00 04 00 00 00 49
0x00007ffe4ff09fc8:   8b 5b 18 49 8b e3 5f c3 48 89 5c 24 10 48 89 6c
0x00007ffe4ff09fd8:   24 18 48 89 74 24 20 57 48 83 ec 60 8b 81 b0 00
0x00007ffe4ff09fe8:   00 00 48 8d 99 48 fc ff ff 05 53 21 ff ff 49 8b
0x00007ffe4ff09ff8:   e9 49 8b f0 83 f8 01 77 08 48 8b cb e8 67 2b fa
0x00007ffe4ff0a008:   ff 80 3d 76 aa 84 00 00 c7 83 44 04 00 00 06 00
0x00007ffe4ff0a018:   00 00 75 06 e8 df 43 27 00 90 48 8b 83 48 04 00
0x00007ffe4ff0a028:   00 a8 01 74 0d 45 33 c0 b2 01 48 8b cb e8 06 4f 


Stack slot to memory mapping:

stack at sp + 0 slots: 0x000002bdead9a8f0 is a thread
stack at sp + 1 slots: 0x000000d51c4fdd98 is pointing into the stack for thread: 0x000002bdead9a8f0
stack at sp + 2 slots: 0x000000d51c4fdd98 is pointing into the stack for thread: 0x000002bdead9a8f0
stack at sp + 3 slots: 0x000002bdead9a8f0 is a thread
stack at sp + 4 slots: 0x000000d51c4fd930 is pointing into the stack for thread: 0x000002bdead9a8f0
stack at sp + 5 slots: 0x00007ffe4fe975f5 jvm.dll
stack at sp + 6 slots: 0x000000d51c4fd870 is pointing into the stack for thread: 0x000002bdead9a8f0
stack at sp + 7 slots: 0x000002bdead9a8f0 is a thread


Compiled method (c1) 3206 3404       1       java.lang.invoke.Invokers$Holder::invokeExact_MT (24 bytes)
 total in heap  [0x000002bd990c5010,0x000002bd990c5590] = 1408
 relocation     [0x000002bd990c5170,0x000002bd990c51e0] = 112
 main code      [0x000002bd990c51e0,0x000002bd990c5380] = 416
 stub code      [0x000002bd990c5380,0x000002bd990c53f0] = 112
 metadata       [0x000002bd990c53f0,0x000002bd990c5420] = 48
 scopes data    [0x000002bd990c5420,0x000002bd990c54b0] = 144
 scopes pcs     [0x000002bd990c54b0,0x000002bd990c5560] = 176
 dependencies   [0x000002bd990c5560,0x000002bd990c5570] = 16
 nul chk table  [0x000002bd990c5570,0x000002bd990c5590] = 32

[Constant Pool (empty)]

[MachCode]
[Verified Entry Point]
  # {method} {0x000002bda40b00a8} 'invokeExact_MT' '(Ljava/lang/Object;Ljava/lang/Object;Ljava/lang/Object;Ljava/lang/Object;)Ljava/lang/Object;' in 'java/lang/invoke/Invokers$Holder'
  # parm0:    rdx:rdx   = 'java/lang/Object'
  # parm1:    r8:r8     = 'java/lang/Object'
  # parm2:    r9:r9     = 'java/lang/Object'
  # parm3:    rdi:rdi   = 'java/lang/Object'
  #           [sp+0x90]  (sp of caller)
  0x000002bd990c51e0: 8984 2400 | 80ff ff55 | 4881 ec80 | 0000 0090 | 4181 7f20 | 0400 0000 

  0x000002bd990c51f8: ;   {runtime_call StubRoutines (final stubs)}
  0x000002bd990c51f8: 7405 e861 | fb7a ff4c | 8944 2448 | 4c89 4c24 | 5048 897c | 2460 4885 | d20f 8429 

  0x000002bd990c5214: ;   {metadata('java/lang/invoke/MethodHandle')}
  0x000002bd990c5214: 0000 0048 | b988 0306 | a4bd 0200 | 008b 4208 | 49ba 0000 | 00a4 bd02 | 0000 4903 | c248 3b48 
  0x000002bd990c5234: 380f 85e4 | 0000 00e9 | 0000 0000 | 488b f248 | 8974 2458 | 4885 ff0f | 8428 0000 

  0x000002bd990c5250: ;   {metadata('java/lang/invoke/MethodType')}
  0x000002bd990c5250: 0048 b9d0 | f505 a4bd | 0200 008b | 5708 49ba | 0000 00a4 | bd02 0000 | 4903 d248 | 3bca 0f85 
  0x000002bd990c5270: b400 0000 | e900 0000 | 0048 8bdf 

  0x000002bd990c527c: ; implicit exception: dispatches to 0x000002bd990c5331
  0x000002bd990c527c: 8b46 1048 | c1e0 0348 | 3bc3 0f85 | 5e00 0000 | 8b56 1448 | c1e2 038b | 521c 48c1 | e203 4885 
  0x000002bd990c529c: d20f 8511 | 0000 0048 

  0x000002bd990c52a4: ;   {static_call}
  0x000002bd990c52a4: 8bd6 90e8 

  0x000002bd990c52a8: ; ImmutableOopMap {[72]=Oop [80]=Oop [88]=Oop [96]=Oop }
                      ;*invokestatic maybeCustomize {reexecute=0 rethrow=0 return_oop=0}
                      ; - java.lang.invoke.Invokers::checkCustomized@19 (line 627)
                      ; - java.lang.invoke.Invokers$Holder::invokeExact_MT@14
  0x000002bd990c52a8: 94f0 baff 

  0x000002bd990c52ac: ;   {other}
  0x000002bd990c52ac: 0f1f 8400 | 9c02 0000 | 4c8b 4424 | 484c 8b4c | 2450 488b | 5424 580f 

  0x000002bd990c52c4: ;   {optimized virtual_call}
  0x000002bd990c52c4: 1f40 00e8 

  0x000002bd990c52c8: ; ImmutableOopMap {[72]=Oop [80]=Oop [88]=Oop [96]=Oop }
                      ;*invokevirtual invokeBasic {reexecute=0 rethrow=0 return_oop=0}
                      ; - java.lang.invoke.Invokers$Holder::invokeExact_MT@20
  0x000002bd990c52c8: 3406 9aff 

  0x000002bd990c52cc: ;   {other}
  0x000002bd990c52cc: 0f1f 8400 | bc02 0001 | 4881 c480 | 0000 005d 

  0x000002bd990c52dc: ;   {poll_return}
  0x000002bd990c52dc: 493b a748 | 0400 000f | 8752 0000 | 00c3 488b | d04c 8bc3 | 4889 5c24 | 7048 8944 | 2468 0f1f 
  0x000002bd990c52fc: ;   {static_call}
  0x000002bd990c52fc: 4400 00e8 

  0x000002bd990c5300: ; ImmutableOopMap {[72]=Oop [80]=Oop [88]=Oop [96]=Oop [104]=Oop [112]=Oop }
                      ;*invokestatic newWrongMethodTypeException {reexecute=0 rethrow=0 return_oop=0}
                      ; - java.lang.invoke.Invokers::checkExactType@12 (line 531)
                      ; - java.lang.invoke.Invokers$Holder::invokeExact_MT@10
  0x000002bd990c5300: 7c9d 7cff 

  0x000002bd990c5304: ;   {other}
  0x000002bd990c5304: 0f1f 8400 | f402 0002 

  0x000002bd990c530c: ; implicit exception: dispatches to 0x000002bd990c5351
                      ; ImmutableOopMap {rax=Oop [72]=Oop [80]=Oop [88]=Oop [96]=Oop [104]=Oop [112]=Oop }
                      ;*athrow {reexecute=1 rethrow=0 return_oop=0}
                      ; - (reexecute) java.lang.invoke.Invokers::checkExactType@15 (line 531)
                      ; - java.lang.invoke.Invokers$Holder::invokeExact_MT@10
                      ;   {section_word}
  0x000002bd990c530c: 483b 0048 | ba0f 530c | 99bd 0200 

  0x000002bd990c5318: ;   {runtime_call handle_exception_nofpu Runtime1 stub}
  0x000002bd990c5318: 00e8 e2f2 | 88ff 9048 

  0x000002bd990c5320: ;   {runtime_call throw_class_cast_exception Runtime1 stub}
  0x000002bd990c5320: 8914 24e8 

  0x000002bd990c5324: ; ImmutableOopMap {rdx=Oop r8=Oop r9=Oop rdi=Oop [72]=Oop [80]=Oop [96]=Oop }
                      ;*checkcast {reexecute=0 rethrow=0 return_oop=0}
                      ; - java.lang.invoke.Invokers$Holder::invokeExact_MT@1
  0x000002bd990c5324: 580d 89ff | 4889 3c24 

  0x000002bd990c532c: ;   {runtime_call throw_class_cast_exception Runtime1 stub}
  0x000002bd990c532c: e84f 0d89 

  0x000002bd990c5330: ; ImmutableOopMap {r8=Oop r9=Oop rdi=Oop rsi=Oop [72]=Oop [80]=Oop [88]=Oop [96]=Oop }
                      ;*checkcast {reexecute=0 rethrow=0 return_oop=0}
                      ; - java.lang.invoke.Invokers$Holder::invokeExact_MT@7
                      ;   {runtime_call throw_null_pointer_exception Runtime1 stub}
  0x000002bd990c5330: ffe8 cac8 

  0x000002bd990c5334: ; ImmutableOopMap {r8=Oop r9=Oop rdi=Oop rsi=Oop rbx=Oop [72]=Oop [80]=Oop [88]=Oop [96]=Oop }
                      ;*invokevirtual type {reexecute=0 rethrow=0 return_oop=0}
                      ; - java.lang.invoke.Invokers::checkExactType@1 (line 529)
                      ; - java.lang.invoke.Invokers$Holder::invokeExact_MT@10
                      ;   {runtime_call throw_null_pointer_exception Runtime1 stub}
  0x000002bd990c5334: 88ff e8c5 

  0x000002bd990c5338: ; ImmutableOopMap {r8=Oop r9=Oop rdi=Oop rsi=Oop [72]=Oop [80]=Oop [88]=Oop [96]=Oop }
                      ;*getfield customized {reexecute=1 rethrow=0 return_oop=0}
                      ; - (reexecute) java.lang.invoke.Invokers::checkCustomized@12 (line 626)
                      ; - java.lang.invoke.Invokers$Holder::invokeExact_MT@14
                      ;   {internal_word}
  0x000002bd990c5338: c888 ff49 | badc 520c | 99bd 0200 | 004d 8997 | 6004 0000 

  0x000002bd990c534c: ;   {runtime_call SafepointBlob}
  0x000002bd990c534c: e9af 037d 

  0x000002bd990c5350: ;   {runtime_call throw_null_pointer_exception Runtime1 stub}
  0x000002bd990c5350: ffe8 aac8 

  0x000002bd990c5354: ; ImmutableOopMap {rax=Oop [72]=Oop [80]=Oop [88]=Oop [96]=Oop [104]=Oop [112]=Oop }
                      ;*athrow {reexecute=1 rethrow=0 return_oop=0}
                      ; - (reexecute) java.lang.invoke.Invokers::checkExactType@15 (line 531)
                      ; - java.lang.invoke.Invokers$Holder::invokeExact_MT@10
  0x000002bd990c5354: 88ff 498b | 87f8 0400 | 0049 c787 | f804 0000 | 0000 0000 | 49c7 8700 | 0500 0000 | 0000 0048 
  0x000002bd990c5374: 81c4 8000 

  0x000002bd990c5378: ;   {runtime_call unwind_exception Runtime1 stub}
  0x000002bd990c5378: 0000 5de9 | 80b9 88ff 
[Stub Code]
  0x000002bd990c5380: ;   {no_reloc}
  0x000002bd990c5380: 48bb 0000 | 0000 0000 

  0x000002bd990c5388: ;   {runtime_call nmethod}
  0x000002bd990c5388: 0000 e9fb 

  0x000002bd990c538c: ;   {static_stub}
  0x000002bd990c538c: ffff ff48 | bb00 0000 | 0000 0000 

  0x000002bd990c5398: ;   {runtime_call nmethod}
  0x000002bd990c5398: 00e9 fbff 

  0x000002bd990c539c: ;   {static_stub}
  0x000002bd990c539c: ffff 48bb | 0000 0000 | 0000 0000 

  0x000002bd990c53a8: ;   {runtime_call nmethod}
  0x000002bd990c53a8: e9fb ffff 

  0x000002bd990c53ac: ;   {runtime_call handle_exception_from_callee Runtime1 stub}
  0x000002bd990c53ac: ffe8 cefc 

  0x000002bd990c53b0: ;   {external_word}
  0x000002bd990c53b0: 88ff 48b9 | 506f 4b50 | fe7f 0000 | 4883 e4f0 

  0x000002bd990c53c0: ;   {runtime_call}
  0x000002bd990c53c0: 48b8 d040 | 0e50 fe7f | 0000 ffd0 

  0x000002bd990c53cc: ;   {section_word}
  0x000002bd990c53cc: f449 bacd | 530c 99bd | 0200 0041 

  0x000002bd990c53d8: ;   {runtime_call DeoptimizationBlob}
  0x000002bd990c53d8: 52e9 c2f5 

  0x000002bd990c53dc: ;   {section_word}
  0x000002bd990c53dc: 7cff 49ba | de53 0c99 | bd02 0000 

  0x000002bd990c53e8: ;   {runtime_call DeoptimizationBlob}
  0x000002bd990c53e8: 4152 e9b1 | f57c fff4 
[/MachCode]


---------------  P R O C E S S  ---------------

Threads class SMR info:
_java_thread_list=0x000002bdeacdd560, length=79, elements={
0x000002bd9015e000, 0x000002bda33e3c10, 0x000002bda33e6be0, 0x000002bda33e81c0,
0x000002bda33e9f80, 0x000002bda33eab80, 0x000002bda33eb8b0, 0x000002bda33f54e0,
0x000002bda35fd900, 0x000002bda3602970, 0x000002bde90fc7b0, 0x000002bde9127290,
0x000002bde9129a30, 0x000002bde91bd520, 0x000002bda3603040, 0x000002bda3600e30,
0x000002bde92aa750, 0x000002bde9ddfe20, 0x000002bde9de0480, 0x000002bde9db23c0,
0x000002bdea543f90, 0x000002bdeaa21600, 0x000002bdeaa20f70, 0x000002bdeaa23040,
0x000002bdeaa229b0, 0x000002bdeaa208e0, 0x000002bdeaa22320, 0x000002bdeaa20250,
0x000002bdeaa21c90, 0x000002bdeaa1fbc0, 0x000002bdea87d3c0, 0x000002bdea879f40,
0x000002bdea87a5d0, 0x000002bdea87ac60, 0x000002bdea87b2f0, 0x000002bdea87b980,
0x000002bdea87c6a0, 0x000002bdea87cd30, 0x000002bdea87c010, 0x000002bdeacbfcc0,
0x000002bdeacc3140, 0x000002bdeacbced0, 0x000002bdeacc1d90, 0x000002bdeacbf630,
0x000002bdeacc3e60, 0x000002bdeacbe280, 0x000002bdeacc37d0, 0x000002bdeacbefa0,
0x000002bdeacbe910, 0x000002bdeacc2420, 0x000002bdeacc44f0, 0x000002bdeacc0350,
0x000002bdeacc09e0, 0x000002bdeacbd560, 0x000002bdeacc1070, 0x000002bdeacbdbf0,
0x000002bdeacc2ab0, 0x000002bdeacc1700, 0x000002bdead9c330, 0x000002bdead9a260,
0x000002bdead9c9c0, 0x000002bdead9d050, 0x000002bdead99bd0, 0x000002bdead9a8f0,
0x000002bdead9af80, 0x000002bdead9b610, 0x000002bdead9bca0, 0x000002bdeadf4ff0,
0x000002bdeadf0e50, 0x000002bdeadf1b70, 0x000002bdeadf0130, 0x000002bdeadf4960,
0x000002bdeadf35b0, 0x000002bdeadf5680, 0x000002bdeadf14e0, 0x000002bdeadf5d10,
0x000002bdeadf2f20, 0x000002bdeadf63a0, 0x000002bdeadf3c40
}
_to_delete_list=0x000002bdeadbe6d0
Skipping _to_delete_list fields and contents for safety.

Java Threads: ( => current thread )
  0x000002bd9015e000 JavaThread "main"                              [_thread_blocked, id=32852, stack(0x000000d517600000,0x000000d517700000) (1024K)]
  0x000002bda33e3c10 JavaThread "Reference Handler"          daemon [_thread_blocked, id=23224, stack(0x000000d517e00000,0x000000d517f00000) (1024K)]
  0x000002bda33e6be0 JavaThread "Finalizer"                  daemon [_thread_blocked, id=32896, stack(0x000000d517f00000,0x000000d518000000) (1024K)]
  0x000002bda33e81c0 JavaThread "Signal Dispatcher"          daemon [_thread_blocked, id=31300, stack(0x000000d518000000,0x000000d518100000) (1024K)]
  0x000002bda33e9f80 JavaThread "Attach Listener"            daemon [_thread_blocked, id=20828, stack(0x000000d518100000,0x000000d518200000) (1024K)]
  0x000002bda33eab80 JavaThread "Service Thread"             daemon [_thread_blocked, id=33796, stack(0x000000d518200000,0x000000d518300000) (1024K)]
  0x000002bda33eb8b0 JavaThread "Monitor Deflation Thread"   daemon [_thread_blocked, id=29612, stack(0x000000d518300000,0x000000d518400000) (1024K)]
  0x000002bda33f54e0 JavaThread "C1 CompilerThread0"         daemon [_thread_blocked, id=28832, stack(0x000000d518400000,0x000000d518500000) (1024K)]
  0x000002bda35fd900 JavaThread "Common-Cleaner"             daemon [_thread_blocked, id=27692, stack(0x000000d518500000,0x000000d518600000) (1024K)]
  0x000002bda3602970 JavaThread "C1 CompilerThread1"         daemon [_thread_blocked, id=24960, stack(0x000000d518600000,0x000000d518700000) (1024K)]
  0x000002bde90fc7b0 JavaThread "JDWP Transport Listener: dt_socket" daemon [_thread_in_native, id=34388, stack(0x000000d518700000,0x000000d518800000) (1024K)]
  0x000002bde9127290 JavaThread "JDWP Event Helper Thread"   daemon [_thread_blocked, id=34004, stack(0x000000d518800000,0x000000d518900000) (1024K)]
  0x000002bde9129a30 JavaThread "Notification Thread"        daemon [_thread_blocked, id=24328, stack(0x000000d518900000,0x000000d518a00000) (1024K)]
  0x000002bde91bd520 JavaThread "Reference Reaper #1"        daemon [_thread_blocked, id=34580, stack(0x000000d518a00000,0x000000d518b00000) (1024K)]
  0x000002bda3603040 JavaThread "C1 CompilerThread2"         daemon [_thread_blocked, id=32080, stack(0x000000d518b00000,0x000000d518c00000) (1024K)]
  0x000002bda3600e30 JavaThread "C1 CompilerThread3"         daemon [_thread_blocked, id=21888, stack(0x000000d518c00000,0x000000d518d00000) (1024K)]
  0x000002bde92aa750 JavaThread "Quarkus Devmode keep alive thread"        [_thread_blocked, id=29128, stack(0x000000d519400000,0x000000d519500000) (1024K)]
  0x000002bde9ddfe20 JavaThread "ForkJoinPool.commonPool-worker-1" daemon [_thread_blocked, id=30856, stack(0x000000d519500000,0x000000d519600000) (1024K)]
  0x000002bde9de0480 JavaThread "ForkJoinPool.commonPool-worker-2" daemon [_thread_blocked, id=4944, stack(0x000000d519600000,0x000000d519700000) (1024K)]
  0x000002bde9db23c0 JavaThread "ForkJoinPool.commonPool-worker-3" daemon [_thread_blocked, id=25424, stack(0x000000d519700000,0x000000d519800000) (1024K)]
  0x000002bdea543f90 JavaThread "build-2"                           [_thread_blocked, id=34712, stack(0x000000d519900000,0x000000d519a00000) (1024K)]
  0x000002bdeaa21600 JavaThread "build-3"                           [_thread_blocked, id=20724, stack(0x000000d519a00000,0x000000d519b00000) (1024K)]
  0x000002bdeaa20f70 JavaThread "build-4"                           [_thread_blocked, id=30396, stack(0x000000d519b00000,0x000000d519c00000) (1024K)]
  0x000002bdeaa23040 JavaThread "build-5"                           [_thread_blocked, id=34408, stack(0x000000d519c00000,0x000000d519d00000) (1024K)]
  0x000002bdeaa229b0 JavaThread "build-6"                           [_thread_blocked, id=33652, stack(0x000000d519d00000,0x000000d519e00000) (1024K)]
  0x000002bdeaa208e0 JavaThread "build-7"                           [_thread_blocked, id=30828, stack(0x000000d519e00000,0x000000d519f00000) (1024K)]
  0x000002bdeaa22320 JavaThread "build-8"                           [_thread_blocked, id=16536, stack(0x000000d519f00000,0x000000d51a000000) (1024K)]
  0x000002bdeaa20250 JavaThread "build-9"                           [_thread_blocked, id=34400, stack(0x000000d51a000000,0x000000d51a100000) (1024K)]
  0x000002bdeaa21c90 JavaThread "build-10"                          [_thread_blocked, id=25556, stack(0x000000d51a100000,0x000000d51a200000) (1024K)]
  0x000002bdeaa1fbc0 JavaThread "build-11"                          [_thread_blocked, id=33940, stack(0x000000d51a200000,0x000000d51a300000) (1024K)]
  0x000002bdea87d3c0 JavaThread "build-12"                          [_thread_blocked, id=34036, stack(0x000000d51a300000,0x000000d51a400000) (1024K)]
  0x000002bdea879f40 JavaThread "build-13"                          [_thread_blocked, id=28104, stack(0x000000d51a400000,0x000000d51a500000) (1024K)]
  0x000002bdea87a5d0 JavaThread "build-14"                          [_thread_blocked, id=26080, stack(0x000000d51a500000,0x000000d51a600000) (1024K)]
  0x000002bdea87ac60 JavaThread "build-15"                          [_thread_blocked, id=26428, stack(0x000000d51a600000,0x000000d51a700000) (1024K)]
  0x000002bdea87b2f0 JavaThread "build-16"                          [_thread_blocked, id=7356, stack(0x000000d51a700000,0x000000d51a800000) (1024K)]
  0x000002bdea87b980 JavaThread "build-17"                          [_thread_blocked, id=33208, stack(0x000000d51a800000,0x000000d51a900000) (1024K)]
  0x000002bdea87c6a0 JavaThread "build-18"                          [_thread_blocked, id=33312, stack(0x000000d51a900000,0x000000d51aa00000) (1024K)]
  0x000002bdea87cd30 JavaThread "build-19"                          [_thread_blocked, id=27808, stack(0x000000d51aa00000,0x000000d51ab00000) (1024K)]
  0x000002bdea87c010 JavaThread "build-20"                          [_thread_blocked, id=368, stack(0x000000d51ab00000,0x000000d51ac00000) (1024K)]
  0x000002bdeacbfcc0 JavaThread "build-21"                          [_thread_blocked, id=23640, stack(0x000000d51ac00000,0x000000d51ad00000) (1024K)]
  0x000002bdeacc3140 JavaThread "build-22"                          [_thread_blocked, id=33200, stack(0x000000d51ad00000,0x000000d51ae00000) (1024K)]
  0x000002bdeacbced0 JavaThread "build-23"                          [_thread_blocked, id=34264, stack(0x000000d51ae00000,0x000000d51af00000) (1024K)]
  0x000002bdeacc1d90 JavaThread "build-24"                          [_thread_blocked, id=21172, stack(0x000000d51af00000,0x000000d51b000000) (1024K)]
  0x000002bdeacbf630 JavaThread "build-25"                          [_thread_blocked, id=24264, stack(0x000000d51b000000,0x000000d51b100000) (1024K)]
  0x000002bdeacc3e60 JavaThread "build-26"                          [_thread_blocked, id=34540, stack(0x000000d51b100000,0x000000d51b200000) (1024K)]
  0x000002bdeacbe280 JavaThread "build-27"                          [_thread_blocked, id=27296, stack(0x000000d51b200000,0x000000d51b300000) (1024K)]
  0x000002bdeacc37d0 JavaThread "build-28"                          [_thread_blocked, id=31436, stack(0x000000d51b300000,0x000000d51b400000) (1024K)]
  0x000002bdeacbefa0 JavaThread "build-29"                          [_thread_blocked, id=26888, stack(0x000000d51b400000,0x000000d51b500000) (1024K)]
  0x000002bdeacbe910 JavaThread "build-30"                          [_thread_blocked, id=29216, stack(0x000000d51b500000,0x000000d51b600000) (1024K)]
  0x000002bdeacc2420 JavaThread "build-31"                          [_thread_blocked, id=27940, stack(0x000000d51b600000,0x000000d51b700000) (1024K)]
  0x000002bdeacc44f0 JavaThread "build-32"                          [_thread_blocked, id=30016, stack(0x000000d51b700000,0x000000d51b800000) (1024K)]
  0x000002bdeacc0350 JavaThread "build-33"                          [_thread_blocked, id=31852, stack(0x000000d51b800000,0x000000d51b900000) (1024K)]
  0x000002bdeacc09e0 JavaThread "build-34"                          [_thread_blocked, id=24908, stack(0x000000d51b900000,0x000000d51ba00000) (1024K)]
  0x000002bdeacbd560 JavaThread "build-35"                          [_thread_blocked, id=32568, stack(0x000000d51ba00000,0x000000d51bb00000) (1024K)]
  0x000002bdeacc1070 JavaThread "build-36"                          [_thread_blocked, id=32388, stack(0x000000d51bb00000,0x000000d51bc00000) (1024K)]
  0x000002bdeacbdbf0 JavaThread "build-37"                          [_thread_blocked, id=24940, stack(0x000000d51bc00000,0x000000d51bd00000) (1024K)]
  0x000002bdeacc2ab0 JavaThread "build-38"                          [_thread_blocked, id=32888, stack(0x000000d51bd00000,0x000000d51be00000) (1024K)]
  0x000002bdeacc1700 JavaThread "build-39"                          [_thread_blocked, id=32428, stack(0x000000d51be00000,0x000000d51bf00000) (1024K)]
  0x000002bdead9c330 JavaThread "build-40"                          [_thread_blocked, id=31676, stack(0x000000d51bf00000,0x000000d51c000000) (1024K)]
  0x000002bdead9a260 JavaThread "build-41"                          [_thread_blocked, id=19192, stack(0x000000d51c000000,0x000000d51c100000) (1024K)]
  0x000002bdead9c9c0 JavaThread "build-42"                          [_thread_blocked, id=34196, stack(0x000000d51c100000,0x000000d51c200000) (1024K)]
  0x000002bdead9d050 JavaThread "build-43"                          [_thread_blocked, id=26148, stack(0x000000d51c200000,0x000000d51c300000) (1024K)]
  0x000002bdead99bd0 JavaThread "build-44"                          [_thread_blocked, id=29632, stack(0x000000d51c300000,0x000000d51c400000) (1024K)]
=>0x000002bdead9a8f0 JavaThread "build-45"                          [_thread_in_vm, id=22012, stack(0x000000d51c400000,0x000000d51c500000) (1024K)]
  0x000002bdead9af80 JavaThread "build-46"                          [_thread_blocked, id=34156, stack(0x000000d51c500000,0x000000d51c600000) (1024K)]
  0x000002bdead9b610 JavaThread "build-47"                          [_thread_blocked, id=33480, stack(0x000000d51c600000,0x000000d51c700000) (1024K)]
  0x000002bdead9bca0 JavaThread "build-48"                          [_thread_blocked, id=25060, stack(0x000000d51c700000,0x000000d51c800000) (1024K)]
  0x000002bdeadf4ff0 JavaThread "build-49"                          [_thread_blocked, id=31332, stack(0x000000d51c800000,0x000000d51c900000) (1024K)]
  0x000002bdeadf0e50 JavaThread "build-50"                          [_thread_blocked, id=31280, stack(0x000000d51c900000,0x000000d51ca00000) (1024K)]
  0x000002bdeadf1b70 JavaThread "build-51"                          [_thread_blocked, id=34624, stack(0x000000d51ca00000,0x000000d51cb00000) (1024K)]
  0x000002bdeadf0130 JavaThread "build-52"                          [_thread_blocked, id=31868, stack(0x000000d51cb00000,0x000000d51cc00000) (1024K)]
  0x000002bdeadf4960 JavaThread "build-53"                          [_thread_blocked, id=34272, stack(0x000000d51cc00000,0x000000d51cd00000) (1024K)]
  0x000002bdeadf35b0 JavaThread "build-54"                          [_thread_blocked, id=25972, stack(0x000000d51cd00000,0x000000d51ce00000) (1024K)]
  0x000002bdeadf5680 JavaThread "build-55"                          [_thread_blocked, id=31784, stack(0x000000d51ce00000,0x000000d51cf00000) (1024K)]
  0x000002bdeadf14e0 JavaThread "build-56"                          [_thread_blocked, id=33776, stack(0x000000d51cf00000,0x000000d51d000000) (1024K)]
  0x000002bdeadf5d10 JavaThread "build-57"                          [_thread_blocked, id=28060, stack(0x000000d51d000000,0x000000d51d100000) (1024K)]
  0x000002bdeadf2f20 JavaThread "build-58"                          [_thread_blocked, id=34508, stack(0x000000d51d100000,0x000000d51d200000) (1024K)]
  0x000002bdeadf63a0 JavaThread "build-59"                          [_thread_blocked, id=16956, stack(0x000000d51d200000,0x000000d51d300000) (1024K)]
  0x000002bdeadf3c40 JavaThread "build-60"                          [_thread_blocked, id=32284, stack(0x000000d51d300000,0x000000d51d400000) (1024K)]
Total: 79

Other Threads:
  0x000002bda33c7fe0 VMThread "VM Thread"                           [id=24392, stack(0x000000d517d00000,0x000000d517e00000) (1024K)] _threads_hazard_ptr=0x000002bdeacdd560
  0x000002bda33b4550 WatcherThread "VM Periodic Task Thread"        [id=33180, stack(0x000000d517c00000,0x000000d517d00000) (1024K)]
  0x000002bd901c32a0 WorkerThread "GC Thread#0"                     [id=32112, stack(0x000000d517700000,0x000000d517800000) (1024K)]
  0x000002bde92e3440 WorkerThread "GC Thread#1"                     [id=27988, stack(0x000000d518d00000,0x000000d518e00000) (1024K)]
  0x000002bde92e37e0 WorkerThread "GC Thread#2"                     [id=26884, stack(0x000000d518e00000,0x000000d518f00000) (1024K)]
  0x000002bde92e3b80 WorkerThread "GC Thread#3"                     [id=8696, stack(0x000000d518f00000,0x000000d519000000) (1024K)]
  0x000002bde92e3f20 WorkerThread "GC Thread#4"                     [id=33600, stack(0x000000d519000000,0x000000d519100000) (1024K)]
  0x000002bde92e42c0 WorkerThread "GC Thread#5"                     [id=31428, stack(0x000000d519100000,0x000000d519200000) (1024K)]
  0x000002bde9348c90 WorkerThread "GC Thread#6"                     [id=33528, stack(0x000000d519200000,0x000000d519300000) (1024K)]
  0x000002bde934b4c0 WorkerThread "GC Thread#7"                     [id=34708, stack(0x000000d519300000,0x000000d519400000) (1024K)]
  0x000002bd901d66c0 ConcurrentGCThread "G1 Main Marker"            [id=32560, stack(0x000000d517800000,0x000000d517900000) (1024K)]
  0x000002bd901d71c0 WorkerThread "G1 Conc#0"                       [id=34480, stack(0x000000d517900000,0x000000d517a00000) (1024K)]
  0x000002bde9ec78c0 WorkerThread "G1 Conc#1"                       [id=25080, stack(0x000000d519800000,0x000000d519900000) (1024K)]
  0x000002bd9021e9e0 ConcurrentGCThread "G1 Refine#0"               [id=30796, stack(0x000000d517a00000,0x000000d517b00000) (1024K)]
  0x000002bda3276bf0 ConcurrentGCThread "G1 Service"                [id=15316, stack(0x000000d517b00000,0x000000d517c00000) (1024K)]
Total: 15

Threads with active compile tasks:
C1 CompilerThread1  3217 3902       1       org.jboss.jandex.IndexReaderV2::readFieldEntry (70 bytes)
Total: 1

VM state: synchronizing (normal execution)

VM Mutex/Monitor currently owned by a thread:  ([mutex/lock_event])
[0x00007ffe5076d380] Threads_lock - owner thread: 0x000002bda33c7fe0
[0x00007ffe5076d480] Heap_lock - owner thread: 0x000002bdeacc1700

Heap address: 0x0000000701200000, size: 4078 MB, Compressed Oops mode: Zero based, Oop shift amount: 3

CDS archive(s) mapped at: [0x000002bda4000000-0x000002bda4c80000-0x000002bda4c80000), size 13107200, SharedBaseAddress: 0x000002bda4000000, ArchiveRelocationMode: 1.
Compressed class space mapped at: 0x000002bda5000000-0x000002bde5000000, reserved size: 1073741824
Narrow klass base: 0x000002bda4000000, Narrow klass shift: 0, Narrow klass range: 0x100000000

GC Precious Log:
 CardTable entry size: 512
 Card Set container configuration: InlinePtr #cards 4 size 8 Array Of Cards #cards 16 size 48 Howl #buckets 8 coarsen threshold 3686 Howl Bitmap #cards 512 size 80 coarsen threshold 460 Card regions per heap region 1 cards per card region 4096
 CPUs: 8 total, 8 available
 Memory: 16304M
 Large Page Support: Disabled
 NUMA Support: Disabled
 Compressed Oops: Enabled (Zero based)
 Heap Region Size: 2M
 Heap Min Capacity: 8M
 Heap Initial Capacity: 256M
 Heap Max Capacity: 4078M
 Pre-touch: Disabled
 Parallel Workers: 8
 Concurrent Workers: 2
 Concurrent Refinement Workers: 8
 Periodic GC: Disabled

Heap:
 garbage-first heap   total 108544K, used 40546K [0x0000000701200000, 0x0000000800000000)
  region size 2048K, 8 young (16384K), 4 survivors (8192K)
 Metaspace       used 20837K, committed 21824K, reserved 1114112K
  class space    used 2971K, committed 3456K, reserved 1048576K

Heap Regions: E=young(eden), S=young(survivor), O=old, HS=humongous(starts), HC=humongous(continues), CS=collection set, F=free, TAMS=top-at-mark-start, PB=parsable bottom
|   0|0x0000000701200000, 0x0000000701400000, 0x0000000701400000|100%| O|  |TAMS 0x0000000701400000| PB 0x0000000701200000| Untracked 
|   1|0x0000000701400000, 0x0000000701600000, 0x0000000701600000|100%| O|  |TAMS 0x0000000701600000| PB 0x0000000701400000| Untracked 
|   2|0x0000000701600000, 0x0000000701800000, 0x0000000701800000|100%| O|  |TAMS 0x0000000701800000| PB 0x0000000701600000| Untracked 
|   3|0x0000000701800000, 0x0000000701a00000, 0x0000000701a00000|100%| O|  |TAMS 0x0000000701a00000| PB 0x0000000701800000| Untracked 
|   4|0x0000000701a00000, 0x0000000701c00000, 0x0000000701c00000|100%| O|  |TAMS 0x0000000701c00000| PB 0x0000000701a00000| Untracked 
|   5|0x0000000701c00000, 0x0000000701e00000, 0x0000000701e00000|100%| O|  |TAMS 0x0000000701e00000| PB 0x0000000701c00000| Untracked 
|   6|0x0000000701e00000, 0x0000000702000000, 0x0000000702000000|100%| O|  |TAMS 0x0000000702000000| PB 0x0000000701e00000| Untracked 
|   7|0x0000000702000000, 0x0000000702200000, 0x0000000702200000|100%| O|  |TAMS 0x0000000702200000| PB 0x0000000702000000| Untracked 
|   8|0x0000000702200000, 0x0000000702398870, 0x0000000702400000| 79%| O|  |TAMS 0x0000000702200000| PB 0x0000000702200000| Untracked 
|   9|0x0000000702400000, 0x0000000702600000, 0x0000000702600000|100%| O|  |TAMS 0x0000000702600000| PB 0x0000000702400000| Untracked 
|  10|0x0000000702600000, 0x0000000702800000, 0x0000000702800000|100%| O|  |TAMS 0x0000000702800000| PB 0x0000000702600000| Untracked 
|  11|0x0000000702800000, 0x0000000702a00000, 0x0000000702a00000|100%| O|  |TAMS 0x0000000702a00000| PB 0x0000000702800000| Untracked 
|  12|0x0000000702a00000, 0x0000000702c00000, 0x0000000702c00000|100%| O|  |TAMS 0x0000000702b01e78| PB 0x0000000702a00000| Untracked 
|  13|0x0000000702c00000, 0x0000000702c00000, 0x0000000702e00000|  0%| F|  |TAMS 0x0000000702c00000| PB 0x0000000702c00000| Untracked 
|  14|0x0000000702e00000, 0x0000000702e00000, 0x0000000703000000|  0%| F|  |TAMS 0x0000000702e00000| PB 0x0000000702e00000| Untracked 
|  15|0x0000000703000000, 0x0000000703000000, 0x0000000703200000|  0%| F|  |TAMS 0x0000000703000000| PB 0x0000000703000000| Untracked 
|  16|0x0000000703200000, 0x0000000703200000, 0x0000000703400000|  0%| F|  |TAMS 0x0000000703200000| PB 0x0000000703200000| Untracked 
|  17|0x0000000703400000, 0x0000000703400000, 0x0000000703600000|  0%| F|  |TAMS 0x0000000703400000| PB 0x0000000703400000| Untracked 
|  18|0x0000000703600000, 0x0000000703600000, 0x0000000703800000|  0%| F|  |TAMS 0x0000000703600000| PB 0x0000000703600000| Untracked 
|  19|0x0000000703800000, 0x0000000703800000, 0x0000000703a00000|  0%| F|  |TAMS 0x0000000703800000| PB 0x0000000703800000| Untracked 
|  20|0x0000000703a00000, 0x0000000703a00000, 0x0000000703c00000|  0%| F|  |TAMS 0x0000000703a00000| PB 0x0000000703a00000| Untracked 
|  21|0x0000000703c00000, 0x0000000703c00000, 0x0000000703e00000|  0%| F|  |TAMS 0x0000000703c00000| PB 0x0000000703c00000| Untracked 
|  22|0x0000000703e00000, 0x0000000703e00000, 0x0000000704000000|  0%| F|  |TAMS 0x0000000703e00000| PB 0x0000000703e00000| Untracked 
|  23|0x0000000704000000, 0x0000000704000000, 0x0000000704200000|  0%| F|  |TAMS 0x0000000704000000| PB 0x0000000704000000| Untracked 
|  24|0x0000000704200000, 0x0000000704200000, 0x0000000704400000|  0%| F|  |TAMS 0x0000000704200000| PB 0x0000000704200000| Untracked 
|  25|0x0000000704400000, 0x0000000704400000, 0x0000000704600000|  0%| F|  |TAMS 0x0000000704400000| PB 0x0000000704400000| Untracked 
|  26|0x0000000704600000, 0x0000000704600000, 0x0000000704800000|  0%| F|  |TAMS 0x0000000704600000| PB 0x0000000704600000| Untracked 
|  27|0x0000000704800000, 0x0000000704800000, 0x0000000704a00000|  0%| F|  |TAMS 0x0000000704800000| PB 0x0000000704800000| Untracked 
|  28|0x0000000704a00000, 0x0000000704a00000, 0x0000000704c00000|  0%| F|  |TAMS 0x0000000704a00000| PB 0x0000000704a00000| Untracked 
|  29|0x0000000704c00000, 0x0000000704c00000, 0x0000000704e00000|  0%| F|  |TAMS 0x0000000704c00000| PB 0x0000000704c00000| Untracked 
|  30|0x0000000704e00000, 0x0000000704e00000, 0x0000000705000000|  0%| F|  |TAMS 0x0000000704e00000| PB 0x0000000704e00000| Untracked 
|  31|0x0000000705000000, 0x0000000705000000, 0x0000000705200000|  0%| F|  |TAMS 0x0000000705000000| PB 0x0000000705000000| Untracked 
|  32|0x0000000705200000, 0x0000000705400000, 0x0000000705400000|100%| S|CS|TAMS 0x0000000705200000| PB 0x0000000705200000| Complete 
|  33|0x0000000705400000, 0x0000000705600000, 0x0000000705600000|100%| S|CS|TAMS 0x0000000705400000| PB 0x0000000705400000| Complete 
|  34|0x0000000705600000, 0x0000000705800000, 0x0000000705800000|100%| S|CS|TAMS 0x0000000705600000| PB 0x0000000705600000| Complete 
|  35|0x0000000705800000, 0x0000000705a00000, 0x0000000705a00000|100%| S|CS|TAMS 0x0000000705800000| PB 0x0000000705800000| Complete 
|  36|0x0000000705a00000, 0x0000000705a00000, 0x0000000705c00000|  0%| F|  |TAMS 0x0000000705a00000| PB 0x0000000705a00000| Untracked 
|  37|0x0000000705c00000, 0x0000000705c00000, 0x0000000705e00000|  0%| F|  |TAMS 0x0000000705c00000| PB 0x0000000705c00000| Untracked 
|  38|0x0000000705e00000, 0x0000000705e00000, 0x0000000706000000|  0%| F|  |TAMS 0x0000000705e00000| PB 0x0000000705e00000| Untracked 
|  39|0x0000000706000000, 0x0000000706000000, 0x0000000706200000|  0%| F|  |TAMS 0x0000000706000000| PB 0x0000000706000000| Untracked 
|  40|0x0000000706200000, 0x0000000706200000, 0x0000000706400000|  0%| F|  |TAMS 0x0000000706200000| PB 0x0000000706200000| Untracked 
|  41|0x0000000706400000, 0x0000000706400000, 0x0000000706600000|  0%| F|  |TAMS 0x0000000706400000| PB 0x0000000706400000| Untracked 
|  42|0x0000000706600000, 0x0000000706600000, 0x0000000706800000|  0%| F|  |TAMS 0x0000000706600000| PB 0x0000000706600000| Untracked 
|  43|0x0000000706800000, 0x0000000706800000, 0x0000000706a00000|  0%| F|  |TAMS 0x0000000706800000| PB 0x0000000706800000| Untracked 
|  44|0x0000000706a00000, 0x0000000706a00000, 0x0000000706c00000|  0%| F|  |TAMS 0x0000000706a00000| PB 0x0000000706a00000| Untracked 
|  45|0x0000000706c00000, 0x0000000706c00000, 0x0000000706e00000|  0%| F|  |TAMS 0x0000000706c00000| PB 0x0000000706c00000| Untracked 
|  46|0x0000000706e00000, 0x0000000706e00000, 0x0000000707000000|  0%| F|  |TAMS 0x0000000706e00000| PB 0x0000000706e00000| Untracked 
|  47|0x0000000707000000, 0x0000000707000000, 0x0000000707200000|  0%| F|  |TAMS 0x0000000707000000| PB 0x0000000707000000| Untracked 
| 107|0x000000070e800000, 0x000000070e800000, 0x000000070ea00000|  0%| F|  |TAMS 0x000000070e800000| PB 0x000000070e800000| Untracked 
| 111|0x000000070f000000, 0x000000070f165268, 0x000000070f200000| 69%| E|  |TAMS 0x000000070f000000| PB 0x000000070f000000| Complete 
| 112|0x000000070f200000, 0x000000070f400000, 0x000000070f400000|100%| E|CS|TAMS 0x000000070f200000| PB 0x000000070f200000| Complete 
| 113|0x000000070f400000, 0x000000070f600000, 0x000000070f600000|100%| E|CS|TAMS 0x000000070f400000| PB 0x000000070f400000| Complete 
| 127|0x0000000711000000, 0x0000000711200000, 0x0000000711200000|100%| E|CS|TAMS 0x0000000711000000| PB 0x0000000711000000| Complete 

Card table byte_map: [0x000002bd9c150000,0x000002bd9c950000] _byte_map_base: 0x000002bd98947000

Marking Bits: (CMBitMap*) 0x000002bd901c39a0
 Bits: [0x000002bd9c950000, 0x000002bda0908000)

Polling page: 0x000002bd8e0a0000

Metaspace:

Usage:
  Non-class:     17.45 MB used.
      Class:      2.90 MB used.
       Both:     20.35 MB used.

Virtual space:
  Non-class space:       64.00 MB reserved,      17.94 MB ( 28%) committed,  1 nodes.
      Class space:        1.00 GB reserved,       3.38 MB ( <1%) committed,  1 nodes.
             Both:        1.06 GB reserved,      21.31 MB (  2%) committed. 

Chunk freelists:
   Non-Class:  13.88 MB
       Class:  12.48 MB
        Both:  26.36 MB

MaxMetaspaceSize: unlimited
CompressedClassSpaceSize: 1.00 GB
Initial GC threshold: 21.00 MB
Current GC threshold: 21.31 MB
CDS: on
 - commit_granule_bytes: 65536.
 - commit_granule_words: 8192.
 - virtual_space_node_default_size: 8388608.
 - enlarge_chunks_in_place: 1.
 - use_allocation_guard: 0.


Internal statistics:

num_allocs_failed_limit: 5.
num_arena_births: 1486.
num_arena_deaths: 0.
num_vsnodes_births: 2.
num_vsnodes_deaths: 0.
num_space_committed: 341.
num_space_uncommitted: 0.
num_chunks_returned_to_freelist: 5.
num_chunks_taken_from_freelist: 2744.
num_chunk_merges: 5.
num_chunk_splits: 1554.
num_chunks_enlarged: 671.
num_inconsistent_stats: 0.

CodeCache: size=49152Kb used=9677Kb max_used=9677Kb free=39474Kb
 bounds [0x000002bd98840000, 0x000002bd991c0000, 0x000002bd9b840000]
 total_blobs=4424 nmethods=3890 adapters=455
 compilation: enabled
              stopped_count=0, restarted_count=0
 full_count=0

Compilation events (20 events):
Event: 3.152 Thread 0x000002bda3600e30 3883       1       org.objectweb.asm.MethodWriter::visitTryCatchBlock (67 bytes)
Event: 3.152 Thread 0x000002bda33f54e0 3884       1       org.objectweb.asm.Handler::<init> (32 bytes)
Event: 3.152 Thread 0x000002bda33f54e0 nmethod 3884 0x000002bd991a5190 code [0x000002bd991a5340, 0x000002bd991a5598]
Event: 3.153 Thread 0x000002bda3600e30 nmethod 3883 0x000002bd991a5610 code [0x000002bd991a57e0, 0x000002bd991a5cc8]
Event: 3.154 Thread 0x000002bda3602970 3885       1       org.jboss.jandex.MethodInfo::setMethodInternal (6 bytes)
Event: 3.154 Thread 0x000002bda3602970 nmethod 3885 0x000002bd991a5e90 code [0x000002bd991a6020, 0x000002bd991a6138]
Event: 3.155 Thread 0x000002bda33f54e0 3886       1       org.jboss.jandex.MethodInternal::<init> (201 bytes)
Event: 3.155 Thread 0x000002bda33f54e0 nmethod 3886 0x000002bd991a6190 code [0x000002bd991a6380, 0x000002bd991a6d10]
Event: 3.156 Thread 0x000002bda3602970 3887       1       org.jboss.jandex.MethodInternal::setParameterTypes (17 bytes)
Event: 3.156 Thread 0x000002bda3600e30 3888       1       org.jboss.jandex.IndexReaderV2::readMethodEntry (261 bytes)
Event: 3.156 Thread 0x000002bda3603040 3889       1       org.jboss.jandex.MethodInfo::<init> (5 bytes)
Event: 3.156 Thread 0x000002bda3602970 nmethod 3887 0x000002bd991a7010 code [0x000002bd991a71a0, 0x000002bd991a72d0]
Event: 3.156 Thread 0x000002bda33f54e0 3890       1       org.jboss.jandex.MethodInfo::setParameters (9 bytes)
Event: 3.156 Thread 0x000002bda3603040 nmethod 3889 0x000002bd991a7810 code [0x000002bd991a79a0, 0x000002bd991a7a68]
Event: 3.156 Thread 0x000002bda33f54e0 nmethod 3890 0x000002bd991a7b10 code [0x000002bd991a7ca0, 0x000002bd991a7de0]
Event: 3.157 Thread 0x000002bda3603040 3891       1       java.util.TimSort::sort (229 bytes)
Event: 3.157 Thread 0x000002bda33f54e0 3892       1       java.util.Arrays::sort (37 bytes)
Event: 3.157 Thread 0x000002bda3602970 3893       1       org.jboss.jandex.IndexReaderV2::readAnnotationValues (50 bytes)
Event: 3.158 Thread 0x000002bda33f54e0 nmethod 3892 0x000002bd991a7e90 code [0x000002bd991a8040, 0x000002bd991a81c8]
Event: 3.158 Thread 0x000002bda33f54e0 3894       1       org.jboss.jandex.AnnotationInstance::create (59 bytes)

GC Heap History (14 events):
Event: 1.354 GC heap before
{Heap before GC invocations=0 (full 0):
 garbage-first heap   total 262144K, used 20480K [0x0000000701200000, 0x0000000800000000)
  region size 2048K, 11 young (22528K), 0 survivors (0K)
 Metaspace       used 3847K, committed 4096K, reserved 1114112K
  class space    used 443K, committed 512K, reserved 1048576K
}
Event: 1.361 GC heap after
{Heap after GC invocations=1 (full 0):
 garbage-first heap   total 262144K, used 9711K [0x0000000701200000, 0x0000000800000000)
  region size 2048K, 2 young (4096K), 2 survivors (4096K)
 Metaspace       used 3847K, committed 4096K, reserved 1114112K
  class space    used 443K, committed 512K, reserved 1048576K
}
Event: 1.633 GC heap before
{Heap before GC invocations=1 (full 0):
 garbage-first heap   total 262144K, used 28143K [0x0000000701200000, 0x0000000800000000)
  region size 2048K, 12 young (24576K), 2 survivors (4096K)
 Metaspace       used 4134K, committed 4416K, reserved 1114112K
  class space    used 494K, committed 640K, reserved 1048576K
}
Event: 1.639 GC heap after
{Heap after GC invocations=2 (full 0):
 garbage-first heap   total 262144K, used 16381K [0x0000000701200000, 0x0000000800000000)
  region size 2048K, 2 young (4096K), 2 survivors (4096K)
 Metaspace       used 4134K, committed 4416K, reserved 1114112K
  class space    used 494K, committed 640K, reserved 1048576K
}
Event: 1.810 GC heap before
{Heap before GC invocations=2 (full 0):
 garbage-first heap   total 262144K, used 47101K [0x0000000701200000, 0x0000000800000000)
  region size 2048K, 17 young (34816K), 2 survivors (4096K)
 Metaspace       used 5235K, committed 5568K, reserved 1114112K
  class space    used 623K, committed 768K, reserved 1048576K
}
Event: 1.816 GC heap after
{Heap after GC invocations=3 (full 0):
 garbage-first heap   total 262144K, used 21316K [0x0000000701200000, 0x0000000800000000)
  region size 2048K, 3 young (6144K), 3 survivors (6144K)
 Metaspace       used 5235K, committed 5568K, reserved 1114112K
  class space    used 623K, committed 768K, reserved 1048576K
}
Event: 2.224 GC heap before
{Heap before GC invocations=3 (full 0):
 garbage-first heap   total 262144K, used 47940K [0x0000000701200000, 0x0000000800000000)
  region size 2048K, 17 young (34816K), 3 survivors (6144K)
 Metaspace       used 8907K, committed 9216K, reserved 1114112K
  class space    used 1147K, committed 1280K, reserved 1048576K
}
Event: 2.228 GC heap after
{Heap after GC invocations=4 (full 0):
 garbage-first heap   total 262144K, used 23400K [0x0000000701200000, 0x0000000800000000)
  region size 2048K, 4 young (8192K), 4 survivors (8192K)
 Metaspace       used 8907K, committed 9216K, reserved 1114112K
  class space    used 1147K, committed 1280K, reserved 1048576K
}
Event: 2.671 GC heap before
{Heap before GC invocations=5 (full 0):
 garbage-first heap   total 90112K, used 68456K [0x0000000701200000, 0x0000000800000000)
  region size 2048K, 26 young (53248K), 4 survivors (8192K)
 Metaspace       used 13388K, committed 13824K, reserved 1114112K
  class space    used 1717K, committed 1920K, reserved 1048576K
}
Event: 2.678 GC heap after
{Heap after GC invocations=6 (full 0):
 garbage-first heap   total 90112K, used 25672K [0x0000000701200000, 0x0000000800000000)
  region size 2048K, 3 young (6144K), 3 survivors (6144K)
 Metaspace       used 13388K, committed 13824K, reserved 1114112K
  class space    used 1717K, committed 1920K, reserved 1048576K
}
Event: 2.996 GC heap before
{Heap before GC invocations=6 (full 0):
 garbage-first heap   total 90112K, used 66632K [0x0000000701200000, 0x0000000800000000)
  region size 2048K, 24 young (49152K), 3 survivors (6144K)
 Metaspace       used 17879K, committed 18496K, reserved 1114112K
  class space    used 2464K, committed 2752K, reserved 1048576K
}
Event: 3.005 GC heap after
{Heap after GC invocations=7 (full 0):
 garbage-first heap   total 108544K, used 29703K [0x0000000701200000, 0x0000000800000000)
  region size 2048K, 3 young (6144K), 3 survivors (6144K)
 Metaspace       used 17879K, committed 18496K, reserved 1114112K
  class space    used 2464K, committed 2752K, reserved 1048576K
}
Event: 3.134 GC heap before
{Heap before GC invocations=7 (full 0):
 garbage-first heap   total 108544K, used 60423K [0x0000000701200000, 0x0000000800000000)
  region size 2048K, 20 young (40960K), 3 survivors (6144K)
 Metaspace       used 20540K, committed 21504K, reserved 1114112K
  class space    used 2932K, committed 3392K, reserved 1048576K
}
Event: 3.141 GC heap after
{Heap after GC invocations=8 (full 0):
 garbage-first heap   total 108544K, used 34402K [0x0000000701200000, 0x0000000800000000)
  region size 2048K, 4 young (8192K), 4 survivors (8192K)
 Metaspace       used 20540K, committed 21504K, reserved 1114112K
  class space    used 2932K, committed 3392K, reserved 1048576K
}

Dll operation events (11 events):
Event: 0.012 Loaded shared library C:\Program Files\Eclipse Adoptium\jdk-21.0.5.11-hotspot\bin\java.dll
Event: 0.098 Loaded shared library C:\Program Files\Eclipse Adoptium\jdk-21.0.5.11-hotspot\bin\zip.dll
Event: 0.100 Loaded shared library C:\Program Files\Eclipse Adoptium\jdk-21.0.5.11-hotspot\bin\instrument.dll
Event: 0.106 Loaded shared library C:\Program Files\Eclipse Adoptium\jdk-21.0.5.11-hotspot\bin\net.dll
Event: 0.108 Loaded shared library C:\Program Files\Eclipse Adoptium\jdk-21.0.5.11-hotspot\bin\nio.dll
Event: 0.112 Loaded shared library C:\Program Files\Eclipse Adoptium\jdk-21.0.5.11-hotspot\bin\zip.dll
Event: 0.191 Loaded shared library C:\Program Files\Eclipse Adoptium\jdk-21.0.5.11-hotspot\bin\jimage.dll
Event: 1.881 Loaded shared library C:\Program Files\Eclipse Adoptium\jdk-21.0.5.11-hotspot\bin\verify.dll
Event: 3.094 Loaded shared library C:\Program Files\Eclipse Adoptium\jdk-21.0.5.11-hotspot\bin\management.dll
Event: 3.100 Loaded shared library C:\Program Files\Eclipse Adoptium\jdk-21.0.5.11-hotspot\bin\management_ext.dll
Event: 3.151 Loaded shared library C:\Users\Anthimos Samaras\.gradle\native\jansi\1.18\windows64\jansi.dll

Deoptimization events (20 events):
Event: 2.931 Thread 0x000002bdea87ac60 DEOPT PACKING pc=0x000002bd98ccab0c sp=0x000000d51a6fe6e0
Event: 2.931 Thread 0x000002bdea87ac60 DEOPT UNPACKING pc=0x000002bd98894e42 sp=0x000000d51a6fdbb0 mode 1
Event: 2.932 Thread 0x000002bdea87ac60 DEOPT PACKING pc=0x000002bd98f49bf4 sp=0x000000d51a6fe780
Event: 2.932 Thread 0x000002bdea87ac60 DEOPT UNPACKING pc=0x000002bd98894e42 sp=0x000000d51a6fdd10 mode 1
Event: 2.932 Thread 0x000002bdea87ac60 DEOPT PACKING pc=0x000002bd98ccab0c sp=0x000000d51a6fe6e0
Event: 2.932 Thread 0x000002bdea87ac60 DEOPT UNPACKING pc=0x000002bd98894e42 sp=0x000000d51a6fdbb0 mode 1
Event: 2.933 Thread 0x000002bdea87ac60 DEOPT PACKING pc=0x000002bd98f49bf4 sp=0x000000d51a6fe780
Event: 2.933 Thread 0x000002bdea87ac60 DEOPT UNPACKING pc=0x000002bd98894e42 sp=0x000000d51a6fdd10 mode 1
Event: 2.933 Thread 0x000002bdea87ac60 DEOPT PACKING pc=0x000002bd98ccab0c sp=0x000000d51a6fe6e0
Event: 2.933 Thread 0x000002bdea87ac60 DEOPT UNPACKING pc=0x000002bd98894e42 sp=0x000000d51a6fdbb0 mode 1
Event: 2.933 Thread 0x000002bdea87ac60 DEOPT PACKING pc=0x000002bd98f49bf4 sp=0x000000d51a6fe780
Event: 2.933 Thread 0x000002bdea87ac60 DEOPT UNPACKING pc=0x000002bd98894e42 sp=0x000000d51a6fdd10 mode 1
Event: 2.941 Thread 0x000002bdeadf0130 DEOPT PACKING pc=0x000002bd98ccab0c sp=0x000000d51cbfe400
Event: 2.941 Thread 0x000002bdeadf0130 DEOPT UNPACKING pc=0x000002bd98894e42 sp=0x000000d51cbfd8d0 mode 1
Event: 2.941 Thread 0x000002bdeadf0130 DEOPT PACKING pc=0x000002bd98f49bf4 sp=0x000000d51cbfe4a0
Event: 2.941 Thread 0x000002bdeadf0130 DEOPT UNPACKING pc=0x000002bd98894e42 sp=0x000000d51cbfda30 mode 1
Event: 2.944 Thread 0x000002bdeadf0130 DEOPT PACKING pc=0x000002bd98ccab0c sp=0x000000d51cbfe400
Event: 2.944 Thread 0x000002bdeadf0130 DEOPT UNPACKING pc=0x000002bd98894e42 sp=0x000000d51cbfd8d0 mode 1
Event: 2.944 Thread 0x000002bdeadf0130 DEOPT PACKING pc=0x000002bd98f49bf4 sp=0x000000d51cbfe4a0
Event: 2.944 Thread 0x000002bdeadf0130 DEOPT UNPACKING pc=0x000002bd98894e42 sp=0x000000d51cbfda30 mode 1

Classes loaded (20 events):
Event: 3.121 Loading class java/lang/management/ManagementPermission
Event: 3.121 Loading class java/lang/management/ManagementPermission done
Event: 3.121 Loading class java/util/regex/Pattern$SliceS
Event: 3.121 Loading class java/util/regex/Pattern$SliceS done
Event: 3.121 Loading class java/net/InetAddress$NameServiceAddresses
Event: 3.121 Loading class java/net/InetAddress$Addresses
Event: 3.121 Loading class java/net/InetAddress$Addresses done
Event: 3.121 Loading class java/net/InetAddress$NameServiceAddresses done
Event: 3.122 Loading class java/net/spi/InetAddressResolverProvider
Event: 3.122 Loading class java/net/spi/InetAddressResolverProvider done
Event: 3.124 Loading class sun/net/InetAddressCachePolicy
Event: 3.124 Loading class sun/net/InetAddressCachePolicy done
Event: 3.124 Loading class sun/net/InetAddressCachePolicy$1
Event: 3.124 Loading class sun/net/InetAddressCachePolicy$1 done
Event: 3.124 Loading class java/net/InetAddress$CachedLookup
Event: 3.124 Loading class java/net/InetAddress$CachedLookup done
Event: 3.143 Loading class java/util/LinkedList$Node
Event: 3.143 Loading class java/util/LinkedList$Node done
Event: 3.151 Loading class jdk/internal/loader/NativeLibraries$Unloader
Event: 3.151 Loading class jdk/internal/loader/NativeLibraries$Unloader done

Classes unloaded (0 events):
No events

Classes redefined (0 events):
No events

Internal exceptions (20 events):
Event: 3.018 Thread 0x000002bdeacc37d0 Exception <a 'java/lang/NoSuchMethodError'{0x000000070f3ded18}: 'java.lang.Object java.lang.invoke.DelegatingMethodHandle$Holder.reinvoke_L(java.lang.Object, java.lang.Object, java.lang.Object, java.lang.Object, int, int)'> (0x000000070f3ded18) 
thrown [s\src\hotspot\share\interpreter\linkResolver.cpp, line 773]
Event: 3.018 Thread 0x000002bdead9af80 Exception <a 'java/lang/NoSuchMethodError'{0x000000070f3fc340}: 'java.lang.Object java.lang.invoke.DelegatingMethodHandle$Holder.reinvoke_L(java.lang.Object, java.lang.Object, java.lang.Object, java.lang.Object, int, int)'> (0x000000070f3fc340) 
thrown [s\src\hotspot\share\interpreter\linkResolver.cpp, line 773]
Event: 3.018 Thread 0x000002bdeacc09e0 Exception <a 'java/lang/NoSuchMethodError'{0x000000070f00ac88}: 'java.lang.Object java.lang.invoke.DelegatingMethodHandle$Holder.reinvoke_L(java.lang.Object, java.lang.Object, java.lang.Object, java.lang.Object, int, int)'> (0x000000070f00ac88) 
thrown [s\src\hotspot\share\interpreter\linkResolver.cpp, line 773]
Event: 3.018 Thread 0x000002bdeacc2420 Exception <a 'java/lang/NoSuchMethodError'{0x000000070f031960}: 'java.lang.Object java.lang.invoke.DelegatingMethodHandle$Holder.reinvoke_L(java.lang.Object, java.lang.Object, java.lang.Object, java.lang.Object, int, int)'> (0x000000070f031960) 
thrown [s\src\hotspot\share\interpreter\linkResolver.cpp, line 773]
Event: 3.018 Thread 0x000002bdeadf5680 Exception <a 'java/lang/NoSuchMethodError'{0x000000070f090ba8}: 'java.lang.Object java.lang.invoke.DelegatingMethodHandle$Holder.reinvoke_L(java.lang.Object, java.lang.Object, java.lang.Object, java.lang.Object, int, int)'> (0x000000070f090ba8) 
thrown [s\src\hotspot\share\interpreter\linkResolver.cpp, line 773]
Event: 3.018 Thread 0x000002bdeacbfcc0 Exception <a 'java/lang/NoSuchMethodError'{0x000000070f041470}: 'java.lang.Object java.lang.invoke.DelegatingMethodHandle$Holder.reinvoke_L(java.lang.Object, java.lang.Object, java.lang.Object, java.lang.Object, int, int)'> (0x000000070f041470) 
thrown [s\src\hotspot\share\interpreter\linkResolver.cpp, line 773]
Event: 3.019 Thread 0x000002bdeacbf630 Exception <a 'java/lang/NoSuchMethodError'{0x0000000711170270}: 'java.lang.Object java.lang.invoke.DelegatingMethodHandle$Holder.reinvoke_L(java.lang.Object, java.lang.Object, java.lang.Object, java.lang.Object, int, int)'> (0x0000000711170270) 
thrown [s\src\hotspot\share\interpreter\linkResolver.cpp, line 773]
Event: 3.019 Thread 0x000002bdeadf35b0 Exception <a 'java/lang/NoSuchMethodError'{0x0000000711161178}: 'java.lang.Object java.lang.invoke.DelegatingMethodHandle$Holder.reinvoke_L(java.lang.Object, java.lang.Object, java.lang.Object, java.lang.Object, int, int)'> (0x0000000711161178) 
thrown [s\src\hotspot\share\interpreter\linkResolver.cpp, line 773]
Event: 3.042 Thread 0x000002bdead9bca0 Exception <a 'java/lang/NoSuchMethodError'{0x0000000707054958}: 'void java.lang.invoke.DelegatingMethodHandle$Holder.reinvoke_L(java.lang.Object, java.lang.Object, java.lang.Object, java.lang.Object, java.lang.Object, java.lang.Object, java.lang.Object, java.lang.Object, java.lang.Object, java.lang.Object, java.lang.Object, java.lang.Object, java.lang.Object, java.lang.Object, java.lang.Object, java.lang.Object, java.lang.Object)'> (0x0000000707054958) 
thrown [s\src\hotspot\share\interpreter\linkResolver.
Event: 3.043 Thread 0x000002bdeacc3140 Exception <a 'java/lang/NoSuchMethodError'{0x0000000707074948}: 'void java.lang.invoke.DirectMethodHandle$Holder.invokeSpecial(java.lang.Object, java.lang.Object, java.lang.Object, java.lang.Object, java.lang.Object, java.lang.Object, java.lang.Object, java.lang.Object, java.lang.Object)'> (0x0000000707074948) 
thrown [s\src\hotspot\share\interpreter\linkResolver.cpp, line 773]
Event: 3.045 Thread 0x000002bdeacc3140 Exception <a 'java/lang/NoSuchMethodError'{0x0000000707078010}: 'void java.lang.invoke.DelegatingMethodHandle$Holder.reinvoke_L(java.lang.Object, java.lang.Object, java.lang.Object, java.lang.Object, java.lang.Object, java.lang.Object, java.lang.Object, java.lang.Object)'> (0x0000000707078010) 
thrown [s\src\hotspot\share\interpreter\linkResolver.cpp, line 773]
Event: 3.047 Thread 0x000002bdead9bca0 Exception <a 'java/lang/NoSuchMethodError'{0x00000007070631b0}: 'java.lang.Object java.lang.invoke.Invokers$Holder.invoker(java.lang.Object, java.lang.Object, java.lang.Object, java.lang.Object, java.lang.Object, java.lang.Object, java.lang.Object, java.lang.Object, java.lang.Object, java.lang.Object, java.lang.Object, java.lang.Object, java.lang.Object, java.lang.Object, java.lang.Object, java.lang.Object, java.lang.Object)'> (0x00000007070631b0) 
thrown [s\src\hotspot\share\interpreter\linkResolver.cpp, 
Event: 3.049 Thread 0x000002bdead9bca0 Exception <a 'java/lang/NoSuchMethodError'{0x00000007071ab3a8}: 'java.lang.Object java.lang.invoke.DirectMethodHandle$Holder.invokeSpecial(java.lang.Object, java.lang.Object, java.lang.Object, java.lang.Object, java.lang.Object, java.lang.Object, java.lang.Object, java.lang.Object, java.lang.Object, java.lang.Object, java.lang.Object, java.lang.Object, java.lang.Object, java.lang.Object, java.lang.Object, java.lang.Object, java.lang.Object, java.lang.Object)'> (0x00000007071ab3a8) 
thrown [s\src\hotspot\sh
Event: 3.049 Thread 0x000002bdea87b2f0 Exception <a 'java/lang/NoSuchMethodError'{0x00000007071ecfd0}: 'void java.lang.invoke.DelegatingMethodHandle$Holder.reinvoke_L(java.lang.Object, java.lang.Object, java.lang.Object, java.lang.Object, java.lang.Object, java.lang.Object, java.lang.Object, java.lang.Object, java.lang.Object)'> (0x00000007071ecfd0) 
thrown [s\src\hotspot\share\interpreter\linkResolver.cpp, line 773]
Event: 3.050 Thread 0x000002bdead9bca0 Exception <a 'java/lang/NoSuchMethodError'{0x00000007071afb78}: 'java.lang.Object java.lang.invoke.DelegatingMethodHandle$Holder.delegate(java.lang.Object, java.lang.Object, java.lang.Object, java.lang.Object, java.lang.Object, java.lang.Object, java.lang.Object, java.lang.Object, java.lang.Object, java.lang.Object, java.lang.Object, java.lang.Object, java.lang.Object, java.lang.Object, java.lang.Object, java.lang.Object, java.lang.Object)'> (0x00000007071afb78) 
thrown [s\src\hotspot\share\interpreter\lin
Event: 3.053 Thread 0x000002bdea87b2f0 Exception <a 'java/lang/NoSuchMethodError'{0x00000007071f3dc0}: 'java.lang.Object java.lang.invoke.Invokers$Holder.invoker(java.lang.Object, java.lang.Object, java.lang.Object, java.lang.Object, java.lang.Object, java.lang.Object, java.lang.Object, java.lang.Object, java.lang.Object)'> (0x00000007071f3dc0) 
thrown [s\src\hotspot\share\interpreter\linkResolver.cpp, line 773]
Event: 3.074 Thread 0x000002bdeacbe280 Exception <a 'java/lang/NoSuchMethodError'{0x0000000706aa3348}: 'java.lang.Object java.lang.invoke.Invokers$Holder.invoker(java.lang.Object, java.lang.Object, java.lang.Object, java.lang.Object, java.lang.Object, java.lang.Object, java.lang.Object, java.lang.Object, java.lang.Object, java.lang.Object, java.lang.Object)'> (0x0000000706aa3348) 
thrown [s\src\hotspot\share\interpreter\linkResolver.cpp, line 773]
Event: 3.086 Thread 0x000002bdeacbe280 Exception <a 'java/lang/NoSuchMethodError'{0x00000007066069c8}: 'java.lang.Object java.lang.invoke.DirectMethodHandle$Holder.invokeStatic(java.lang.Object, java.lang.Object, java.lang.Object, java.lang.Object, java.lang.Object, java.lang.Object, java.lang.Object, java.lang.Object, java.lang.Object, java.lang.Object, java.lang.Object, java.lang.Object, java.lang.Object)'> (0x00000007066069c8) 
thrown [s\src\hotspot\share\interpreter\linkResolver.cpp, line 773]
Event: 3.155 Thread 0x000002bdead9a8f0 Exception <a 'java/lang/NullPointerException'{0x000000070f37cf40}> (0x000000070f37cf40) 
thrown [s\src\hotspot\share\interpreter\linkResolver.cpp, line 1372]
Event: 3.156 Thread 0x000002bdead9a8f0 Exception <a 'java/lang/NoSuchFieldError'{0x000000070f3810a8}: STDIN_FILENO> (0x000000070f3810a8) 
thrown [s\src\hotspot\share\prims\jni.cpp, line 1989]

ZGC Phase Switch (0 events):
No events

VM Operations (20 events):
Event: 2.277 Executing VM operation: HandshakeAllThreads (Deoptimize)
Event: 2.277 Executing VM operation: HandshakeAllThreads (Deoptimize) done
Event: 2.670 Executing VM operation: G1CollectForAllocation (G1 Evacuation Pause)
Event: 2.678 Executing VM operation: G1CollectForAllocation (G1 Evacuation Pause) done
Event: 2.754 Executing VM operation: HandshakeAllThreads (Deoptimize)
Event: 2.754 Executing VM operation: HandshakeAllThreads (Deoptimize) done
Event: 2.793 Executing VM operation: HandshakeAllThreads (Deoptimize)
Event: 2.835 Executing VM operation: HandshakeAllThreads (Deoptimize) done
Event: 2.836 Executing VM operation: HandshakeAllThreads (Deoptimize)
Event: 2.919 Executing VM operation: HandshakeAllThreads (Deoptimize) done
Event: 2.920 Executing VM operation: HandshakeAllThreads (Deoptimize)
Event: 2.940 Executing VM operation: HandshakeAllThreads (Deoptimize) done
Event: 2.943 Executing VM operation: HandshakeAllThreads (Deoptimize)
Event: 2.953 Executing VM operation: HandshakeAllThreads (Deoptimize) done
Event: 2.995 Executing VM operation: G1CollectForAllocation (G1 Evacuation Pause)
Event: 3.005 Executing VM operation: G1CollectForAllocation (G1 Evacuation Pause) done
Event: 3.118 Executing VM operation: HandshakeAllThreads (Deoptimize)
Event: 3.119 Executing VM operation: HandshakeAllThreads (Deoptimize) done
Event: 3.133 Executing VM operation: CollectForMetadataAllocation (Metadata GC Threshold)
Event: 3.141 Executing VM operation: CollectForMetadataAllocation (Metadata GC Threshold) done

Memory protections (0 events):
No events

Nmethod flushes (0 events):
No events

Events (20 events):
Event: 2.806 Thread 0x000002bd9015e000 Thread added: 0x000002bdead9a260
Event: 2.808 Thread 0x000002bd9015e000 Thread added: 0x000002bdead9c9c0
Event: 2.810 Thread 0x000002bd9015e000 Thread added: 0x000002bdead9d050
Event: 2.812 Thread 0x000002bd9015e000 Thread added: 0x000002bdead99bd0
Event: 2.814 Thread 0x000002bd9015e000 Thread added: 0x000002bdead9a8f0
Event: 2.816 Thread 0x000002bd9015e000 Thread added: 0x000002bdead9af80
Event: 2.818 Thread 0x000002bd9015e000 Thread added: 0x000002bdead9b610
Event: 2.821 Thread 0x000002bd9015e000 Thread added: 0x000002bdead9bca0
Event: 2.828 Thread 0x000002bd9015e000 Thread added: 0x000002bdeadf4ff0
Event: 2.832 Thread 0x000002bdeacbefa0 Thread added: 0x000002bdeadf0e50
Event: 2.844 Thread 0x000002bdeacc3e60 Thread added: 0x000002bdeadf1b70
Event: 2.846 Thread 0x000002bdead9af80 Thread added: 0x000002bdeadf0130
Event: 2.847 Thread 0x000002bdeacc3e60 Thread added: 0x000002bdeadf4960
Event: 2.848 Thread 0x000002bdead9af80 Thread added: 0x000002bdeadf35b0
Event: 2.849 Thread 0x000002bdeacc3e60 Thread added: 0x000002bdeadf5680
Event: 2.850 Thread 0x000002bdead9af80 Thread added: 0x000002bdeadf14e0
Event: 2.852 Thread 0x000002bdeacc3e60 Thread added: 0x000002bdeadf5d10
Event: 2.857 Thread 0x000002bdeacc3e60 Thread added: 0x000002bdeadf2f20
Event: 2.861 Thread 0x000002bdeacc3e60 Thread added: 0x000002bdeadf63a0
Event: 2.865 Thread 0x000002bdeacc3e60 Thread added: 0x000002bdeadf3c40


Dynamic libraries:
0x00007ff619550000 - 0x00007ff61955e000 	C:\Program Files\Eclipse Adoptium\jdk-21.0.5.11-hotspot\bin\java.exe
0x00007fff15f70000 - 0x00007fff16187000 	C:\WINDOWS\SYSTEM32\ntdll.dll
0x00007fff14410000 - 0x00007fff144d4000 	C:\WINDOWS\System32\KERNEL32.DLL
0x00007fff13270000 - 0x00007fff13629000 	C:\WINDOWS\System32\KERNELBASE.dll
0x00007fff13a00000 - 0x00007fff13b11000 	C:\WINDOWS\System32\ucrtbase.dll
0x00007ffea9df0000 - 0x00007ffea9e0e000 	C:\Program Files\Eclipse Adoptium\jdk-21.0.5.11-hotspot\bin\VCRUNTIME140.dll
0x00007ffec9c80000 - 0x00007ffec9c98000 	C:\Program Files\Eclipse Adoptium\jdk-21.0.5.11-hotspot\bin\jli.dll
0x00007fff15440000 - 0x00007fff155ee000 	C:\WINDOWS\System32\USER32.dll
0x00007ffefbbd0000 - 0x00007ffefbe62000 	C:\WINDOWS\WinSxS\amd64_microsoft.windows.common-controls_6595b64144ccf1df_6.0.22621.4391_none_2715d37f73803e96\COMCTL32.dll
0x00007fff136a0000 - 0x00007fff136c6000 	C:\WINDOWS\System32\win32u.dll
0x00007fff15310000 - 0x00007fff153b7000 	C:\WINDOWS\System32\msvcrt.dll
0x00007fff14ef0000 - 0x00007fff14f19000 	C:\WINDOWS\System32\GDI32.dll
0x00007fff138e0000 - 0x00007fff139fb000 	C:\WINDOWS\System32\gdi32full.dll
0x00007fff136d0000 - 0x00007fff1376a000 	C:\WINDOWS\System32\msvcp_win.dll
0x00007fff13d40000 - 0x00007fff13d71000 	C:\WINDOWS\System32\IMM32.DLL
0x00007ffef5f00000 - 0x00007ffef5f0c000 	C:\Program Files\Eclipse Adoptium\jdk-21.0.5.11-hotspot\bin\vcruntime140_1.dll
0x00007ffe8a730000 - 0x00007ffe8a7bd000 	C:\Program Files\Eclipse Adoptium\jdk-21.0.5.11-hotspot\bin\msvcp140.dll
0x00007ffe4fac0000 - 0x00007ffe5084f000 	C:\Program Files\Eclipse Adoptium\jdk-21.0.5.11-hotspot\bin\server\jvm.dll
0x00007fff13d80000 - 0x00007fff13e32000 	C:\WINDOWS\System32\ADVAPI32.dll
0x00007fff142c0000 - 0x00007fff14367000 	C:\WINDOWS\System32\sechost.dll
0x00007fff138b0000 - 0x00007fff138d8000 	C:\WINDOWS\System32\bcrypt.dll
0x00007fff14db0000 - 0x00007fff14ec4000 	C:\WINDOWS\System32\RPCRT4.dll
0x00007fff153c0000 - 0x00007fff15431000 	C:\WINDOWS\System32\WS2_32.dll
0x00007fff0b9d0000 - 0x00007fff0ba04000 	C:\WINDOWS\SYSTEM32\WINMM.dll
0x00007fff12f90000 - 0x00007fff12fdd000 	C:\WINDOWS\SYSTEM32\POWRPROF.dll
0x00007fff08180000 - 0x00007fff0818a000 	C:\WINDOWS\SYSTEM32\VERSION.dll
0x00007fff12ec0000 - 0x00007fff12ed3000 	C:\WINDOWS\SYSTEM32\UMPDC.dll
0x00007fff12210000 - 0x00007fff12228000 	C:\WINDOWS\SYSTEM32\kernel.appcore.dll
0x00007ffea84c0000 - 0x00007ffea84ca000 	C:\Program Files\Eclipse Adoptium\jdk-21.0.5.11-hotspot\bin\jimage.dll
0x00007fff107b0000 - 0x00007fff109e2000 	C:\WINDOWS\SYSTEM32\DBGHELP.DLL
0x00007fff14f80000 - 0x00007fff1530f000 	C:\WINDOWS\System32\combase.dll
0x00007fff155f0000 - 0x00007fff156c7000 	C:\WINDOWS\System32\OLEAUT32.dll
0x00007ffef65d0000 - 0x00007ffef6602000 	C:\WINDOWS\SYSTEM32\dbgcore.DLL
0x00007fff13770000 - 0x00007fff137eb000 	C:\WINDOWS\System32\bcryptPrimitives.dll
0x00007ffea3330000 - 0x00007ffea333f000 	C:\Program Files\Eclipse Adoptium\jdk-21.0.5.11-hotspot\bin\instrument.dll
0x00007ffea1f50000 - 0x00007ffea1f6f000 	C:\Program Files\Eclipse Adoptium\jdk-21.0.5.11-hotspot\bin\java.dll
0x00007ffea15b0000 - 0x00007ffea15ec000 	C:\Program Files\Eclipse Adoptium\jdk-21.0.5.11-hotspot\bin\jdwp.dll
0x00007fff14530000 - 0x00007fff14da6000 	C:\WINDOWS\System32\SHELL32.dll
0x00007fff11160000 - 0x00007fff11a63000 	C:\WINDOWS\SYSTEM32\windows.storage.dll
0x00007fff11020000 - 0x00007fff1115f000 	C:\WINDOWS\SYSTEM32\wintypes.dll
0x00007fff15c60000 - 0x00007fff15d59000 	C:\WINDOWS\System32\SHCORE.dll
0x00007fff15ed0000 - 0x00007fff15f2e000 	C:\WINDOWS\System32\shlwapi.dll
0x00007fff131a0000 - 0x00007fff131cb000 	C:\WINDOWS\SYSTEM32\profapi.dll
0x00007ffea1520000 - 0x00007ffea1538000 	C:\Program Files\Eclipse Adoptium\jdk-21.0.5.11-hotspot\bin\zip.dll
0x00007ffea3270000 - 0x00007ffea3280000 	C:\Program Files\Eclipse Adoptium\jdk-21.0.5.11-hotspot\bin\net.dll
0x00007fff0b360000 - 0x00007fff0b496000 	C:\WINDOWS\SYSTEM32\WINHTTP.dll
0x00007fff126e0000 - 0x00007fff12749000 	C:\WINDOWS\system32\mswsock.dll
0x00007ffea14c0000 - 0x00007ffea14d6000 	C:\Program Files\Eclipse Adoptium\jdk-21.0.5.11-hotspot\bin\nio.dll
0x00007fff0e230000 - 0x00007fff0e23b000 	C:\Program Files\Eclipse Adoptium\jdk-21.0.5.11-hotspot\bin\dt_socket.dll
0x00007fff11cd0000 - 0x00007fff11cfd000 	C:\WINDOWS\SYSTEM32\IPHLPAPI.DLL
0x00007fff11d40000 - 0x00007fff11e42000 	C:\WINDOWS\SYSTEM32\DNSAPI.dll
0x00007fff14ee0000 - 0x00007fff14ee9000 	C:\WINDOWS\System32\NSI.dll
0x00007fff0f1e0000 - 0x00007fff0f1ea000 	C:\Windows\System32\rasadhlp.dll
0x00007fff0a6c0000 - 0x00007fff0a743000 	C:\WINDOWS\System32\fwpuclnt.dll
0x00007ffea2960000 - 0x00007ffea2970000 	C:\Program Files\Eclipse Adoptium\jdk-21.0.5.11-hotspot\bin\verify.dll
0x00007ffea1670000 - 0x00007ffea167a000 	C:\Program Files\Eclipse Adoptium\jdk-21.0.5.11-hotspot\bin\management.dll
0x00007ffea1150000 - 0x00007ffea115b000 	C:\Program Files\Eclipse Adoptium\jdk-21.0.5.11-hotspot\bin\management_ext.dll
0x00007fff15c50000 - 0x00007fff15c58000 	C:\WINDOWS\System32\PSAPI.DLL
0x00007fff0e130000 - 0x00007fff0e13a000 	C:\Users\Anthimos Samaras\.gradle\native\jansi\1.18\windows64\jansi.dll

dbghelp: loaded successfully - version: 4.0.5 - missing functions: none
symbol engine: initialized successfully - sym options: 0x614 - pdb path: .;C:\Program Files\Eclipse Adoptium\jdk-21.0.5.11-hotspot\bin;C:\WINDOWS\SYSTEM32;C:\WINDOWS\WinSxS\amd64_microsoft.windows.common-controls_6595b64144ccf1df_6.0.22621.4391_none_2715d37f73803e96;C:\Program Files\Eclipse Adoptium\jdk-21.0.5.11-hotspot\bin\server;C:\Users\Anthimos Samaras\.gradle\native\jansi\1.18\windows64

VM Arguments:
jvm_args: -javaagent:C:\Users\Anthimos Samaras\.gradle\caches\modules-2\files-2.1\io.quarkus\quarkus-class-change-agent\3.17.0\a0391559d4e47c80140f7891566e0f59578c3d84\quarkus-class-change-agent-3.17.0.jar -Dquarkus-internal.serialized-app-model.path=C:\Users\Anthimos Samaras\Desktop\industrial project\informationSystems\my-app\backend\build\tmp\quarkusDev\quarkus-app-model.dat -Dquarkus-internal-test.serialized-app-model.path=C:\Users\Anthimos Samaras\Desktop\industrial project\informationSystems\my-app\backend\build\tmp\quarkusDev\quarkus-app-test-model.dat -XX:TieredStopAtLevel=1 -agentlib:jdwp=transport=dt_socket,address=localhost:5005,server=y,suspend=n -Djava.util.logging.manager=org.jboss.logmanager.LogManager 
java_command: C:\Users\Anthimos Samaras\Desktop\industrial project\informationSystems\my-app\backend\build\backend-dev.jar
java_class_path (initial): C:\Users\Anthimos Samaras\Desktop\industrial project\informationSystems\my-app\backend\build\backend-dev.jar
Launcher Type: SUN_STANDARD

[Global flags]
     intx CICompilerCount                          = 4                                         {product} {ergonomic}
     uint ConcGCThreads                            = 2                                         {product} {ergonomic}
     uint G1ConcRefinementThreads                  = 8                                         {product} {ergonomic}
   size_t G1HeapRegionSize                         = 2097152                                   {product} {ergonomic}
    uintx GCDrainStackTargetSize                   = 64                                        {product} {ergonomic}
   size_t InitialHeapSize                          = 268435456                                 {product} {ergonomic}
   size_t MarkStackSize                            = 4194304                                   {product} {ergonomic}
   size_t MaxHeapSize                              = 4276092928                                {product} {ergonomic}
   size_t MaxNewSize                               = 2564816896                                {product} {ergonomic}
   size_t MinHeapDeltaBytes                        = 2097152                                   {product} {ergonomic}
   size_t MinHeapSize                              = 8388608                                   {product} {ergonomic}
    uintx NonNMethodCodeHeapSize                   = 4096                                   {pd product} {ergonomic}
    uintx NonProfiledCodeHeapSize                  = 0                                      {pd product} {ergonomic}
     bool ProfileInterpreter                       = false                                  {pd product} {command line}
    uintx ProfiledCodeHeapSize                     = 0                                      {pd product} {ergonomic}
   size_t SoftMaxHeapSize                          = 4276092928                             {manageable} {ergonomic}
     intx TieredStopAtLevel                        = 1                                         {product} {command line}
     bool UseCompressedOops                        = true                           {product lp64_product} {ergonomic}
     bool UseG1GC                                  = true                                      {product} {ergonomic}
     bool UseLargePagesIndividualAllocation        = false                                  {pd product} {ergonomic}

Logging:
Log output configuration:
 #0: stdout all=warning uptime,level,tags foldmultilines=false
 #1: stderr all=off uptime,level,tags foldmultilines=false

Environment Variables:
CLASSPATH="C:\ProgramData\chocolatey\lib\quarkus\quarkus-cli-3.16.4"\etc;"C:\ProgramData\chocolatey\lib\quarkus\quarkus-cli-3.16.4\lib"\quarkus-cli-3.16.4-runner.jar
PATH=C:\Program Files\Eclipse Adoptium\jdk-21.0.5.11-hotspot\bin;C:\Program Files\Common Files\Oracle\Java\javapath;C:\Windows\system32;C:\Windows;C:\Windows\System32\Wbem;C:\Windows\System32\WindowsPowerShell\v1.0\;C:\Windows\System32\OpenSSH\;C:\Program Files\NVIDIA Corporation\NVIDIA NvDLISR;C:\Program Files (x86)\NVIDIA Corporation\PhysX\Common;C:\WINDOWS\system32;C:\WINDOWS;C:\WINDOWS\System32\Wbem;C:\WINDOWS\System32\WindowsPowerShell\v1.0\;C:\WINDOWS\System32\OpenSSH\;C:\Program Files\Git\cmd;C:\Program Files (x86)\Microsoft SQL Server\160\Tools\Binn\;C:\Program Files\Microsoft SQL Server\160\Tools\Binn\;C:\Program Files\Microsoft SQL Server\Client SDK\ODBC\170\Tools\Binn\;C:\Program Files\Microsoft SQL Server\160\DTS\Binn\;C:\Program Files (x86)\Microsoft SQL Server\160\DTS\Binn\;C:\Program Files\Azure Data Studio\bin;C:\Program Files\nodejs\;C:\Program Files\Ampps\php;;C:\Program Files\Docker\Docker\resources\bin;C:\ProgramData\chocolatey\bin;C:\ProgramData\chocolatey\lib\maven\apache-maven-3.9.9\bin;C:\Program Files\MySQL\MySQL Shell 8.0\bin\;C:\Users\Anthimos Samaras\AppData\Local\activestate\cache\bin;C:\Users\Anthimos Samaras\AppData\Local\ActiveState\StateTool\release\bin;C:\Users\Anthimos Samaras\AppData\Local\Microsoft\WindowsApps;C:\Users\Anthimos Samaras\AppData\Local\Programs\Microsoft VS Code\bin;C:\Program Files\Azure Data Studio\bin;C:\ProgramData\Anthimos Samaras\GitHubDesktop\bin;C:\Users\Anthimos Samaras\AppData\Local\GitHubDesktop\bin;C:\Program Files\JetBrains\PyCharm 2023.1.4\bin;;C:\Users\Anthimos Samaras\AppData\Roaming\npm;C:\Program Files\swipl\bin
USERNAME=Anthimos Samaras
LANG=en_US.UTF-8
OS=Windows_NT
PROCESSOR_IDENTIFIER=Intel64 Family 6 Model 158 Stepping 10, GenuineIntel
TMP=C:\Users\ANTHIM~1\AppData\Local\Temp
TEMP=C:\Users\ANTHIM~1\AppData\Local\Temp




Periodic native trim disabled

---------------  S Y S T E M  ---------------

OS:
 Windows 11 , 64 bit Build 22621 (10.0.22621.4391)
OS uptime: 1 days 20:29 hours
Hyper-V role detected

CPU: total 8 (initial active 8) (4 cores per cpu, 2 threads per core) family 6 model 158 stepping 10 microcode 0xea, cx8, cmov, fxsr, ht, mmx, 3dnowpref, sse, sse2, sse3, ssse3, sse4.1, sse4.2, popcnt, lzcnt, tsc, tscinvbit, avx, avx2, aes, erms, clmul, bmi1, bmi2, adx, fma, vzeroupper, clflush, clflushopt, hv, rdtscp, f16c
Processor Information for all 8 processors :
  Max Mhz: 2400, Current Mhz: 2400, Mhz Limit: 2400

Memory: 4k page, system-wide physical 16304M (1630M free)
TotalPageFile size 30176M (AvailPageFile size 4558M)
current process WorkingSet (physical memory assigned to process): 197M, peak: 197M
current process commit charge ("private bytes"): 252M, peak: 369M

vm_info: OpenJDK 64-Bit Server VM (21.0.5+11-LTS) for windows-amd64 JRE (21.0.5+11-LTS), built on 2024-10-15T00:00:00Z by "admin" with MS VC++ 17.7 (VS2022)

END.
