#
# A fatal error has been detected by the Java Runtime Environment:
#
#  EXCEPTION_ACCESS_VIOLATION (0xc0000005) at pc=0x00007ffe4ff09f38, pid=32160, tid=33400
#
# JRE version: OpenJDK Runtime Environment Temurin-21.0.5+11 (21.0.5+11) (build 21.0.5+11-LTS)
# Java VM: OpenJDK 64-Bit Server VM Temurin-21.0.5+11 (21.0.5+11-LTS, mixed mode, emulated-client, sharing, tiered, compressed oops, compressed class ptrs, g1 gc, windows-amd64)
# Problematic frame:
# V  [jvm.dll+0x449f38]
#
# No core dump will be written. Minidumps are not enabled by default on client versions of Windows
#
# If you would like to submit a bug report, please visit:
#   https://github.com/adoptium/adoptium-support/issues
#

---------------  S U M M A R Y ------------

Command Line: -javaagent:C:\Users\Anthimos Samaras\.gradle\caches\modules-2\files-2.1\io.quarkus\quarkus-class-change-agent\3.17.0\a0391559d4e47c80140f7891566e0f59578c3d84\quarkus-class-change-agent-3.17.0.jar -Dquarkus-internal.serialized-app-model.path=C:\Users\Anthimos Samaras\Desktop\industrial project\informationSystems\my-app\backend\build\tmp\quarkusDev\quarkus-app-model.dat -Dquarkus-internal-test.serialized-app-model.path=C:\Users\Anthimos Samaras\Desktop\industrial project\informationSystems\my-app\backend\build\tmp\quarkusDev\quarkus-app-test-model.dat -XX:TieredStopAtLevel=1 -agentlib:jdwp=transport=dt_socket,address=localhost:5005,server=y,suspend=n -Djava.util.logging.manager=org.jboss.logmanager.LogManager C:\Users\Anthimos Samaras\Desktop\industrial project\informationSystems\my-app\backend\build\backend-dev.jar

Host: Intel(R) Core(TM) i5-9300H CPU @ 2.40GHz, 8 cores, 15G,  Windows 11 , 64 bit Build 22621 (10.0.22621.4391)
Time: Thu Nov 28 19:30:17 2024 GTB Standard Time elapsed time: 3.087750 seconds (0d 0h 0m 3s)

---------------  T H R E A D  ---------------

Current thread (0x0000020c7bd25110):  JavaThread "build-41"         [_thread_in_vm, id=33400, stack(0x000000790fb00000,0x000000790fc00000) (1024K)]

Stack: [0x000000790fb00000,0x000000790fc00000],  sp=0x000000790fbfd860,  free space=1014k
Native frames: (J=compiled Java code, j=interpreted, Vv=VM code, C=native code)
V  [jvm.dll+0x449f38]
C  [jansi.dll+0x104e]

Java frames: (J=compiled Java code, j=interpreted, Vv=VM code)
j  org.fusesource.jansi.internal.CLibrary.init()V+0
j  org.fusesource.jansi.internal.CLibrary.<clinit>()V+12
v  ~StubRoutines::call_stub 0x0000020c6a1d100d
j  org.fusesource.jansi.AnsiConsole.ansiStream(Z)Lorg/fusesource/jansi/AnsiPrintStream;+62
j  org.fusesource.jansi.AnsiConsole.initStreams()V+7
j  org.fusesource.jansi.AnsiConsole.out()Lorg/fusesource/jansi/AnsiPrintStream;+0
j  org.aesh.readline.terminal.impl.WinSysTerminal.<init>(Ljava/lang/String;ZLorg/aesh/terminal/Terminal$SignalHandler;)V+4
j  org.aesh.readline.terminal.impl.WinSysTerminal.<init>(Ljava/lang/String;Z)V+6
j  org.aesh.readline.terminal.TerminalBuilder.createWindowsTerminal(Ljava/lang/String;)Lorg/aesh/terminal/Terminal;+24
j  org.aesh.readline.terminal.TerminalBuilder.build()Lorg/aesh/terminal/Terminal;+125
j  org.aesh.readline.tty.terminal.TerminalConnection.<init>(Ljava/nio/charset/Charset;Ljava/nio/charset/Charset;Ljava/io/InputStream;Ljava/io/OutputStream;Ljava/util/function/Consumer;)V+85
j  org.aesh.readline.tty.terminal.TerminalConnection.<init>(Ljava/util/function/Consumer;)V+14
j  io.quarkus.deployment.console.ConsoleHelper.installConsole(Lio/quarkus/deployment/dev/testing/TestConfig;Lio/quarkus/deployment/console/ConsoleConfig;Z)V+109
j  io.quarkus.deployment.console.ConsoleProcessor.setupConsole(Lio/quarkus/deployment/dev/testing/TestConfig;Lio/quarkus/deployment/console/ConsoleConfig;Lio/quarkus/deployment/builditem/LaunchModeBuildItem;Lio/quarkus/deployment/annotations/BuildProducer;)Lio/quarkus/deployment/console/ConsoleInstalledBuildItem;+45
j  java.lang.invoke.LambdaForm$DMH+0x0000020c011c1c00.invokeVirtual(Ljava/lang/Object;Ljava/lang/Object;Ljava/lang/Object;Ljava/lang/Object;Ljava/lang/Object;Ljava/lang/Object;)Ljava/lang/Object;+18 java.base@21.0.5
j  java.lang.invoke.LambdaForm$MH+0x0000020c01252c00.invoke(Ljava/lang/Object;Ljava/lang/Object;Ljava/lang/Object;Ljava/lang/Object;Ljava/lang/Object;)Ljava/lang/Object;+101 java.base@21.0.5
j  java.lang.invoke.LambdaForm$MH+0x0000020c01243000.invoke(Ljava/lang/Object;Ljava/lang/Object;Ljava/lang/Object;)Ljava/lang/Object;+66 java.base@21.0.5
J 3407 c1 java.lang.invoke.Invokers$Holder.invokeExact_MT(Ljava/lang/Object;Ljava/lang/Object;Ljava/lang/Object;Ljava/lang/Object;)Ljava/lang/Object; java.base@21.0.5 (24 bytes) @ 0x0000020c6aa589cc [0x0000020c6aa588e0+0x00000000000000ec]
j  java.lang.invoke.MethodHandle.invokeWithArguments([Ljava/lang/Object;)Ljava/lang/Object;+28 java.base@21.0.5
j  io.quarkus.deployment.ExtensionLoader$3.execute(Lio/quarkus/builder/BuildContext;)V+268
j  io.quarkus.builder.BuildContext.run()V+71
j  io.quarkus.builder.BuildContext$$Lambda+0x0000020c01206f98.run()V+4
j  org.jboss.threads.ContextHandler$1.runWith(Ljava/lang/Runnable;Ljava/lang/Object;)V+1
j  org.jboss.threads.EnhancedQueueExecutor$Task.doRunWith(Ljava/lang/Runnable;Ljava/lang/Object;)V+9
j  org.jboss.threads.EnhancedQueueExecutor$Task.run()V+61
j  org.jboss.threads.EnhancedQueueExecutor.runThreadBody()V+156
j  org.jboss.threads.EnhancedQueueExecutor$ThreadBody.run()V+40
j  java.lang.Thread.runWith(Ljava/lang/Object;Ljava/lang/Runnable;)V+5 java.base@21.0.5
j  java.lang.Thread.run()V+19 java.base@21.0.5
j  org.jboss.threads.JBossThread.run()V+12
v  ~StubRoutines::call_stub 0x0000020c6a1d100d

siginfo: EXCEPTION_ACCESS_VIOLATION (0xc0000005), reading address 0x0000000000000000


Registers:
RAX=0x0000000000000000, RBX=0x0000020c7bd25110, RCX=0x34c6dd6f97c40000, RDX=0x000000790fbfd980
RSP=0x000000790fbfd860, RBP=0x0000000000000000, RSI=0x0000000000000000, RDI=0x0000000000000000
R8 =0x0000000000000000, R9 =0x0000020c7bd12a70, R10=0x0000000000000034, R11=0x000000790fbfd858
R12=0x0000000000000000, R13=0x0000020c7720d840, R14=0x000000790fbfd988, R15=0x0000020c7bd25110
RIP=0x00007ffe4ff09f38, EFLAGS=0x0000000000010246


Register to memory mapping:

RAX=0x0 is null
RBX=0x0000020c7bd25110 is a thread
RCX=0x34c6dd6f97c40000 is an unknown value
RDX=0x000000790fbfd980 is pointing into the stack for thread: 0x0000020c7bd25110
RSP=0x000000790fbfd860 is pointing into the stack for thread: 0x0000020c7bd25110
RBP=0x0 is null
RSI=0x0 is null
RDI=0x0 is null
R8 =0x0 is null
R9 =0x0000020c7bd12a70 points into unknown readable memory: 0x0000000000000002 | 02 00 00 00 00 00 00 00
R10=0x0000000000000034 is an unknown value
R11=0x000000790fbfd858 is pointing into the stack for thread: 0x0000020c7bd25110
R12=0x0 is null
R13={method} {0x0000020c7720d848} 'init' '()V' in 'org/fusesource/jansi/internal/CLibrary'
R14=0x000000790fbfd988 is pointing into the stack for thread: 0x0000020c7bd25110
R15=0x0000020c7bd25110 is a thread

Top of Stack: (sp=0x000000790fbfd860)
0x000000790fbfd860:   0000020c7bd25110 000000790fbfddd8
0x000000790fbfd870:   000000790fbfddd8 0000020c7bd25110
0x000000790fbfd880:   000000790fbfd970 00007ffe4fe975f5
0x000000790fbfd890:   000000790fbfd8b0 0000020c7bd25110
0x000000790fbfd8a0:   0000020c7bd25110 0000020c7bc8ba80
0x000000790fbfd8b0:   00000000000007c5 00007ffe504fe4c0
0x000000790fbfd8c0:   000000790fbfd980 00007ffefa71104e
0x000000790fbfd8d0:   0000020c485029f4 00007ffe506ea7c0
0x000000790fbfd8e0:   000000790fbfd970 0000020c7bd254c8
0x000000790fbfd8f0:   000000790fbfddd8 0000020c6a1e01dd
0x000000790fbfd900:   0000020c7720d840 000000790fbfddd0
0x000000790fbfd910:   0000000000000000 0000000000000001
0x000000790fbfd920:   0000020c6a1dfae6 000000790fbfd928
0x000000790fbfd930:   0000020c7720d840 0000000000000003
0x000000790fbfd940:   0000020c7720deb8 0000000000000000
0x000000790fbfd950:   000000070f12d148 0000020c7720d840
0x000000790fbfd960:   0000000000000000 000000790fbfd990
0x000000790fbfd970:   000000790fbfd9d8 0000020c6a1d9086
0x000000790fbfd980:   000000070f12d148 0000020c6a1dc377
0x000000790fbfd990:   000000790fbfd990 0000020c7720dd4c
0x000000790fbfd9a0:   0000000000000001 0000020c7720deb8
0x000000790fbfd9b0:   0000000000000000 000000070f12d148
0x000000790fbfd9c0:   0000020c7720dd68 000000790fbfd990
0x000000790fbfd9d0:   000000790fbfd9e8 000000790fbfdbc0
0x000000790fbfd9e0:   0000020c6a1d100d 00007ffe5017f801
0x000000790fbfd9f0:   0000000000000028 00007ffe50068b41
0x000000790fbfda00:   0000000000000000 00007ffe5017f75d
0x000000790fbfda10:   0000020c7b38c230 00007ffe4fb7f9ce
0x000000790fbfda20:   000000070f12d148 00007ffe4fc979d5
0x000000790fbfda30:   0000020c7c0d1b68 00007ffe501efd7d
0x000000790fbfda40:   0000020c600899a0 000000070f12d148
0x000000790fbfda50:   0000020c6009aa00 00007ffe5037b1a4 

Instructions: (pc=0x00007ffe4ff09f38)
0x00007ffe4ff09e38:   49 8b 6b 20 49 8b 73 28 c7 83 44 04 00 00 04 00
0x00007ffe4ff09e48:   00 00 49 8b 5b 18 49 8b e3 5f c3 cc cc cc cc cc
0x00007ffe4ff09e58:   cc cc cc cc cc cc cc cc 48 89 5c 24 10 48 89 6c
0x00007ffe4ff09e68:   24 18 48 89 74 24 20 57 48 83 ec 60 8b 81 b0 00
0x00007ffe4ff09e78:   00 00 48 8d 99 48 fc ff ff 05 53 21 ff ff 41 8b
0x00007ffe4ff09e88:   e9 49 8b f0 83 f8 01 77 08 48 8b cb e8 d7 2c fa
0x00007ffe4ff09e98:   ff 80 3d e6 ab 84 00 00 c7 83 44 04 00 00 06 00
0x00007ffe4ff09ea8:   00 00 75 06 e8 4f 45 27 00 90 48 8b 83 48 04 00
0x00007ffe4ff09eb8:   00 a8 01 74 0d 45 33 c0 b2 01 48 8b cb e8 76 50
0x00007ffe4ff09ec8:   2e 00 8b 83 40 04 00 00 a8 0c 74 08 48 8b cb e8
0x00007ffe4ff09ed8:   44 41 fa ff 33 ff c7 83 44 04 00 00 06 00 00 00
0x00007ffe4ff09ee8:   48 89 5c 24 40 48 89 7c 24 48 48 39 7b 08 74 0a
0x00007ffe4ff09ef8:   48 8d 4c 24 40 e8 ce 06 2b 00 40 38 3d 24 0b 85
0x00007ffe4ff09f08:   00 74 2d 4c 8b 0e 48 8d 44 24 70 48 89 44 24 38
0x00007ffe4ff09f18:   45 33 c0 c6 44 24 30 49 33 d2 c6 44 24 28 01 48
0x00007ffe4ff09f28:   8b cb 48 89 74 24 20 89 6c 24 70 e8 d8 e5 13 00
0x00007ffe4ff09f38:   48 8b 06 48 8b 48 70 48 85 c9 74 09 ff 15 d6 50
0x00007ffe4ff09f48:   7d 00 48 8b f8 48 63 4e 10 89 2c 39 48 83 7c 24
0x00007ffe4ff09f58:   48 00 74 0a 48 8d 4c 24 40 e8 ea 06 2b 00 48 8b
0x00007ffe4ff09f68:   bb 98 01 00 00 48 8b 47 10 48 83 38 00 74 08 48
0x00007ffe4ff09f78:   8b cf e8 81 50 f5 ff 48 8b 4f 08 48 8b 47 10 48
0x00007ffe4ff09f88:   89 41 10 48 8b 4f 08 48 8b 47 18 48 89 41 18 48
0x00007ffe4ff09f98:   8b 4f 08 48 8b 47 20 48 89 41 20 48 8d 8b 98 03
0x00007ffe4ff09fa8:   00 00 e8 91 bd ec ff 4c 8d 5c 24 60 90 49 8b 6b
0x00007ffe4ff09fb8:   20 49 8b 73 28 c7 83 44 04 00 00 04 00 00 00 49
0x00007ffe4ff09fc8:   8b 5b 18 49 8b e3 5f c3 48 89 5c 24 10 48 89 6c
0x00007ffe4ff09fd8:   24 18 48 89 74 24 20 57 48 83 ec 60 8b 81 b0 00
0x00007ffe4ff09fe8:   00 00 48 8d 99 48 fc ff ff 05 53 21 ff ff 49 8b
0x00007ffe4ff09ff8:   e9 49 8b f0 83 f8 01 77 08 48 8b cb e8 67 2b fa
0x00007ffe4ff0a008:   ff 80 3d 76 aa 84 00 00 c7 83 44 04 00 00 06 00
0x00007ffe4ff0a018:   00 00 75 06 e8 df 43 27 00 90 48 8b 83 48 04 00
0x00007ffe4ff0a028:   00 a8 01 74 0d 45 33 c0 b2 01 48 8b cb e8 06 4f 


Stack slot to memory mapping:

stack at sp + 0 slots: 0x0000020c7bd25110 is a thread
stack at sp + 1 slots: 0x000000790fbfddd8 is pointing into the stack for thread: 0x0000020c7bd25110
stack at sp + 2 slots: 0x000000790fbfddd8 is pointing into the stack for thread: 0x0000020c7bd25110
stack at sp + 3 slots: 0x0000020c7bd25110 is a thread
stack at sp + 4 slots: 0x000000790fbfd970 is pointing into the stack for thread: 0x0000020c7bd25110
stack at sp + 5 slots: 0x00007ffe4fe975f5 jvm.dll
stack at sp + 6 slots: 0x000000790fbfd8b0 is pointing into the stack for thread: 0x0000020c7bd25110
stack at sp + 7 slots: 0x0000020c7bd25110 is a thread


Compiled method (c1) 3127 3407       1       java.lang.invoke.Invokers$Holder::invokeExact_MT (24 bytes)
 total in heap  [0x0000020c6aa58710,0x0000020c6aa58c90] = 1408
 relocation     [0x0000020c6aa58870,0x0000020c6aa588e0] = 112
 main code      [0x0000020c6aa588e0,0x0000020c6aa58a80] = 416
 stub code      [0x0000020c6aa58a80,0x0000020c6aa58af0] = 112
 metadata       [0x0000020c6aa58af0,0x0000020c6aa58b20] = 48
 scopes data    [0x0000020c6aa58b20,0x0000020c6aa58bb0] = 144
 scopes pcs     [0x0000020c6aa58bb0,0x0000020c6aa58c60] = 176
 dependencies   [0x0000020c6aa58c60,0x0000020c6aa58c70] = 16
 nul chk table  [0x0000020c6aa58c70,0x0000020c6aa58c90] = 32

[Constant Pool (empty)]

[MachCode]
[Verified Entry Point]
  # {method} {0x0000020c000b00a8} 'invokeExact_MT' '(Ljava/lang/Object;Ljava/lang/Object;Ljava/lang/Object;Ljava/lang/Object;)Ljava/lang/Object;' in 'java/lang/invoke/Invokers$Holder'
  # parm0:    rdx:rdx   = 'java/lang/Object'
  # parm1:    r8:r8     = 'java/lang/Object'
  # parm2:    r9:r9     = 'java/lang/Object'
  # parm3:    rdi:rdi   = 'java/lang/Object'
  #           [sp+0x90]  (sp of caller)
  0x0000020c6aa588e0: 8984 2400 | 80ff ff55 | 4881 ec80 | 0000 0090 | 4181 7f20 | 0400 0000 

  0x0000020c6aa588f8: ;   {runtime_call StubRoutines (final stubs)}
  0x0000020c6aa588f8: 7405 e861 | c47a ff4c | 8944 2448 | 4c89 4c24 | 5048 897c | 2460 4885 | d20f 8429 

  0x0000020c6aa58914: ;   {metadata('java/lang/invoke/MethodHandle')}
  0x0000020c6aa58914: 0000 0048 | b988 0306 | 000c 0200 | 008b 4208 | 49ba 0000 | 0000 0c02 | 0000 4903 | c248 3b48 
  0x0000020c6aa58934: 380f 85e4 | 0000 00e9 | 0000 0000 | 488b f248 | 8974 2458 | 4885 ff0f | 8428 0000 

  0x0000020c6aa58950: ;   {metadata('java/lang/invoke/MethodType')}
  0x0000020c6aa58950: 0048 b9d0 | f505 000c | 0200 008b | 5708 49ba | 0000 0000 | 0c02 0000 | 4903 d248 | 3bca 0f85 
  0x0000020c6aa58970: b400 0000 | e900 0000 | 0048 8bdf 

  0x0000020c6aa5897c: ; implicit exception: dispatches to 0x0000020c6aa58a31
  0x0000020c6aa5897c: 8b46 1048 | c1e0 0348 | 3bc3 0f85 | 5e00 0000 | 8b56 1448 | c1e2 038b | 521c 48c1 | e203 4885 
  0x0000020c6aa5899c: d20f 8511 | 0000 0048 

  0x0000020c6aa589a4: ;   {static_call}
  0x0000020c6aa589a4: 8bd6 90e8 

  0x0000020c6aa589a8: ; ImmutableOopMap {[72]=Oop [80]=Oop [88]=Oop [96]=Oop }
                      ;*invokestatic maybeCustomize {reexecute=0 rethrow=0 return_oop=0}
                      ; - java.lang.invoke.Invokers::checkCustomized@19 (line 627)
                      ; - java.lang.invoke.Invokers$Holder::invokeExact_MT@14
  0x0000020c6aa589a8: 94be baff 

  0x0000020c6aa589ac: ;   {other}
  0x0000020c6aa589ac: 0f1f 8400 | 9c02 0000 | 4c8b 4424 | 484c 8b4c | 2450 488b | 5424 580f 

  0x0000020c6aa589c4: ;   {optimized virtual_call}
  0x0000020c6aa589c4: 1f40 00e8 

  0x0000020c6aa589c8: ; ImmutableOopMap {[72]=Oop [80]=Oop [88]=Oop [96]=Oop }
                      ;*invokevirtual invokeBasic {reexecute=0 rethrow=0 return_oop=0}
                      ; - java.lang.invoke.Invokers$Holder::invokeExact_MT@20
  0x0000020c6aa589c8: 3497 a2ff 

  0x0000020c6aa589cc: ;   {other}
  0x0000020c6aa589cc: 0f1f 8400 | bc02 0001 | 4881 c480 | 0000 005d 

  0x0000020c6aa589dc: ;   {poll_return}
  0x0000020c6aa589dc: 493b a748 | 0400 000f | 8752 0000 | 00c3 488b | d04c 8bc3 | 4889 5c24 | 7048 8944 | 2468 0f1f 
  0x0000020c6aa589fc: ;   {static_call}
  0x0000020c6aa589fc: 4400 00e8 

  0x0000020c6aa58a00: ; ImmutableOopMap {[72]=Oop [80]=Oop [88]=Oop [96]=Oop [104]=Oop [112]=Oop }
                      ;*invokestatic newWrongMethodTypeException {reexecute=0 rethrow=0 return_oop=0}
                      ; - java.lang.invoke.Invokers::checkExactType@12 (line 531)
                      ; - java.lang.invoke.Invokers$Holder::invokeExact_MT@10
  0x0000020c6aa58a00: 7c66 7cff 

  0x0000020c6aa58a04: ;   {other}
  0x0000020c6aa58a04: 0f1f 8400 | f402 0002 

  0x0000020c6aa58a0c: ; implicit exception: dispatches to 0x0000020c6aa58a51
                      ; ImmutableOopMap {rax=Oop [72]=Oop [80]=Oop [88]=Oop [96]=Oop [104]=Oop [112]=Oop }
                      ;*athrow {reexecute=1 rethrow=0 return_oop=0}
                      ; - (reexecute) java.lang.invoke.Invokers::checkExactType@15 (line 531)
                      ; - java.lang.invoke.Invokers$Holder::invokeExact_MT@10
                      ;   {section_word}
  0x0000020c6aa58a0c: 483b 0048 | ba0f 8aa5 | 6a0c 0200 

  0x0000020c6aa58a18: ;   {runtime_call handle_exception_nofpu Runtime1 stub}
  0x0000020c6aa58a18: 00e8 62d3 | 88ff 9048 

  0x0000020c6aa58a20: ;   {runtime_call throw_class_cast_exception Runtime1 stub}
  0x0000020c6aa58a20: 8914 24e8 

  0x0000020c6aa58a24: ; ImmutableOopMap {rdx=Oop r8=Oop r9=Oop rdi=Oop [72]=Oop [80]=Oop [96]=Oop }
                      ;*checkcast {reexecute=0 rethrow=0 return_oop=0}
                      ; - java.lang.invoke.Invokers$Holder::invokeExact_MT@1
  0x0000020c6aa58a24: 58df 88ff | 4889 3c24 

  0x0000020c6aa58a2c: ;   {runtime_call throw_class_cast_exception Runtime1 stub}
  0x0000020c6aa58a2c: e84f df88 

  0x0000020c6aa58a30: ; ImmutableOopMap {r8=Oop r9=Oop rdi=Oop rsi=Oop [72]=Oop [80]=Oop [88]=Oop [96]=Oop }
                      ;*checkcast {reexecute=0 rethrow=0 return_oop=0}
                      ; - java.lang.invoke.Invokers$Holder::invokeExact_MT@7
                      ;   {runtime_call throw_null_pointer_exception Runtime1 stub}
  0x0000020c6aa58a30: ffe8 cab6 

  0x0000020c6aa58a34: ; ImmutableOopMap {r8=Oop r9=Oop rdi=Oop rsi=Oop rbx=Oop [72]=Oop [80]=Oop [88]=Oop [96]=Oop }
                      ;*invokevirtual type {reexecute=0 rethrow=0 return_oop=0}
                      ; - java.lang.invoke.Invokers::checkExactType@1 (line 529)
                      ; - java.lang.invoke.Invokers$Holder::invokeExact_MT@10
                      ;   {runtime_call throw_null_pointer_exception Runtime1 stub}
  0x0000020c6aa58a34: 88ff e8c5 

  0x0000020c6aa58a38: ; ImmutableOopMap {r8=Oop r9=Oop rdi=Oop rsi=Oop [72]=Oop [80]=Oop [88]=Oop [96]=Oop }
                      ;*getfield customized {reexecute=1 rethrow=0 return_oop=0}
                      ; - (reexecute) java.lang.invoke.Invokers::checkCustomized@12 (line 626)
                      ; - java.lang.invoke.Invokers$Holder::invokeExact_MT@14
                      ;   {internal_word}
  0x0000020c6aa58a38: b688 ff49 | badc 89a5 | 6a0c 0200 | 004d 8997 | 6004 0000 

  0x0000020c6aa58a4c: ;   {runtime_call SafepointBlob}
  0x0000020c6aa58a4c: e9af cc7c 

  0x0000020c6aa58a50: ;   {runtime_call throw_null_pointer_exception Runtime1 stub}
  0x0000020c6aa58a50: ffe8 aab6 

  0x0000020c6aa58a54: ; ImmutableOopMap {rax=Oop [72]=Oop [80]=Oop [88]=Oop [96]=Oop [104]=Oop [112]=Oop }
                      ;*athrow {reexecute=1 rethrow=0 return_oop=0}
                      ; - (reexecute) java.lang.invoke.Invokers::checkExactType@15 (line 531)
                      ; - java.lang.invoke.Invokers$Holder::invokeExact_MT@10
  0x0000020c6aa58a54: 88ff 498b | 87f8 0400 | 0049 c787 | f804 0000 | 0000 0000 | 49c7 8700 | 0500 0000 | 0000 0048 
  0x0000020c6aa58a74: 81c4 8000 

  0x0000020c6aa58a78: ;   {runtime_call unwind_exception Runtime1 stub}
  0x0000020c6aa58a78: 0000 5de9 | 0099 88ff 
[Stub Code]
  0x0000020c6aa58a80: ;   {no_reloc}
  0x0000020c6aa58a80: 48bb 0000 | 0000 0000 

  0x0000020c6aa58a88: ;   {runtime_call nmethod}
  0x0000020c6aa58a88: 0000 e9fb 

  0x0000020c6aa58a8c: ;   {static_stub}
  0x0000020c6aa58a8c: ffff ff48 | bb00 0000 | 0000 0000 

  0x0000020c6aa58a98: ;   {runtime_call nmethod}
  0x0000020c6aa58a98: 00e9 fbff 

  0x0000020c6aa58a9c: ;   {static_stub}
  0x0000020c6aa58a9c: ffff 48bb | 0000 0000 | 0000 0000 

  0x0000020c6aa58aa8: ;   {runtime_call nmethod}
  0x0000020c6aa58aa8: e9fb ffff 

  0x0000020c6aa58aac: ;   {runtime_call handle_exception_from_callee Runtime1 stub}
  0x0000020c6aa58aac: ffe8 ced8 

  0x0000020c6aa58ab0: ;   {external_word}
  0x0000020c6aa58ab0: 88ff 48b9 | 506f 4b50 | fe7f 0000 | 4883 e4f0 

  0x0000020c6aa58ac0: ;   {runtime_call}
  0x0000020c6aa58ac0: 48b8 d040 | 0e50 fe7f | 0000 ffd0 

  0x0000020c6aa58acc: ;   {section_word}
  0x0000020c6aa58acc: f449 bacd | 8aa5 6a0c | 0200 0041 

  0x0000020c6aa58ad8: ;   {runtime_call DeoptimizationBlob}
  0x0000020c6aa58ad8: 52e9 c2be 

  0x0000020c6aa58adc: ;   {section_word}
  0x0000020c6aa58adc: 7cff 49ba | de8a a56a | 0c02 0000 

  0x0000020c6aa58ae8: ;   {runtime_call DeoptimizationBlob}
  0x0000020c6aa58ae8: 4152 e9b1 | be7c fff4 
[/MachCode]


---------------  P R O C E S S  ---------------

Threads class SMR info:
_java_thread_list=0x0000020c7bdf1aa0, length=80, elements={
0x0000020c60085670, 0x0000020c75555690, 0x0000020c75558400, 0x0000020c7555ac80,
0x0000020c7555c6e0, 0x0000020c7555da80, 0x0000020c7555e7b0, 0x0000020c7555f560,
0x0000020c75702bb0, 0x0000020c75763ba0, 0x0000020c75769260, 0x0000020c7a13d9b0,
0x0000020c7a141680, 0x0000020c7a143e20, 0x0000020c7a1bb1e0, 0x0000020c7a22a110,
0x0000020c7a789480, 0x0000020c7ad7a410, 0x0000020c7ad42e00, 0x0000020c7ad43460,
0x0000020c7bbf9d10, 0x0000020c7ba1a380, 0x0000020c7ba1aa10, 0x0000020c7ba1b0a0,
0x0000020c7ba19660, 0x0000020c7ba17c20, 0x0000020c7ba182b0, 0x0000020c7ba19cf0,
0x0000020c7ba18940, 0x0000020c7ba18fd0, 0x0000020c7b7a9f50, 0x0000020c7b7a77f0,
0x0000020c7b7a98c0, 0x0000020c7b7ac020, 0x0000020c7b7a6440, 0x0000020c7b7ab300,
0x0000020c7b7aa5e0, 0x0000020c7b7ab990, 0x0000020c7b7acd40, 0x0000020c7b7ac6b0,
0x0000020c7b7a6ad0, 0x0000020c7b7a8ba0, 0x0000020c7b7a5db0, 0x0000020c7b7ad3d0,
0x0000020c7b7a7160, 0x0000020c7b7a9230, 0x0000020c7b7aac70, 0x0000020c7b7a7e80,
0x0000020c7b7a8510, 0x0000020c7bc60d90, 0x0000020c7bc61420, 0x0000020c7bc5e630,
0x0000020c7bc5ecc0, 0x0000020c7bc5f350, 0x0000020c7bc5f9e0, 0x0000020c7bc60070,
0x0000020c7bc60700, 0x0000020c7bd24a80, 0x0000020c7bd25e30, 0x0000020c7bd25110,
0x0000020c7bd27870, 0x0000020c7bd292b0, 0x0000020c7bd2c0a0, 0x0000020c7bd2ba10,
0x0000020c7bd257a0, 0x0000020c7bd2acf0, 0x0000020c7bd29fd0, 0x0000020c7bd2a660,
0x0000020c7bd264c0, 0x0000020c7bd2b380, 0x0000020c7bd26b50, 0x0000020c7bd29940,
0x0000020c7bd271e0, 0x0000020c7bd27f00, 0x0000020c7bd28590, 0x0000020c7bd28c20,
0x0000020c7bc61ab0, 0x0000020c7be90760, 0x0000020c7be90df0, 0x0000020c7be93550
}

Java Threads: ( => current thread )
  0x0000020c60085670 JavaThread "main"                              [_thread_blocked, id=24228, stack(0x000000790b100000,0x000000790b200000) (1024K)]
  0x0000020c75555690 JavaThread "Reference Handler"          daemon [_thread_blocked, id=33780, stack(0x000000790b900000,0x000000790ba00000) (1024K)]
  0x0000020c75558400 JavaThread "Finalizer"                  daemon [_thread_blocked, id=25008, stack(0x000000790ba00000,0x000000790bb00000) (1024K)]
  0x0000020c7555ac80 JavaThread "Signal Dispatcher"          daemon [_thread_blocked, id=26372, stack(0x000000790bb00000,0x000000790bc00000) (1024K)]
  0x0000020c7555c6e0 JavaThread "Attach Listener"            daemon [_thread_blocked, id=23764, stack(0x000000790bc00000,0x000000790bd00000) (1024K)]
  0x0000020c7555da80 JavaThread "Service Thread"             daemon [_thread_blocked, id=30044, stack(0x000000790bd00000,0x000000790be00000) (1024K)]
  0x0000020c7555e7b0 JavaThread "Monitor Deflation Thread"   daemon [_thread_blocked, id=33528, stack(0x000000790be00000,0x000000790bf00000) (1024K)]
  0x0000020c7555f560 JavaThread "C1 CompilerThread0"         daemon [_thread_blocked, id=21908, stack(0x000000790bf00000,0x000000790c000000) (1024K)]
  0x0000020c75702bb0 JavaThread "Common-Cleaner"             daemon [_thread_blocked, id=28296, stack(0x000000790c000000,0x000000790c100000) (1024K)]
  0x0000020c75763ba0 JavaThread "C1 CompilerThread1"         daemon [_thread_blocked, id=32136, stack(0x000000790c100000,0x000000790c200000) (1024K)]
  0x0000020c75769260 JavaThread "C1 CompilerThread2"         daemon [_thread_blocked, id=32356, stack(0x000000790c200000,0x000000790c300000) (1024K)]
  0x0000020c7a13d9b0 JavaThread "JDWP Transport Listener: dt_socket" daemon [_thread_in_native, id=33044, stack(0x000000790c300000,0x000000790c400000) (1024K)]
  0x0000020c7a141680 JavaThread "JDWP Event Helper Thread"   daemon [_thread_blocked, id=28584, stack(0x000000790c400000,0x000000790c500000) (1024K)]
  0x0000020c7a143e20 JavaThread "Notification Thread"        daemon [_thread_blocked, id=32112, stack(0x000000790c500000,0x000000790c600000) (1024K)]
  0x0000020c7a1bb1e0 JavaThread "Reference Reaper #1"        daemon [_thread_blocked, id=23260, stack(0x000000790c600000,0x000000790c700000) (1024K)]
  0x0000020c7a22a110 JavaThread "C1 CompilerThread3"         daemon [_thread_blocked, id=30516, stack(0x000000790c700000,0x000000790c800000) (1024K)]
  0x0000020c7a789480 JavaThread "Quarkus Devmode keep alive thread"        [_thread_blocked, id=31068, stack(0x000000790cf00000,0x000000790d000000) (1024K)]
  0x0000020c7ad7a410 JavaThread "ForkJoinPool.commonPool-worker-1" daemon [_thread_blocked, id=30528, stack(0x000000790d000000,0x000000790d100000) (1024K)]
  0x0000020c7ad42e00 JavaThread "ForkJoinPool.commonPool-worker-2" daemon [_thread_blocked, id=32172, stack(0x000000790d100000,0x000000790d200000) (1024K)]
  0x0000020c7ad43460 JavaThread "ForkJoinPool.commonPool-worker-3" daemon [_thread_blocked, id=7804, stack(0x000000790d200000,0x000000790d300000) (1024K)]
  0x0000020c7bbf9d10 JavaThread "build-2"                           [_thread_blocked, id=32568, stack(0x000000790d400000,0x000000790d500000) (1024K)]
  0x0000020c7ba1a380 JavaThread "build-3"                           [_thread_blocked, id=28440, stack(0x000000790d500000,0x000000790d600000) (1024K)]
  0x0000020c7ba1aa10 JavaThread "build-4"                           [_thread_blocked, id=31432, stack(0x000000790d600000,0x000000790d700000) (1024K)]
  0x0000020c7ba1b0a0 JavaThread "build-5"                           [_thread_blocked, id=27660, stack(0x000000790d700000,0x000000790d800000) (1024K)]
  0x0000020c7ba19660 JavaThread "build-6"                           [_thread_blocked, id=32728, stack(0x000000790d800000,0x000000790d900000) (1024K)]
  0x0000020c7ba17c20 JavaThread "build-7"                           [_thread_blocked, id=30144, stack(0x000000790d900000,0x000000790da00000) (1024K)]
  0x0000020c7ba182b0 JavaThread "build-8"                           [_thread_blocked, id=27452, stack(0x000000790da00000,0x000000790db00000) (1024K)]
  0x0000020c7ba19cf0 JavaThread "build-9"                           [_thread_blocked, id=30496, stack(0x000000790db00000,0x000000790dc00000) (1024K)]
  0x0000020c7ba18940 JavaThread "build-10"                          [_thread_blocked, id=27544, stack(0x000000790dc00000,0x000000790dd00000) (1024K)]
  0x0000020c7ba18fd0 JavaThread "build-11"                          [_thread_blocked, id=25844, stack(0x000000790dd00000,0x000000790de00000) (1024K)]
  0x0000020c7b7a9f50 JavaThread "build-12"                          [_thread_blocked, id=3184, stack(0x000000790de00000,0x000000790df00000) (1024K)]
  0x0000020c7b7a77f0 JavaThread "build-13"                          [_thread_blocked, id=27616, stack(0x000000790df00000,0x000000790e000000) (1024K)]
  0x0000020c7b7a98c0 JavaThread "build-14"                          [_thread_blocked, id=25660, stack(0x000000790e000000,0x000000790e100000) (1024K)]
  0x0000020c7b7ac020 JavaThread "build-15"                          [_thread_blocked, id=26564, stack(0x000000790e100000,0x000000790e200000) (1024K)]
  0x0000020c7b7a6440 JavaThread "build-16"                          [_thread_blocked, id=32220, stack(0x000000790e200000,0x000000790e300000) (1024K)]
  0x0000020c7b7ab300 JavaThread "build-17"                          [_thread_blocked, id=26992, stack(0x000000790e300000,0x000000790e400000) (1024K)]
  0x0000020c7b7aa5e0 JavaThread "build-18"                          [_thread_blocked, id=25108, stack(0x000000790e400000,0x000000790e500000) (1024K)]
  0x0000020c7b7ab990 JavaThread "build-19"                          [_thread_blocked, id=18844, stack(0x000000790e500000,0x000000790e600000) (1024K)]
  0x0000020c7b7acd40 JavaThread "build-20"                          [_thread_blocked, id=25820, stack(0x000000790e600000,0x000000790e700000) (1024K)]
  0x0000020c7b7ac6b0 JavaThread "build-21"                          [_thread_blocked, id=33116, stack(0x000000790e700000,0x000000790e800000) (1024K)]
  0x0000020c7b7a6ad0 JavaThread "build-22"                          [_thread_blocked, id=28832, stack(0x000000790e800000,0x000000790e900000) (1024K)]
  0x0000020c7b7a8ba0 JavaThread "build-23"                          [_thread_blocked, id=33380, stack(0x000000790e900000,0x000000790ea00000) (1024K)]
  0x0000020c7b7a5db0 JavaThread "build-24"                          [_thread_blocked, id=26496, stack(0x000000790ea00000,0x000000790eb00000) (1024K)]
  0x0000020c7b7ad3d0 JavaThread "build-25"                          [_thread_blocked, id=32208, stack(0x000000790eb00000,0x000000790ec00000) (1024K)]
  0x0000020c7b7a7160 JavaThread "build-26"                          [_thread_blocked, id=24756, stack(0x000000790ec00000,0x000000790ed00000) (1024K)]
  0x0000020c7b7a9230 JavaThread "build-27"                          [_thread_blocked, id=24340, stack(0x000000790ed00000,0x000000790ee00000) (1024K)]
  0x0000020c7b7aac70 JavaThread "build-28"                          [_thread_blocked, id=32776, stack(0x000000790ee00000,0x000000790ef00000) (1024K)]
  0x0000020c7b7a7e80 JavaThread "build-29"                          [_thread_blocked, id=32880, stack(0x000000790ef00000,0x000000790f000000) (1024K)]
  0x0000020c7b7a8510 JavaThread "build-30"                          [_thread_blocked, id=28604, stack(0x000000790f000000,0x000000790f100000) (1024K)]
  0x0000020c7bc60d90 JavaThread "build-31"                          [_thread_blocked, id=19440, stack(0x000000790f100000,0x000000790f200000) (1024K)]
  0x0000020c7bc61420 JavaThread "build-32"                          [_thread_blocked, id=31852, stack(0x000000790f200000,0x000000790f300000) (1024K)]
  0x0000020c7bc5e630 JavaThread "build-33"                          [_thread_blocked, id=33204, stack(0x000000790f300000,0x000000790f400000) (1024K)]
  0x0000020c7bc5ecc0 JavaThread "build-34"                          [_thread_blocked, id=25916, stack(0x000000790f400000,0x000000790f500000) (1024K)]
  0x0000020c7bc5f350 JavaThread "build-35"                          [_thread_blocked, id=20204, stack(0x000000790f500000,0x000000790f600000) (1024K)]
  0x0000020c7bc5f9e0 JavaThread "build-36"                          [_thread_blocked, id=33060, stack(0x000000790f600000,0x000000790f700000) (1024K)]
  0x0000020c7bc60070 JavaThread "build-37"                          [_thread_blocked, id=31748, stack(0x000000790f700000,0x000000790f800000) (1024K)]
  0x0000020c7bc60700 JavaThread "build-38"                          [_thread_blocked, id=24868, stack(0x000000790f800000,0x000000790f900000) (1024K)]
  0x0000020c7bd24a80 JavaThread "build-39"                          [_thread_blocked, id=26580, stack(0x000000790f900000,0x000000790fa00000) (1024K)]
  0x0000020c7bd25e30 JavaThread "build-40"                          [_thread_blocked, id=30360, stack(0x000000790fa00000,0x000000790fb00000) (1024K)]
=>0x0000020c7bd25110 JavaThread "build-41"                          [_thread_in_vm, id=33400, stack(0x000000790fb00000,0x000000790fc00000) (1024K)]
  0x0000020c7bd27870 JavaThread "build-42"                          [_thread_blocked, id=27200, stack(0x000000790fc00000,0x000000790fd00000) (1024K)]
  0x0000020c7bd292b0 JavaThread "build-43"                          [_thread_blocked, id=32368, stack(0x000000790fd00000,0x000000790fe00000) (1024K)]
  0x0000020c7bd2c0a0 JavaThread "build-44"                          [_thread_blocked, id=21160, stack(0x000000790fe00000,0x000000790ff00000) (1024K)]
  0x0000020c7bd2ba10 JavaThread "build-45"                          [_thread_blocked, id=33732, stack(0x000000790ff00000,0x0000007910000000) (1024K)]
  0x0000020c7bd257a0 JavaThread "build-46"                          [_thread_blocked, id=24316, stack(0x0000007910000000,0x0000007910100000) (1024K)]
  0x0000020c7bd2acf0 JavaThread "build-47"                          [_thread_blocked, id=25816, stack(0x0000007910100000,0x0000007910200000) (1024K)]
  0x0000020c7bd29fd0 JavaThread "build-48"                          [_thread_blocked, id=32932, stack(0x0000007910200000,0x0000007910300000) (1024K)]
  0x0000020c7bd2a660 JavaThread "build-49"                          [_thread_blocked, id=32812, stack(0x0000007910300000,0x0000007910400000) (1024K)]
  0x0000020c7bd264c0 JavaThread "build-50"                          [_thread_blocked, id=23168, stack(0x0000007910400000,0x0000007910500000) (1024K)]
  0x0000020c7bd2b380 JavaThread "build-51"                          [_thread_blocked, id=24192, stack(0x0000007910500000,0x0000007910600000) (1024K)]
  0x0000020c7bd26b50 JavaThread "build-52"                          [_thread_blocked, id=32100, stack(0x0000007910600000,0x0000007910700000) (1024K)]
  0x0000020c7bd29940 JavaThread "build-53"                          [_thread_blocked, id=23400, stack(0x0000007910700000,0x0000007910800000) (1024K)]
  0x0000020c7bd271e0 JavaThread "build-54"                          [_thread_blocked, id=32956, stack(0x0000007910800000,0x0000007910900000) (1024K)]
  0x0000020c7bd27f00 JavaThread "build-55"                          [_thread_blocked, id=30840, stack(0x0000007910900000,0x0000007910a00000) (1024K)]
  0x0000020c7bd28590 JavaThread "build-56"                          [_thread_blocked, id=13528, stack(0x0000007910a00000,0x0000007910b00000) (1024K)]
  0x0000020c7bd28c20 JavaThread "build-57"                          [_thread_blocked, id=32432, stack(0x0000007910b00000,0x0000007910c00000) (1024K)]
  0x0000020c7bc61ab0 JavaThread "build-58"                          [_thread_blocked, id=24108, stack(0x0000007910c00000,0x0000007910d00000) (1024K)]
  0x0000020c7be90760 JavaThread "build-59"                          [_thread_blocked, id=20200, stack(0x0000007910d00000,0x0000007910e00000) (1024K)]
  0x0000020c7be90df0 JavaThread "build-60"                          [_thread_blocked, id=32280, stack(0x0000007910e00000,0x0000007910f00000) (1024K)]
  0x0000020c7be93550 JavaThread "build-61"                          [_thread_blocked, id=24000, stack(0x0000007910f00000,0x0000007911000000) (1024K)]
Total: 80

Other Threads:
  0x0000020c75539d90 VMThread "VM Thread"                           [id=25880, stack(0x000000790b800000,0x000000790b900000) (1024K)] _threads_hazard_ptr=0x0000020c7bdf1aa0
  0x0000020c75524110 WatcherThread "VM Periodic Task Thread"        [id=28504, stack(0x000000790b700000,0x000000790b800000) (1024K)]
  0x0000020c6034af90 WorkerThread "GC Thread#0"                     [id=33684, stack(0x000000790b200000,0x000000790b300000) (1024K)]
  0x0000020c7a3264b0 WorkerThread "GC Thread#1"                     [id=30952, stack(0x000000790c800000,0x000000790c900000) (1024K)]
  0x0000020c7a326850 WorkerThread "GC Thread#2"                     [id=6424, stack(0x000000790c900000,0x000000790ca00000) (1024K)]
  0x0000020c7a326bf0 WorkerThread "GC Thread#3"                     [id=23684, stack(0x000000790ca00000,0x000000790cb00000) (1024K)]
  0x0000020c7a2b72f0 WorkerThread "GC Thread#4"                     [id=22788, stack(0x000000790cb00000,0x000000790cc00000) (1024K)]
  0x0000020c7a2b7690 WorkerThread "GC Thread#5"                     [id=26808, stack(0x000000790cc00000,0x000000790cd00000) (1024K)]
  0x0000020c7a2d20f0 WorkerThread "GC Thread#6"                     [id=25920, stack(0x000000790cd00000,0x000000790ce00000) (1024K)]
  0x0000020c7a336a50 WorkerThread "GC Thread#7"                     [id=31276, stack(0x000000790ce00000,0x000000790cf00000) (1024K)]
  0x0000020c6014df40 ConcurrentGCThread "G1 Main Marker"            [id=27296, stack(0x000000790b300000,0x000000790b400000) (1024K)]
  0x0000020c6014ea40 WorkerThread "G1 Conc#0"                       [id=29372, stack(0x000000790b400000,0x000000790b500000) (1024K)]
  0x0000020c7aea7330 WorkerThread "G1 Conc#1"                       [id=29524, stack(0x000000790d300000,0x000000790d400000) (1024K)]
  0x0000020c753e75a0 ConcurrentGCThread "G1 Refine#0"               [id=5900, stack(0x000000790b500000,0x000000790b600000) (1024K)]
  0x0000020c753e7f20 ConcurrentGCThread "G1 Service"                [id=28820, stack(0x000000790b600000,0x000000790b700000) (1024K)]
Total: 15

Threads with active compile tasks:
Total: 0

VM state: synchronizing (normal execution)

VM Mutex/Monitor currently owned by a thread:  ([mutex/lock_event])
[0x00007ffe5076d380] Threads_lock - owner thread: 0x0000020c75539d90
[0x00007ffe5076d480] Heap_lock - owner thread: 0x0000020c7bd2a660

Heap address: 0x0000000701200000, size: 4078 MB, Compressed Oops mode: Zero based, Oop shift amount: 3

CDS archive(s) mapped at: [0x0000020c00000000-0x0000020c00c80000-0x0000020c00c80000), size 13107200, SharedBaseAddress: 0x0000020c00000000, ArchiveRelocationMode: 1.
Compressed class space mapped at: 0x0000020c01000000-0x0000020c41000000, reserved size: 1073741824
Narrow klass base: 0x0000020c00000000, Narrow klass shift: 0, Narrow klass range: 0x100000000

GC Precious Log:
 CardTable entry size: 512
 Card Set container configuration: InlinePtr #cards 4 size 8 Array Of Cards #cards 16 size 48 Howl #buckets 8 coarsen threshold 3686 Howl Bitmap #cards 512 size 80 coarsen threshold 460 Card regions per heap region 1 cards per card region 4096
 CPUs: 8 total, 8 available
 Memory: 16304M
 Large Page Support: Disabled
 NUMA Support: Disabled
 Compressed Oops: Enabled (Zero based)
 Heap Region Size: 2M
 Heap Min Capacity: 8M
 Heap Initial Capacity: 256M
 Heap Max Capacity: 4078M
 Pre-touch: Disabled
 Parallel Workers: 8
 Concurrent Workers: 2
 Concurrent Refinement Workers: 8
 Periodic GC: Disabled

Heap:
 garbage-first heap   total 108544K, used 43308K [0x0000000701200000, 0x0000000800000000)
  region size 2048K, 9 young (18432K), 4 survivors (8192K)
 Metaspace       used 20822K, committed 21824K, reserved 1114112K
  class space    used 2967K, committed 3456K, reserved 1048576K

Heap Regions: E=young(eden), S=young(survivor), O=old, HS=humongous(starts), HC=humongous(continues), CS=collection set, F=free, TAMS=top-at-mark-start, PB=parsable bottom
|   0|0x0000000701200000, 0x0000000701400000, 0x0000000701400000|100%| O|  |TAMS 0x0000000701400000| PB 0x0000000701200000| Untracked 
|   1|0x0000000701400000, 0x0000000701600000, 0x0000000701600000|100%| O|  |TAMS 0x0000000701600000| PB 0x0000000701400000| Untracked 
|   2|0x0000000701600000, 0x0000000701800000, 0x0000000701800000|100%| O|  |TAMS 0x0000000701800000| PB 0x0000000701600000| Untracked 
|   3|0x0000000701800000, 0x0000000701a00000, 0x0000000701a00000|100%| O|  |TAMS 0x0000000701a00000| PB 0x0000000701800000| Untracked 
|   4|0x0000000701a00000, 0x0000000701c00000, 0x0000000701c00000|100%| O|  |TAMS 0x0000000701c00000| PB 0x0000000701a00000| Untracked 
|   5|0x0000000701c00000, 0x0000000701e00000, 0x0000000701e00000|100%| O|  |TAMS 0x0000000701e00000| PB 0x0000000701c00000| Untracked 
|   6|0x0000000701e00000, 0x0000000702000000, 0x0000000702000000|100%| O|  |TAMS 0x0000000702000000| PB 0x0000000701e00000| Untracked 
|   7|0x0000000702000000, 0x0000000702200000, 0x0000000702200000|100%| O|  |TAMS 0x0000000702200000| PB 0x0000000702000000| Untracked 
|   8|0x0000000702200000, 0x0000000702400000, 0x0000000702400000|100%| O|  |TAMS 0x0000000702200000| PB 0x0000000702200000| Untracked 
|   9|0x0000000702400000, 0x0000000702600000, 0x0000000702600000|100%| O|  |TAMS 0x0000000702600000| PB 0x0000000702400000| Untracked 
|  10|0x0000000702600000, 0x0000000702800000, 0x0000000702800000|100%| O|  |TAMS 0x0000000702800000| PB 0x0000000702600000| Untracked 
|  11|0x0000000702800000, 0x0000000702a00000, 0x0000000702a00000|100%| O|  |TAMS 0x0000000702a00000| PB 0x0000000702800000| Untracked 
|  12|0x0000000702a00000, 0x0000000702c00000, 0x0000000702c00000|100%| O|  |TAMS 0x0000000702b4d980| PB 0x0000000702a00000| Untracked 
|  13|0x0000000702c00000, 0x0000000702c4b090, 0x0000000702e00000| 14%| O|  |TAMS 0x0000000702c00000| PB 0x0000000702c00000| Untracked 
|  14|0x0000000702e00000, 0x0000000702e00000, 0x0000000703000000|  0%| F|  |TAMS 0x0000000702e00000| PB 0x0000000702e00000| Untracked 
|  15|0x0000000703000000, 0x0000000703000000, 0x0000000703200000|  0%| F|  |TAMS 0x0000000703000000| PB 0x0000000703000000| Untracked 
|  16|0x0000000703200000, 0x0000000703200000, 0x0000000703400000|  0%| F|  |TAMS 0x0000000703200000| PB 0x0000000703200000| Untracked 
|  17|0x0000000703400000, 0x0000000703400000, 0x0000000703600000|  0%| F|  |TAMS 0x0000000703400000| PB 0x0000000703400000| Untracked 
|  18|0x0000000703600000, 0x0000000703600000, 0x0000000703800000|  0%| F|  |TAMS 0x0000000703600000| PB 0x0000000703600000| Untracked 
|  19|0x0000000703800000, 0x0000000703800000, 0x0000000703a00000|  0%| F|  |TAMS 0x0000000703800000| PB 0x0000000703800000| Untracked 
|  20|0x0000000703a00000, 0x0000000703a00000, 0x0000000703c00000|  0%| F|  |TAMS 0x0000000703a00000| PB 0x0000000703a00000| Untracked 
|  21|0x0000000703c00000, 0x0000000703c00000, 0x0000000703e00000|  0%| F|  |TAMS 0x0000000703c00000| PB 0x0000000703c00000| Untracked 
|  22|0x0000000703e00000, 0x0000000703e00000, 0x0000000704000000|  0%| F|  |TAMS 0x0000000703e00000| PB 0x0000000703e00000| Untracked 
|  23|0x0000000704000000, 0x0000000704000000, 0x0000000704200000|  0%| F|  |TAMS 0x0000000704000000| PB 0x0000000704000000| Untracked 
|  24|0x0000000704200000, 0x0000000704200000, 0x0000000704400000|  0%| F|  |TAMS 0x0000000704200000| PB 0x0000000704200000| Untracked 
|  25|0x0000000704400000, 0x0000000704400000, 0x0000000704600000|  0%| F|  |TAMS 0x0000000704400000| PB 0x0000000704400000| Untracked 
|  26|0x0000000704600000, 0x0000000704600000, 0x0000000704800000|  0%| F|  |TAMS 0x0000000704600000| PB 0x0000000704600000| Untracked 
|  27|0x0000000704800000, 0x0000000704800000, 0x0000000704a00000|  0%| F|  |TAMS 0x0000000704800000| PB 0x0000000704800000| Untracked 
|  28|0x0000000704a00000, 0x0000000704a00000, 0x0000000704c00000|  0%| F|  |TAMS 0x0000000704a00000| PB 0x0000000704a00000| Untracked 
|  29|0x0000000704c00000, 0x0000000704c00000, 0x0000000704e00000|  0%| F|  |TAMS 0x0000000704c00000| PB 0x0000000704c00000| Untracked 
|  30|0x0000000704e00000, 0x0000000704e00000, 0x0000000705000000|  0%| F|  |TAMS 0x0000000704e00000| PB 0x0000000704e00000| Untracked 
|  31|0x0000000705000000, 0x0000000705000000, 0x0000000705200000|  0%| F|  |TAMS 0x0000000705000000| PB 0x0000000705000000| Untracked 
|  32|0x0000000705200000, 0x0000000705200000, 0x0000000705400000|  0%| F|  |TAMS 0x0000000705200000| PB 0x0000000705200000| Untracked 
|  33|0x0000000705400000, 0x0000000705600000, 0x0000000705600000|100%| S|CS|TAMS 0x0000000705400000| PB 0x0000000705400000| Complete 
|  34|0x0000000705600000, 0x0000000705800000, 0x0000000705800000|100%| S|CS|TAMS 0x0000000705600000| PB 0x0000000705600000| Complete 
|  35|0x0000000705800000, 0x0000000705a00000, 0x0000000705a00000|100%| S|CS|TAMS 0x0000000705800000| PB 0x0000000705800000| Complete 
|  36|0x0000000705a00000, 0x0000000705c00000, 0x0000000705c00000|100%| S|CS|TAMS 0x0000000705a00000| PB 0x0000000705a00000| Complete 
|  37|0x0000000705c00000, 0x0000000705c00000, 0x0000000705e00000|  0%| F|  |TAMS 0x0000000705c00000| PB 0x0000000705c00000| Untracked 
|  38|0x0000000705e00000, 0x0000000705e00000, 0x0000000706000000|  0%| F|  |TAMS 0x0000000705e00000| PB 0x0000000705e00000| Untracked 
|  39|0x0000000706000000, 0x0000000706000000, 0x0000000706200000|  0%| F|  |TAMS 0x0000000706000000| PB 0x0000000706000000| Untracked 
|  40|0x0000000706200000, 0x0000000706200000, 0x0000000706400000|  0%| F|  |TAMS 0x0000000706200000| PB 0x0000000706200000| Untracked 
|  41|0x0000000706400000, 0x0000000706400000, 0x0000000706600000|  0%| F|  |TAMS 0x0000000706400000| PB 0x0000000706400000| Untracked 
|  42|0x0000000706600000, 0x0000000706600000, 0x0000000706800000|  0%| F|  |TAMS 0x0000000706600000| PB 0x0000000706600000| Untracked 
|  43|0x0000000706800000, 0x0000000706800000, 0x0000000706a00000|  0%| F|  |TAMS 0x0000000706800000| PB 0x0000000706800000| Untracked 
|  44|0x0000000706a00000, 0x0000000706a00000, 0x0000000706c00000|  0%| F|  |TAMS 0x0000000706a00000| PB 0x0000000706a00000| Untracked 
|  45|0x0000000706c00000, 0x0000000706c00000, 0x0000000706e00000|  0%| F|  |TAMS 0x0000000706c00000| PB 0x0000000706c00000| Untracked 
|  46|0x0000000706e00000, 0x0000000706e00000, 0x0000000707000000|  0%| F|  |TAMS 0x0000000706e00000| PB 0x0000000706e00000| Untracked 
| 106|0x000000070e600000, 0x000000070e600000, 0x000000070e800000|  0%| F|  |TAMS 0x000000070e600000| PB 0x000000070e600000| Untracked 
| 107|0x000000070e800000, 0x000000070e8f5740, 0x000000070ea00000| 47%| E|  |TAMS 0x000000070e800000| PB 0x000000070e800000| Complete 
| 111|0x000000070f000000, 0x000000070f200000, 0x000000070f200000|100%| E|CS|TAMS 0x000000070f000000| PB 0x000000070f000000| Complete 
| 112|0x000000070f200000, 0x000000070f400000, 0x000000070f400000|100%| E|CS|TAMS 0x000000070f200000| PB 0x000000070f200000| Complete 
| 126|0x0000000710e00000, 0x0000000711000000, 0x0000000711000000|100%| E|CS|TAMS 0x0000000710e00000| PB 0x0000000710e00000| Complete 
| 127|0x0000000711000000, 0x0000000711200000, 0x0000000711200000|100%| E|CS|TAMS 0x0000000711000000| PB 0x0000000711000000| Complete 

Card table byte_map: [0x0000020c6e2b0000,0x0000020c6eab0000] _byte_map_base: 0x0000020c6aaa7000

Marking Bits: (CMBitMap*) 0x0000020c6034b690
 Bits: [0x0000020c6eab0000, 0x0000020c72a68000)

Polling page: 0x0000020c603a0000

Metaspace:

Usage:
  Non-class:     17.44 MB used.
      Class:      2.90 MB used.
       Both:     20.33 MB used.

Virtual space:
  Non-class space:       64.00 MB reserved,      17.94 MB ( 28%) committed,  1 nodes.
      Class space:        1.00 GB reserved,       3.38 MB ( <1%) committed,  1 nodes.
             Both:        1.06 GB reserved,      21.31 MB (  2%) committed. 

Chunk freelists:
   Non-Class:  13.88 MB
       Class:  12.49 MB
        Both:  26.36 MB

MaxMetaspaceSize: unlimited
CompressedClassSpaceSize: 1.00 GB
Initial GC threshold: 21.00 MB
Current GC threshold: 21.31 MB
CDS: on
 - commit_granule_bytes: 65536.
 - commit_granule_words: 8192.
 - virtual_space_node_default_size: 8388608.
 - enlarge_chunks_in_place: 1.
 - use_allocation_guard: 0.


Internal statistics:

num_allocs_failed_limit: 7.
num_arena_births: 1486.
num_arena_deaths: 0.
num_vsnodes_births: 2.
num_vsnodes_deaths: 0.
num_space_committed: 341.
num_space_uncommitted: 0.
num_chunks_returned_to_freelist: 7.
num_chunks_taken_from_freelist: 2700.
num_chunk_merges: 7.
num_chunk_splits: 1544.
num_chunks_enlarged: 693.
num_inconsistent_stats: 0.

CodeCache: size=49152Kb used=9776Kb max_used=9776Kb free=39375Kb
 bounds [0x0000020c6a1d0000, 0x0000020c6ab60000, 0x0000020c6d1d0000]
 total_blobs=4476 nmethods=3942 adapters=455
 compilation: enabled
              stopped_count=0, restarted_count=0
 full_count=0

Compilation events (20 events):
Event: 3.060 Thread 0x0000020c7a22a110 nmethod 3916 0x0000020c6ab52510 code [0x0000020c6ab526c0, 0x0000020c6ab528b0]
Event: 3.060 Thread 0x0000020c75763ba0 nmethod 3914 0x0000020c6ab52910 code [0x0000020c6ab52b60, 0x0000020c6ab533a0]
Event: 3.061 Thread 0x0000020c75763ba0 3917       1       io.quarkus.gizmo.BytecodeCreatorImpl$5::writeBytecode (65 bytes)
Event: 3.061 Thread 0x0000020c7a22a110 3918       1       org.jboss.jandex.IndexReaderV2::updateAnnotationTargetInfo (134 bytes)
Event: 3.062 Thread 0x0000020c7555f560 3919       1       org.jboss.jandex.MethodInternal::annotationArray (31 bytes)
Event: 3.062 Thread 0x0000020c7555f560 nmethod 3919 0x0000020c6ab53810 code [0x0000020c6ab539a0, 0x0000020c6ab53a98]
Event: 3.062 Thread 0x0000020c75769260 3920       1       io.quarkus.gizmo.BytecodeCreatorImpl$5::getInputResultHandles (8 bytes)
Event: 3.062 Thread 0x0000020c7a22a110 nmethod 3918 0x0000020c6ab53b10 code [0x0000020c6ab53d20, 0x0000020c6ab542e8]
Event: 3.062 Thread 0x0000020c7555f560 3921       1       org.jboss.jandex.FieldInternal::annotationArray (5 bytes)
Event: 3.062 Thread 0x0000020c75769260 nmethod 3920 0x0000020c6ab54610 code [0x0000020c6ab547a0, 0x0000020c6ab54928]
Event: 3.062 Thread 0x0000020c7555f560 nmethod 3921 0x0000020c6ab54a10 code [0x0000020c6ab54ba0, 0x0000020c6ab54c70]
Event: 3.062 Thread 0x0000020c75763ba0 nmethod 3917 0x0000020c6ab54d10 code [0x0000020c6ab54f60, 0x0000020c6ab55498]
Event: 3.063 Thread 0x0000020c7555f560 3922       1       org.jboss.jandex.Type::name (5 bytes)
Event: 3.063 Thread 0x0000020c7555f560 nmethod 3922 0x0000020c6ab55a90 code [0x0000020c6ab55c20, 0x0000020c6ab55cf0]
Event: 3.063 Thread 0x0000020c7555f560 3923       1       org.jboss.jandex.ImmutableArrayList::size (6 bytes)
Event: 3.063 Thread 0x0000020c7555f560 nmethod 3923 0x0000020c6ab55d90 code [0x0000020c6ab55f20, 0x0000020c6ab55ff8]
Event: 3.063 Thread 0x0000020c75763ba0 3924       1       java.util.AbstractList$Itr::hasNext (20 bytes)
Event: 3.063 Thread 0x0000020c7a22a110 3925       1       org.jboss.jandex.ImmutableArrayList::get (7 bytes)
Event: 3.064 Thread 0x0000020c75763ba0 nmethod 3924 0x0000020c6ab56090 code [0x0000020c6ab56240, 0x0000020c6ab56360]
Event: 3.064 Thread 0x0000020c7a22a110 nmethod 3925 0x0000020c6ab56410 code [0x0000020c6ab565a0, 0x0000020c6ab56698]

GC Heap History (14 events):
Event: 1.124 GC heap before
{Heap before GC invocations=0 (full 0):
 garbage-first heap   total 262144K, used 20480K [0x0000000701200000, 0x0000000800000000)
  region size 2048K, 11 young (22528K), 0 survivors (0K)
 Metaspace       used 3848K, committed 4160K, reserved 1114112K
  class space    used 443K, committed 576K, reserved 1048576K
}
Event: 1.134 GC heap after
{Heap after GC invocations=1 (full 0):
 garbage-first heap   total 262144K, used 9770K [0x0000000701200000, 0x0000000800000000)
  region size 2048K, 2 young (4096K), 2 survivors (4096K)
 Metaspace       used 3848K, committed 4160K, reserved 1114112K
  class space    used 443K, committed 576K, reserved 1048576K
}
Event: 1.470 GC heap before
{Heap before GC invocations=1 (full 0):
 garbage-first heap   total 262144K, used 28202K [0x0000000701200000, 0x0000000800000000)
  region size 2048K, 12 young (24576K), 2 survivors (4096K)
 Metaspace       used 4136K, committed 4416K, reserved 1114112K
  class space    used 494K, committed 640K, reserved 1048576K
}
Event: 1.476 GC heap after
{Heap after GC invocations=2 (full 0):
 garbage-first heap   total 262144K, used 16782K [0x0000000701200000, 0x0000000800000000)
  region size 2048K, 2 young (4096K), 2 survivors (4096K)
 Metaspace       used 4136K, committed 4416K, reserved 1114112K
  class space    used 494K, committed 640K, reserved 1048576K
}
Event: 1.675 GC heap before
{Heap before GC invocations=2 (full 0):
 garbage-first heap   total 262144K, used 47502K [0x0000000701200000, 0x0000000800000000)
  region size 2048K, 17 young (34816K), 2 survivors (4096K)
 Metaspace       used 4759K, committed 5056K, reserved 1114112K
  class space    used 562K, committed 704K, reserved 1048576K
}
Event: 1.680 GC heap after
{Heap after GC invocations=3 (full 0):
 garbage-first heap   total 262144K, used 21417K [0x0000000701200000, 0x0000000800000000)
  region size 2048K, 3 young (6144K), 3 survivors (6144K)
 Metaspace       used 4759K, committed 5056K, reserved 1114112K
  class space    used 562K, committed 704K, reserved 1048576K
}
Event: 2.129 GC heap before
{Heap before GC invocations=3 (full 0):
 garbage-first heap   total 262144K, used 50089K [0x0000000701200000, 0x0000000800000000)
  region size 2048K, 18 young (36864K), 3 survivors (6144K)
 Metaspace       used 8889K, committed 9216K, reserved 1114112K
  class space    used 1147K, committed 1280K, reserved 1048576K
}
Event: 2.133 GC heap after
{Heap after GC invocations=4 (full 0):
 garbage-first heap   total 262144K, used 23687K [0x0000000701200000, 0x0000000800000000)
  region size 2048K, 4 young (8192K), 4 survivors (8192K)
 Metaspace       used 8889K, committed 9216K, reserved 1114112K
  class space    used 1147K, committed 1280K, reserved 1048576K
}
Event: 2.589 GC heap before
{Heap before GC invocations=5 (full 0):
 garbage-first heap   total 90112K, used 68743K [0x0000000701200000, 0x0000000800000000)
  region size 2048K, 26 young (53248K), 4 survivors (8192K)
 Metaspace       used 13385K, committed 13824K, reserved 1114112K
  class space    used 1718K, committed 1920K, reserved 1048576K
}
Event: 2.597 GC heap after
{Heap after GC invocations=6 (full 0):
 garbage-first heap   total 90112K, used 26533K [0x0000000701200000, 0x0000000800000000)
  region size 2048K, 3 young (6144K), 3 survivors (6144K)
 Metaspace       used 13385K, committed 13824K, reserved 1114112K
  class space    used 1718K, committed 1920K, reserved 1048576K
}
Event: 2.883 GC heap before
{Heap before GC invocations=6 (full 0):
 garbage-first heap   total 90112K, used 65445K [0x0000000701200000, 0x0000000800000000)
  region size 2048K, 23 young (47104K), 3 survivors (6144K)
 Metaspace       used 17840K, committed 18432K, reserved 1114112K
  class space    used 2467K, committed 2752K, reserved 1048576K
}
Event: 2.891 GC heap after
{Heap after GC invocations=7 (full 0):
 garbage-first heap   total 108544K, used 30006K [0x0000000701200000, 0x0000000800000000)
  region size 2048K, 3 young (6144K), 3 survivors (6144K)
 Metaspace       used 17840K, committed 18432K, reserved 1114112K
  class space    used 2467K, committed 2752K, reserved 1048576K
}
Event: 3.037 GC heap before
{Heap before GC invocations=7 (full 0):
 garbage-first heap   total 108544K, used 58678K [0x0000000701200000, 0x0000000800000000)
  region size 2048K, 19 young (38912K), 3 survivors (6144K)
 Metaspace       used 20539K, committed 21504K, reserved 1114112K
  class space    used 2927K, committed 3392K, reserved 1048576K
}
Event: 3.044 GC heap after
{Heap after GC invocations=8 (full 0):
 garbage-first heap   total 108544K, used 35116K [0x0000000701200000, 0x0000000800000000)
  region size 2048K, 4 young (8192K), 4 survivors (8192K)
 Metaspace       used 20539K, committed 21504K, reserved 1114112K
  class space    used 2927K, committed 3392K, reserved 1048576K
}

Dll operation events (11 events):
Event: 0.022 Loaded shared library C:\Program Files\Eclipse Adoptium\jdk-21.0.5.11-hotspot\bin\java.dll
Event: 0.130 Loaded shared library C:\Program Files\Eclipse Adoptium\jdk-21.0.5.11-hotspot\bin\zip.dll
Event: 0.135 Loaded shared library C:\Program Files\Eclipse Adoptium\jdk-21.0.5.11-hotspot\bin\instrument.dll
Event: 0.141 Loaded shared library C:\Program Files\Eclipse Adoptium\jdk-21.0.5.11-hotspot\bin\net.dll
Event: 0.144 Loaded shared library C:\Program Files\Eclipse Adoptium\jdk-21.0.5.11-hotspot\bin\nio.dll
Event: 0.149 Loaded shared library C:\Program Files\Eclipse Adoptium\jdk-21.0.5.11-hotspot\bin\zip.dll
Event: 0.249 Loaded shared library C:\Program Files\Eclipse Adoptium\jdk-21.0.5.11-hotspot\bin\jimage.dll
Event: 1.777 Loaded shared library C:\Program Files\Eclipse Adoptium\jdk-21.0.5.11-hotspot\bin\verify.dll
Event: 2.988 Loaded shared library C:\Program Files\Eclipse Adoptium\jdk-21.0.5.11-hotspot\bin\management.dll
Event: 2.994 Loaded shared library C:\Program Files\Eclipse Adoptium\jdk-21.0.5.11-hotspot\bin\management_ext.dll
Event: 3.062 Loaded shared library C:\Users\Anthimos Samaras\.gradle\native\jansi\1.18\windows64\jansi.dll

Deoptimization events (20 events):
Event: 2.816 Thread 0x0000020c7be90df0 DEOPT PACKING pc=0x0000020c6a8b84f4 sp=0x0000007910efe5d0
Event: 2.817 Thread 0x0000020c7be90df0 DEOPT UNPACKING pc=0x0000020c6a224e42 sp=0x0000007910efdb60 mode 1
Event: 2.817 Thread 0x0000020c7be90df0 DEOPT PACKING pc=0x0000020c6a65ac8c sp=0x0000007910efe530
Event: 2.817 Thread 0x0000020c7be90df0 DEOPT UNPACKING pc=0x0000020c6a224e42 sp=0x0000007910efda00 mode 1
Event: 2.818 Thread 0x0000020c7be90df0 DEOPT PACKING pc=0x0000020c6a8b84f4 sp=0x0000007910efe5d0
Event: 2.818 Thread 0x0000020c7be90df0 DEOPT UNPACKING pc=0x0000020c6a224e42 sp=0x0000007910efdb60 mode 1
Event: 2.828 Thread 0x0000020c7ba19660 DEOPT PACKING pc=0x0000020c6a65ac8c sp=0x000000790d8fe200
Event: 2.828 Thread 0x0000020c7ba19660 DEOPT UNPACKING pc=0x0000020c6a224e42 sp=0x000000790d8fd6d0 mode 1
Event: 2.829 Thread 0x0000020c7ba19660 DEOPT PACKING pc=0x0000020c6a8b84f4 sp=0x000000790d8fe2a0
Event: 2.829 Thread 0x0000020c7ba19660 DEOPT UNPACKING pc=0x0000020c6a224e42 sp=0x000000790d8fd830 mode 1
Event: 2.831 Thread 0x0000020c7ba19660 DEOPT PACKING pc=0x0000020c6a65ac8c sp=0x000000790d8fe200
Event: 2.831 Thread 0x0000020c7ba19660 DEOPT UNPACKING pc=0x0000020c6a224e42 sp=0x000000790d8fd6d0 mode 1
Event: 2.831 Thread 0x0000020c7ba19660 DEOPT PACKING pc=0x0000020c6a8b84f4 sp=0x000000790d8fe2a0
Event: 2.831 Thread 0x0000020c7ba19660 DEOPT UNPACKING pc=0x0000020c6a224e42 sp=0x000000790d8fd830 mode 1
Event: 3.021 Thread 0x0000020c7bc5ecc0 DEOPT PACKING pc=0x0000020c6ab1dfc4 sp=0x000000790f4fe650
Event: 3.021 Thread 0x0000020c7bc5ecc0 DEOPT UNPACKING pc=0x0000020c6a224e42 sp=0x000000790f4fdaf8 mode 0
Event: 3.065 Thread 0x0000020c7b7a7e80 DEOPT PACKING pc=0x0000020c6a950982 sp=0x000000790eff8700
Event: 3.065 Thread 0x0000020c7b7a7e80 DEOPT UNPACKING pc=0x0000020c6a224e42 sp=0x000000790eff7be8 mode 1
Event: 3.065 Thread 0x0000020c7b7a7e80 DEOPT PACKING pc=0x0000020c6a61b1b4 sp=0x000000790eff87b0
Event: 3.065 Thread 0x0000020c7b7a7e80 DEOPT UNPACKING pc=0x0000020c6a224e42 sp=0x000000790eff7ca0 mode 1

Classes loaded (20 events):
Event: 3.022 Loading class java/lang/management/ManagementPermission
Event: 3.022 Loading class java/lang/management/ManagementPermission done
Event: 3.023 Loading class java/util/regex/Pattern$SliceS
Event: 3.023 Loading class java/util/regex/Pattern$SliceS done
Event: 3.023 Loading class java/net/InetAddress$NameServiceAddresses
Event: 3.023 Loading class java/net/InetAddress$Addresses
Event: 3.023 Loading class java/net/InetAddress$Addresses done
Event: 3.023 Loading class java/net/InetAddress$NameServiceAddresses done
Event: 3.023 Loading class java/net/spi/InetAddressResolverProvider
Event: 3.023 Loading class java/net/spi/InetAddressResolverProvider done
Event: 3.026 Loading class sun/net/InetAddressCachePolicy
Event: 3.026 Loading class sun/net/InetAddressCachePolicy done
Event: 3.026 Loading class sun/net/InetAddressCachePolicy$1
Event: 3.026 Loading class sun/net/InetAddressCachePolicy$1 done
Event: 3.026 Loading class java/net/InetAddress$CachedLookup
Event: 3.026 Loading class java/net/InetAddress$CachedLookup done
Event: 3.060 Loading class java/util/LinkedList$Node
Event: 3.060 Loading class java/util/LinkedList$Node done
Event: 3.063 Loading class jdk/internal/loader/NativeLibraries$Unloader
Event: 3.063 Loading class jdk/internal/loader/NativeLibraries$Unloader done

Classes unloaded (0 events):
No events

Classes redefined (0 events):
No events

Internal exceptions (20 events):
Event: 2.907 Thread 0x0000020c7ba1b0a0 Exception <a 'java/lang/NoSuchMethodError'{0x000000070f324358}: 'java.lang.Object java.lang.invoke.DelegatingMethodHandle$Holder.reinvoke_L(java.lang.Object, java.lang.Object, java.lang.Object, java.lang.Object, int, int)'> (0x000000070f324358) 
thrown [s\src\hotspot\share\interpreter\linkResolver.cpp, line 773]
Event: 2.907 Thread 0x0000020c7bd271e0 Exception <a 'java/lang/NoSuchMethodError'{0x000000070f32e678}: 'java.lang.Object java.lang.invoke.DelegatingMethodHandle$Holder.reinvoke_L(java.lang.Object, java.lang.Object, java.lang.Object, java.lang.Object, int, int)'> (0x000000070f32e678) 
thrown [s\src\hotspot\share\interpreter\linkResolver.cpp, line 773]
Event: 2.907 Thread 0x0000020c7b7ab300 Exception <a 'java/lang/NoSuchMethodError'{0x000000070f2f8a58}: 'java.lang.Object java.lang.invoke.DelegatingMethodHandle$Holder.reinvoke_L(java.lang.Object, java.lang.Object, java.lang.Object, java.lang.Object, int, int)'> (0x000000070f2f8a58) 
thrown [s\src\hotspot\share\interpreter\linkResolver.cpp, line 773]
Event: 2.907 Thread 0x0000020c7b7a7e80 Exception <a 'java/lang/NoSuchMethodError'{0x000000070f34f790}: 'java.lang.Object java.lang.invoke.DelegatingMethodHandle$Holder.reinvoke_L(java.lang.Object, java.lang.Object, java.lang.Object, java.lang.Object, int, int)'> (0x000000070f34f790) 
thrown [s\src\hotspot\share\interpreter\linkResolver.cpp, line 773]
Event: 2.907 Thread 0x0000020c7bc61420 Exception <a 'java/lang/NoSuchMethodError'{0x000000070f3e1a68}: 'java.lang.Object java.lang.invoke.DelegatingMethodHandle$Holder.reinvoke_L(java.lang.Object, java.lang.Object, java.lang.Object, java.lang.Object, int, int)'> (0x000000070f3e1a68) 
thrown [s\src\hotspot\share\interpreter\linkResolver.cpp, line 773]
Event: 2.907 Thread 0x0000020c7ba1aa10 Exception <a 'java/lang/NoSuchMethodError'{0x000000070f3efd20}: 'java.lang.Object java.lang.invoke.DelegatingMethodHandle$Holder.reinvoke_L(java.lang.Object, java.lang.Object, java.lang.Object, java.lang.Object, int, int)'> (0x000000070f3efd20) 
thrown [s\src\hotspot\share\interpreter\linkResolver.cpp, line 773]
Event: 2.907 Thread 0x0000020c7b7ad3d0 Exception <a 'java/lang/NoSuchMethodError'{0x000000070f0175e0}: 'java.lang.Object java.lang.invoke.DelegatingMethodHandle$Holder.reinvoke_L(java.lang.Object, java.lang.Object, java.lang.Object, java.lang.Object, int, int)'> (0x000000070f0175e0) 
thrown [s\src\hotspot\share\interpreter\linkResolver.cpp, line 773]
Event: 2.908 Thread 0x0000020c7bc5ecc0 Exception <a 'java/lang/NoSuchMethodError'{0x0000000711025808}: 'java.lang.Object java.lang.invoke.DelegatingMethodHandle$Holder.reinvoke_L(java.lang.Object, java.lang.Object, java.lang.Object, java.lang.Object, int, int)'> (0x0000000711025808) 
thrown [s\src\hotspot\share\interpreter\linkResolver.cpp, line 773]
Event: 2.935 Thread 0x0000020c7b7ab300 Exception <a 'java/lang/NoSuchMethodError'{0x000000070e910480}: 'void java.lang.invoke.DelegatingMethodHandle$Holder.reinvoke_L(java.lang.Object, java.lang.Object, java.lang.Object, java.lang.Object, java.lang.Object, java.lang.Object, java.lang.Object, java.lang.Object, java.lang.Object)'> (0x000000070e910480) 
thrown [s\src\hotspot\share\interpreter\linkResolver.cpp, line 773]
Event: 2.935 Thread 0x0000020c7bc5f9e0 Exception <a 'java/lang/NoSuchMethodError'{0x000000070e602878}: 'void java.lang.invoke.DelegatingMethodHandle$Holder.reinvoke_L(java.lang.Object, java.lang.Object, java.lang.Object, java.lang.Object, java.lang.Object, java.lang.Object, java.lang.Object, java.lang.Object, java.lang.Object, java.lang.Object, java.lang.Object, java.lang.Object, java.lang.Object, java.lang.Object, java.lang.Object, java.lang.Object, java.lang.Object)'> (0x000000070e602878) 
thrown [s\src\hotspot\share\interpreter\linkResolver.
Event: 2.935 Thread 0x0000020c7bd28c20 Exception <a 'java/lang/NoSuchMethodError'{0x000000070e6444a0}: 'void java.lang.invoke.DirectMethodHandle$Holder.invokeSpecial(java.lang.Object, java.lang.Object, java.lang.Object, java.lang.Object, java.lang.Object, java.lang.Object, java.lang.Object, java.lang.Object, java.lang.Object)'> (0x000000070e6444a0) 
thrown [s\src\hotspot\share\interpreter\linkResolver.cpp, line 773]
Event: 2.937 Thread 0x0000020c7bd28c20 Exception <a 'java/lang/NoSuchMethodError'{0x000000070e647b68}: 'void java.lang.invoke.DelegatingMethodHandle$Holder.reinvoke_L(java.lang.Object, java.lang.Object, java.lang.Object, java.lang.Object, java.lang.Object, java.lang.Object, java.lang.Object, java.lang.Object)'> (0x000000070e647b68) 
thrown [s\src\hotspot\share\interpreter\linkResolver.cpp, line 773]
Event: 2.937 Thread 0x0000020c7b7ab300 Exception <a 'java/lang/NoSuchMethodError'{0x000000070e917270}: 'java.lang.Object java.lang.invoke.Invokers$Holder.invoker(java.lang.Object, java.lang.Object, java.lang.Object, java.lang.Object, java.lang.Object, java.lang.Object, java.lang.Object, java.lang.Object, java.lang.Object)'> (0x000000070e917270) 
thrown [s\src\hotspot\share\interpreter\linkResolver.cpp, line 773]
Event: 2.939 Thread 0x0000020c7bc5f9e0 Exception <a 'java/lang/NoSuchMethodError'{0x000000070e6dc428}: 'java.lang.Object java.lang.invoke.Invokers$Holder.invoker(java.lang.Object, java.lang.Object, java.lang.Object, java.lang.Object, java.lang.Object, java.lang.Object, java.lang.Object, java.lang.Object, java.lang.Object, java.lang.Object, java.lang.Object, java.lang.Object, java.lang.Object, java.lang.Object, java.lang.Object, java.lang.Object, java.lang.Object)'> (0x000000070e6dc428) 
thrown [s\src\hotspot\share\interpreter\linkResolver.cpp, 
Event: 2.941 Thread 0x0000020c7bc5f9e0 Exception <a 'java/lang/NoSuchMethodError'{0x000000070e6e17a0}: 'java.lang.Object java.lang.invoke.DirectMethodHandle$Holder.invokeSpecial(java.lang.Object, java.lang.Object, java.lang.Object, java.lang.Object, java.lang.Object, java.lang.Object, java.lang.Object, java.lang.Object, java.lang.Object, java.lang.Object, java.lang.Object, java.lang.Object, java.lang.Object, java.lang.Object, java.lang.Object, java.lang.Object, java.lang.Object, java.lang.Object)'> (0x000000070e6e17a0) 
thrown [s\src\hotspot\sh
Event: 2.945 Thread 0x0000020c7bc5f9e0 Exception <a 'java/lang/NoSuchMethodError'{0x000000070e6e5f70}: 'java.lang.Object java.lang.invoke.DelegatingMethodHandle$Holder.delegate(java.lang.Object, java.lang.Object, java.lang.Object, java.lang.Object, java.lang.Object, java.lang.Object, java.lang.Object, java.lang.Object, java.lang.Object, java.lang.Object, java.lang.Object, java.lang.Object, java.lang.Object, java.lang.Object, java.lang.Object, java.lang.Object, java.lang.Object)'> (0x000000070e6e5f70) 
thrown [s\src\hotspot\share\interpreter\lin
Event: 2.971 Thread 0x0000020c7bc5ecc0 Exception <a 'java/lang/NoSuchMethodError'{0x0000000706b0bbf0}: 'java.lang.Object java.lang.invoke.Invokers$Holder.invoker(java.lang.Object, java.lang.Object, java.lang.Object, java.lang.Object, java.lang.Object, java.lang.Object, java.lang.Object, java.lang.Object, java.lang.Object, java.lang.Object, java.lang.Object)'> (0x0000000706b0bbf0) 
thrown [s\src\hotspot\share\interpreter\linkResolver.cpp, line 773]
Event: 2.981 Thread 0x0000020c7bc5ecc0 Exception <a 'java/lang/NoSuchMethodError'{0x00000007068ddcd8}: 'java.lang.Object java.lang.invoke.DirectMethodHandle$Holder.invokeStatic(java.lang.Object, java.lang.Object, java.lang.Object, java.lang.Object, java.lang.Object, java.lang.Object, java.lang.Object, java.lang.Object, java.lang.Object, java.lang.Object, java.lang.Object, java.lang.Object, java.lang.Object)'> (0x00000007068ddcd8) 
thrown [s\src\hotspot\share\interpreter\linkResolver.cpp, line 773]
Event: 3.066 Thread 0x0000020c7bd25110 Exception <a 'java/lang/NullPointerException'{0x000000070f1251f8}> (0x000000070f1251f8) 
thrown [s\src\hotspot\share\interpreter\linkResolver.cpp, line 1372]
Event: 3.066 Thread 0x0000020c7bd25110 Exception <a 'java/lang/NoSuchFieldError'{0x000000070f12d370}: STDIN_FILENO> (0x000000070f12d370) 
thrown [s\src\hotspot\share\prims\jni.cpp, line 1989]

ZGC Phase Switch (0 events):
No events

VM Operations (20 events):
Event: 2.667 Executing VM operation: HandshakeAllThreads (Deoptimize)
Event: 2.667 Executing VM operation: HandshakeAllThreads (Deoptimize) done
Event: 2.698 Executing VM operation: HandshakeAllThreads (Deoptimize)
Event: 2.734 Executing VM operation: HandshakeAllThreads (Deoptimize) done
Event: 2.779 Executing VM operation: HandshakeAllThreads (Deoptimize)
Event: 2.828 Executing VM operation: HandshakeAllThreads (Deoptimize) done
Event: 2.830 Executing VM operation: HandshakeAllThreads (Deoptimize)
Event: 2.841 Executing VM operation: HandshakeAllThreads (Deoptimize) done
Event: 2.842 Executing VM operation: HandshakeAllThreads (Deoptimize)
Event: 2.849 Executing VM operation: HandshakeAllThreads (Deoptimize) done
Event: 2.856 Executing VM operation: HandshakeAllThreads (Deoptimize)
Event: 2.874 Executing VM operation: HandshakeAllThreads (Deoptimize) done
Event: 2.881 Executing VM operation: G1CollectForAllocation (G1 Evacuation Pause)
Event: 2.892 Executing VM operation: G1CollectForAllocation (G1 Evacuation Pause) done
Event: 3.008 Executing VM operation: HandshakeAllThreads (Deoptimize)
Event: 3.019 Executing VM operation: HandshakeAllThreads (Deoptimize) done
Event: 3.021 Executing VM operation: HandshakeAllThreads (Deoptimize)
Event: 3.021 Executing VM operation: HandshakeAllThreads (Deoptimize) done
Event: 3.037 Executing VM operation: CollectForMetadataAllocation (Metadata GC Threshold)
Event: 3.044 Executing VM operation: CollectForMetadataAllocation (Metadata GC Threshold) done

Memory protections (0 events):
No events

Nmethod flushes (0 events):
No events

Events (20 events):
Event: 2.713 Thread 0x0000020c60085670 Thread added: 0x0000020c7bd27870
Event: 2.715 Thread 0x0000020c60085670 Thread added: 0x0000020c7bd292b0
Event: 2.717 Thread 0x0000020c60085670 Thread added: 0x0000020c7bd2c0a0
Event: 2.719 Thread 0x0000020c60085670 Thread added: 0x0000020c7bd2ba10
Event: 2.721 Thread 0x0000020c60085670 Thread added: 0x0000020c7bd257a0
Event: 2.723 Thread 0x0000020c60085670 Thread added: 0x0000020c7bd2acf0
Event: 2.725 Thread 0x0000020c60085670 Thread added: 0x0000020c7bd29fd0
Event: 2.727 Thread 0x0000020c60085670 Thread added: 0x0000020c7bd2a660
Event: 2.730 Thread 0x0000020c60085670 Thread added: 0x0000020c7bd264c0
Event: 2.732 Thread 0x0000020c60085670 Thread added: 0x0000020c7bd2b380
Event: 2.734 Thread 0x0000020c60085670 Thread added: 0x0000020c7bd26b50
Event: 2.750 Thread 0x0000020c7bd2b380 Thread added: 0x0000020c7bd29940
Event: 2.750 Thread 0x0000020c7b7a9230 Thread added: 0x0000020c7bd271e0
Event: 2.751 Thread 0x0000020c7bd2b380 Thread added: 0x0000020c7bd27f00
Event: 2.753 Thread 0x0000020c7b7a9230 Thread added: 0x0000020c7bd28590
Event: 2.754 Thread 0x0000020c7bd2b380 Thread added: 0x0000020c7bd28c20
Event: 2.755 Thread 0x0000020c7b7a9230 Thread added: 0x0000020c7bc61ab0
Event: 2.757 Thread 0x0000020c7bd2b380 Thread added: 0x0000020c7be90760
Event: 2.758 Thread 0x0000020c7bc60070 Thread added: 0x0000020c7be90df0
Event: 2.758 Thread 0x0000020c7bd2b380 Thread added: 0x0000020c7be93550


Dynamic libraries:
0x00007ff619550000 - 0x00007ff61955e000 	C:\Program Files\Eclipse Adoptium\jdk-21.0.5.11-hotspot\bin\java.exe
0x00007fff15f70000 - 0x00007fff16187000 	C:\WINDOWS\SYSTEM32\ntdll.dll
0x00007fff14410000 - 0x00007fff144d4000 	C:\WINDOWS\System32\KERNEL32.DLL
0x00007fff13270000 - 0x00007fff13629000 	C:\WINDOWS\System32\KERNELBASE.dll
0x00007fff13a00000 - 0x00007fff13b11000 	C:\WINDOWS\System32\ucrtbase.dll
0x00007ffea9df0000 - 0x00007ffea9e0e000 	C:\Program Files\Eclipse Adoptium\jdk-21.0.5.11-hotspot\bin\VCRUNTIME140.dll
0x00007ffec9c80000 - 0x00007ffec9c98000 	C:\Program Files\Eclipse Adoptium\jdk-21.0.5.11-hotspot\bin\jli.dll
0x00007fff15440000 - 0x00007fff155ee000 	C:\WINDOWS\System32\USER32.dll
0x00007ffefbbd0000 - 0x00007ffefbe62000 	C:\WINDOWS\WinSxS\amd64_microsoft.windows.common-controls_6595b64144ccf1df_6.0.22621.4391_none_2715d37f73803e96\COMCTL32.dll
0x00007fff136a0000 - 0x00007fff136c6000 	C:\WINDOWS\System32\win32u.dll
0x00007fff15310000 - 0x00007fff153b7000 	C:\WINDOWS\System32\msvcrt.dll
0x00007fff14ef0000 - 0x00007fff14f19000 	C:\WINDOWS\System32\GDI32.dll
0x00007fff138e0000 - 0x00007fff139fb000 	C:\WINDOWS\System32\gdi32full.dll
0x00007fff136d0000 - 0x00007fff1376a000 	C:\WINDOWS\System32\msvcp_win.dll
0x00007fff13d40000 - 0x00007fff13d71000 	C:\WINDOWS\System32\IMM32.DLL
0x00007ffef5f00000 - 0x00007ffef5f0c000 	C:\Program Files\Eclipse Adoptium\jdk-21.0.5.11-hotspot\bin\vcruntime140_1.dll
0x00007ffe8a730000 - 0x00007ffe8a7bd000 	C:\Program Files\Eclipse Adoptium\jdk-21.0.5.11-hotspot\bin\msvcp140.dll
0x00007ffe4fac0000 - 0x00007ffe5084f000 	C:\Program Files\Eclipse Adoptium\jdk-21.0.5.11-hotspot\bin\server\jvm.dll
0x00007fff13d80000 - 0x00007fff13e32000 	C:\WINDOWS\System32\ADVAPI32.dll
0x00007fff142c0000 - 0x00007fff14367000 	C:\WINDOWS\System32\sechost.dll
0x00007fff138b0000 - 0x00007fff138d8000 	C:\WINDOWS\System32\bcrypt.dll
0x00007fff14db0000 - 0x00007fff14ec4000 	C:\WINDOWS\System32\RPCRT4.dll
0x00007fff153c0000 - 0x00007fff15431000 	C:\WINDOWS\System32\WS2_32.dll
0x00007fff12f90000 - 0x00007fff12fdd000 	C:\WINDOWS\SYSTEM32\POWRPROF.dll
0x00007fff0b9d0000 - 0x00007fff0ba04000 	C:\WINDOWS\SYSTEM32\WINMM.dll
0x00007fff08180000 - 0x00007fff0818a000 	C:\WINDOWS\SYSTEM32\VERSION.dll
0x00007fff12ec0000 - 0x00007fff12ed3000 	C:\WINDOWS\SYSTEM32\UMPDC.dll
0x00007fff12210000 - 0x00007fff12228000 	C:\WINDOWS\SYSTEM32\kernel.appcore.dll
0x00007ffea84c0000 - 0x00007ffea84ca000 	C:\Program Files\Eclipse Adoptium\jdk-21.0.5.11-hotspot\bin\jimage.dll
0x00007fff107b0000 - 0x00007fff109e2000 	C:\WINDOWS\SYSTEM32\DBGHELP.DLL
0x00007fff14f80000 - 0x00007fff1530f000 	C:\WINDOWS\System32\combase.dll
0x00007fff155f0000 - 0x00007fff156c7000 	C:\WINDOWS\System32\OLEAUT32.dll
0x00007ffef65d0000 - 0x00007ffef6602000 	C:\WINDOWS\SYSTEM32\dbgcore.DLL
0x00007fff13770000 - 0x00007fff137eb000 	C:\WINDOWS\System32\bcryptPrimitives.dll
0x00007ffea3330000 - 0x00007ffea333f000 	C:\Program Files\Eclipse Adoptium\jdk-21.0.5.11-hotspot\bin\instrument.dll
0x00007ffea1f50000 - 0x00007ffea1f6f000 	C:\Program Files\Eclipse Adoptium\jdk-21.0.5.11-hotspot\bin\java.dll
0x00007ffeaf250000 - 0x00007ffeaf28c000 	C:\Program Files\Eclipse Adoptium\jdk-21.0.5.11-hotspot\bin\jdwp.dll
0x00007fff14530000 - 0x00007fff14da6000 	C:\WINDOWS\System32\SHELL32.dll
0x00007fff11160000 - 0x00007fff11a63000 	C:\WINDOWS\SYSTEM32\windows.storage.dll
0x00007fff11020000 - 0x00007fff1115f000 	C:\WINDOWS\SYSTEM32\wintypes.dll
0x00007fff15c60000 - 0x00007fff15d59000 	C:\WINDOWS\System32\SHCORE.dll
0x00007fff15ed0000 - 0x00007fff15f2e000 	C:\WINDOWS\System32\shlwapi.dll
0x00007fff131a0000 - 0x00007fff131cb000 	C:\WINDOWS\SYSTEM32\profapi.dll
0x00007ffea1520000 - 0x00007ffea1538000 	C:\Program Files\Eclipse Adoptium\jdk-21.0.5.11-hotspot\bin\zip.dll
0x00007ffea3270000 - 0x00007ffea3280000 	C:\Program Files\Eclipse Adoptium\jdk-21.0.5.11-hotspot\bin\net.dll
0x00007fff0b360000 - 0x00007fff0b496000 	C:\WINDOWS\SYSTEM32\WINHTTP.dll
0x00007fff126e0000 - 0x00007fff12749000 	C:\WINDOWS\system32\mswsock.dll
0x00007ffea14c0000 - 0x00007ffea14d6000 	C:\Program Files\Eclipse Adoptium\jdk-21.0.5.11-hotspot\bin\nio.dll
0x00007fff0b1b0000 - 0x00007fff0b1bb000 	C:\Program Files\Eclipse Adoptium\jdk-21.0.5.11-hotspot\bin\dt_socket.dll
0x00007fff11cd0000 - 0x00007fff11cfd000 	C:\WINDOWS\SYSTEM32\IPHLPAPI.DLL
0x00007fff11d40000 - 0x00007fff11e42000 	C:\WINDOWS\SYSTEM32\DNSAPI.dll
0x00007fff14ee0000 - 0x00007fff14ee9000 	C:\WINDOWS\System32\NSI.dll
0x00007fff0f1e0000 - 0x00007fff0f1ea000 	C:\Windows\System32\rasadhlp.dll
0x00007fff0a6c0000 - 0x00007fff0a743000 	C:\WINDOWS\System32\fwpuclnt.dll
0x00007ffea2960000 - 0x00007ffea2970000 	C:\Program Files\Eclipse Adoptium\jdk-21.0.5.11-hotspot\bin\verify.dll
0x00007ffea1670000 - 0x00007ffea167a000 	C:\Program Files\Eclipse Adoptium\jdk-21.0.5.11-hotspot\bin\management.dll
0x00007ffea1150000 - 0x00007ffea115b000 	C:\Program Files\Eclipse Adoptium\jdk-21.0.5.11-hotspot\bin\management_ext.dll
0x00007fff15c50000 - 0x00007fff15c58000 	C:\WINDOWS\System32\PSAPI.DLL
0x00007ffefa710000 - 0x00007ffefa71a000 	C:\Users\Anthimos Samaras\.gradle\native\jansi\1.18\windows64\jansi.dll

dbghelp: loaded successfully - version: 4.0.5 - missing functions: none
symbol engine: initialized successfully - sym options: 0x614 - pdb path: .;C:\Program Files\Eclipse Adoptium\jdk-21.0.5.11-hotspot\bin;C:\WINDOWS\SYSTEM32;C:\WINDOWS\WinSxS\amd64_microsoft.windows.common-controls_6595b64144ccf1df_6.0.22621.4391_none_2715d37f73803e96;C:\Program Files\Eclipse Adoptium\jdk-21.0.5.11-hotspot\bin\server;C:\Users\Anthimos Samaras\.gradle\native\jansi\1.18\windows64

VM Arguments:
jvm_args: -javaagent:C:\Users\Anthimos Samaras\.gradle\caches\modules-2\files-2.1\io.quarkus\quarkus-class-change-agent\3.17.0\a0391559d4e47c80140f7891566e0f59578c3d84\quarkus-class-change-agent-3.17.0.jar -Dquarkus-internal.serialized-app-model.path=C:\Users\Anthimos Samaras\Desktop\industrial project\informationSystems\my-app\backend\build\tmp\quarkusDev\quarkus-app-model.dat -Dquarkus-internal-test.serialized-app-model.path=C:\Users\Anthimos Samaras\Desktop\industrial project\informationSystems\my-app\backend\build\tmp\quarkusDev\quarkus-app-test-model.dat -XX:TieredStopAtLevel=1 -agentlib:jdwp=transport=dt_socket,address=localhost:5005,server=y,suspend=n -Djava.util.logging.manager=org.jboss.logmanager.LogManager 
java_command: C:\Users\Anthimos Samaras\Desktop\industrial project\informationSystems\my-app\backend\build\backend-dev.jar
java_class_path (initial): C:\Users\Anthimos Samaras\Desktop\industrial project\informationSystems\my-app\backend\build\backend-dev.jar
Launcher Type: SUN_STANDARD

[Global flags]
     intx CICompilerCount                          = 4                                         {product} {ergonomic}
     uint ConcGCThreads                            = 2                                         {product} {ergonomic}
     uint G1ConcRefinementThreads                  = 8                                         {product} {ergonomic}
   size_t G1HeapRegionSize                         = 2097152                                   {product} {ergonomic}
    uintx GCDrainStackTargetSize                   = 64                                        {product} {ergonomic}
   size_t InitialHeapSize                          = 268435456                                 {product} {ergonomic}
   size_t MarkStackSize                            = 4194304                                   {product} {ergonomic}
   size_t MaxHeapSize                              = 4276092928                                {product} {ergonomic}
   size_t MaxNewSize                               = 2564816896                                {product} {ergonomic}
   size_t MinHeapDeltaBytes                        = 2097152                                   {product} {ergonomic}
   size_t MinHeapSize                              = 8388608                                   {product} {ergonomic}
    uintx NonNMethodCodeHeapSize                   = 4096                                   {pd product} {ergonomic}
    uintx NonProfiledCodeHeapSize                  = 0                                      {pd product} {ergonomic}
     bool ProfileInterpreter                       = false                                  {pd product} {command line}
    uintx ProfiledCodeHeapSize                     = 0                                      {pd product} {ergonomic}
   size_t SoftMaxHeapSize                          = 4276092928                             {manageable} {ergonomic}
     intx TieredStopAtLevel                        = 1                                         {product} {command line}
     bool UseCompressedOops                        = true                           {product lp64_product} {ergonomic}
     bool UseG1GC                                  = true                                      {product} {ergonomic}
     bool UseLargePagesIndividualAllocation        = false                                  {pd product} {ergonomic}

Logging:
Log output configuration:
 #0: stdout all=warning uptime,level,tags foldmultilines=false
 #1: stderr all=off uptime,level,tags foldmultilines=false

Environment Variables:
CLASSPATH="C:\ProgramData\chocolatey\lib\quarkus\quarkus-cli-3.16.4"\etc;"C:\ProgramData\chocolatey\lib\quarkus\quarkus-cli-3.16.4\lib"\quarkus-cli-3.16.4-runner.jar
PATH=C:\Program Files\Eclipse Adoptium\jdk-21.0.5.11-hotspot\bin;C:\Program Files\Common Files\Oracle\Java\javapath;C:\Windows\system32;C:\Windows;C:\Windows\System32\Wbem;C:\Windows\System32\WindowsPowerShell\v1.0\;C:\Windows\System32\OpenSSH\;C:\Program Files\NVIDIA Corporation\NVIDIA NvDLISR;C:\Program Files (x86)\NVIDIA Corporation\PhysX\Common;C:\WINDOWS\system32;C:\WINDOWS;C:\WINDOWS\System32\Wbem;C:\WINDOWS\System32\WindowsPowerShell\v1.0\;C:\WINDOWS\System32\OpenSSH\;C:\Program Files\Git\cmd;C:\Program Files (x86)\Microsoft SQL Server\160\Tools\Binn\;C:\Program Files\Microsoft SQL Server\160\Tools\Binn\;C:\Program Files\Microsoft SQL Server\Client SDK\ODBC\170\Tools\Binn\;C:\Program Files\Microsoft SQL Server\160\DTS\Binn\;C:\Program Files (x86)\Microsoft SQL Server\160\DTS\Binn\;C:\Program Files\Azure Data Studio\bin;C:\Program Files\nodejs\;C:\Program Files\Ampps\php;;C:\Program Files\Docker\Docker\resources\bin;C:\ProgramData\chocolatey\bin;C:\ProgramData\chocolatey\lib\maven\apache-maven-3.9.9\bin;C:\Program Files\MySQL\MySQL Shell 8.0\bin\;C:\Users\Anthimos Samaras\AppData\Local\activestate\cache\bin;C:\Users\Anthimos Samaras\AppData\Local\ActiveState\StateTool\release\bin;C:\Users\Anthimos Samaras\AppData\Local\Microsoft\WindowsApps;C:\Users\Anthimos Samaras\AppData\Local\Programs\Microsoft VS Code\bin;C:\Program Files\Azure Data Studio\bin;C:\ProgramData\Anthimos Samaras\GitHubDesktop\bin;C:\Users\Anthimos Samaras\AppData\Local\GitHubDesktop\bin;C:\Program Files\JetBrains\PyCharm 2023.1.4\bin;;C:\Users\Anthimos Samaras\AppData\Roaming\npm;C:\Program Files\swipl\bin
USERNAME=Anthimos Samaras
LANG=en_US.UTF-8
OS=Windows_NT
PROCESSOR_IDENTIFIER=Intel64 Family 6 Model 158 Stepping 10, GenuineIntel
TMP=C:\Users\ANTHIM~1\AppData\Local\Temp
TEMP=C:\Users\ANTHIM~1\AppData\Local\Temp




Periodic native trim disabled

---------------  S Y S T E M  ---------------

OS:
 Windows 11 , 64 bit Build 22621 (10.0.22621.4391)
OS uptime: 1 days 20:05 hours
Hyper-V role detected

CPU: total 8 (initial active 8) (4 cores per cpu, 2 threads per core) family 6 model 158 stepping 10 microcode 0xea, cx8, cmov, fxsr, ht, mmx, 3dnowpref, sse, sse2, sse3, ssse3, sse4.1, sse4.2, popcnt, lzcnt, tsc, tscinvbit, avx, avx2, aes, erms, clmul, bmi1, bmi2, adx, fma, vzeroupper, clflush, clflushopt, hv, rdtscp, f16c
Processor Information for all 8 processors :
  Max Mhz: 2400, Current Mhz: 2400, Mhz Limit: 2400

Memory: 4k page, system-wide physical 16304M (1205M free)
TotalPageFile size 30176M (AvailPageFile size 4823M)
current process WorkingSet (physical memory assigned to process): 198M, peak: 198M
current process commit charge ("private bytes"): 252M, peak: 368M

vm_info: OpenJDK 64-Bit Server VM (21.0.5+11-LTS) for windows-amd64 JRE (21.0.5+11-LTS), built on 2024-10-15T00:00:00Z by "admin" with MS VC++ 17.7 (VS2022)

END.
