#
# A fatal error has been detected by the Java Runtime Environment:
#
#  EXCEPTION_ACCESS_VIOLATION (0xc0000005) at pc=0x00007ffe4ff09f38, pid=29244, tid=32932
#
# JRE version: OpenJDK Runtime Environment Temurin-21.0.5+11 (21.0.5+11) (build 21.0.5+11-LTS)
# Java VM: OpenJDK 64-Bit Server VM Temurin-21.0.5+11 (21.0.5+11-LTS, mixed mode, emulated-client, sharing, tiered, compressed oops, compressed class ptrs, g1 gc, windows-amd64)
# Problematic frame:
# V  [jvm.dll+0x449f38]
#
# No core dump will be written. Minidumps are not enabled by default on client versions of Windows
#
# If you would like to submit a bug report, please visit:
#   https://github.com/adoptium/adoptium-support/issues
#

---------------  S U M M A R Y ------------

Command Line: -javaagent:C:\Users\Anthimos Samaras\.gradle\caches\modules-2\files-2.1\io.quarkus\quarkus-class-change-agent\3.17.0\a0391559d4e47c80140f7891566e0f59578c3d84\quarkus-class-change-agent-3.17.0.jar -Dquarkus-internal.serialized-app-model.path=C:\Users\Anthimos Samaras\Desktop\industrial project\informationSystems\my-app\backend\build\tmp\quarkusDev\quarkus-app-model.dat -Dquarkus-internal-test.serialized-app-model.path=C:\Users\Anthimos Samaras\Desktop\industrial project\informationSystems\my-app\backend\build\tmp\quarkusDev\quarkus-app-test-model.dat -XX:TieredStopAtLevel=1 -agentlib:jdwp=transport=dt_socket,address=localhost:5005,server=y,suspend=n -Djava.util.logging.manager=org.jboss.logmanager.LogManager C:\Users\Anthimos Samaras\Desktop\industrial project\informationSystems\my-app\backend\build\backend-dev.jar

Host: Intel(R) Core(TM) i5-9300H CPU @ 2.40GHz, 8 cores, 15G,  Windows 11 , 64 bit Build 22621 (10.0.22621.4391)
Time: Thu Nov 28 19:38:15 2024 GTB Standard Time elapsed time: 3.028608 seconds (0d 0h 0m 3s)

---------------  T H R E A D  ---------------

Current thread (0x00000270714b2f90):  JavaThread "build-54"         [_thread_in_vm, id=32932, stack(0x00000072f3700000,0x00000072f3800000) (1024K)]

Stack: [0x00000072f3700000,0x00000072f3800000],  sp=0x00000072f37fd5e0,  free space=1013k
Native frames: (J=compiled Java code, j=interpreted, Vv=VM code, C=native code)
V  [jvm.dll+0x449f38]
C  [jansi.dll+0x104e]

Java frames: (J=compiled Java code, j=interpreted, Vv=VM code)
j  org.fusesource.jansi.internal.CLibrary.init()V+0
j  org.fusesource.jansi.internal.CLibrary.<clinit>()V+12
v  ~StubRoutines::call_stub 0x000002705ffd100d
j  org.fusesource.jansi.AnsiConsole.ansiStream(Z)Lorg/fusesource/jansi/AnsiPrintStream;+62
j  org.fusesource.jansi.AnsiConsole.initStreams()V+7
j  org.fusesource.jansi.AnsiConsole.out()Lorg/fusesource/jansi/AnsiPrintStream;+0
j  org.aesh.readline.terminal.impl.WinSysTerminal.<init>(Ljava/lang/String;ZLorg/aesh/terminal/Terminal$SignalHandler;)V+4
j  org.aesh.readline.terminal.impl.WinSysTerminal.<init>(Ljava/lang/String;Z)V+6
j  org.aesh.readline.terminal.TerminalBuilder.createWindowsTerminal(Ljava/lang/String;)Lorg/aesh/terminal/Terminal;+24
j  org.aesh.readline.terminal.TerminalBuilder.build()Lorg/aesh/terminal/Terminal;+125
j  org.aesh.readline.tty.terminal.TerminalConnection.<init>(Ljava/nio/charset/Charset;Ljava/nio/charset/Charset;Ljava/io/InputStream;Ljava/io/OutputStream;Ljava/util/function/Consumer;)V+85
j  org.aesh.readline.tty.terminal.TerminalConnection.<init>(Ljava/util/function/Consumer;)V+14
j  io.quarkus.deployment.console.ConsoleHelper.installConsole(Lio/quarkus/deployment/dev/testing/TestConfig;Lio/quarkus/deployment/console/ConsoleConfig;Z)V+109
j  io.quarkus.deployment.console.ConsoleProcessor.setupConsole(Lio/quarkus/deployment/dev/testing/TestConfig;Lio/quarkus/deployment/console/ConsoleConfig;Lio/quarkus/deployment/builditem/LaunchModeBuildItem;Lio/quarkus/deployment/annotations/BuildProducer;)Lio/quarkus/deployment/console/ConsoleInstalledBuildItem;+45
j  java.lang.invoke.LambdaForm$DMH+0x00000270011c1c00.invokeVirtual(Ljava/lang/Object;Ljava/lang/Object;Ljava/lang/Object;Ljava/lang/Object;Ljava/lang/Object;Ljava/lang/Object;)Ljava/lang/Object;+18 java.base@21.0.5
j  java.lang.invoke.LambdaForm$MH+0x000002700124c000.invoke(Ljava/lang/Object;Ljava/lang/Object;Ljava/lang/Object;Ljava/lang/Object;Ljava/lang/Object;)Ljava/lang/Object;+101 java.base@21.0.5
j  java.lang.invoke.LambdaForm$MH+0x0000027001240400.invoke(Ljava/lang/Object;Ljava/lang/Object;Ljava/lang/Object;)Ljava/lang/Object;+66 java.base@21.0.5
J 3404 c1 java.lang.invoke.Invokers$Holder.invokeExact_MT(Ljava/lang/Object;Ljava/lang/Object;Ljava/lang/Object;Ljava/lang/Object;)Ljava/lang/Object; java.base@21.0.5 (24 bytes) @ 0x0000027060855dcc [0x0000027060855ce0+0x00000000000000ec]
j  java.lang.invoke.MethodHandle.invokeWithArguments([Ljava/lang/Object;)Ljava/lang/Object;+28 java.base@21.0.5
j  io.quarkus.deployment.ExtensionLoader$3.execute(Lio/quarkus/builder/BuildContext;)V+268
j  io.quarkus.builder.BuildContext.run()V+71
j  io.quarkus.builder.BuildContext$$Lambda+0x0000027001207398.run()V+4
j  org.jboss.threads.ContextHandler$1.runWith(Ljava/lang/Runnable;Ljava/lang/Object;)V+1
j  org.jboss.threads.EnhancedQueueExecutor$Task.doRunWith(Ljava/lang/Runnable;Ljava/lang/Object;)V+9
j  org.jboss.threads.EnhancedQueueExecutor$Task.run()V+61
j  org.jboss.threads.EnhancedQueueExecutor$ThreadBody.run()V+31
j  java.lang.Thread.runWith(Ljava/lang/Object;Ljava/lang/Runnable;)V+5 java.base@21.0.5
j  java.lang.Thread.run()V+19 java.base@21.0.5
j  org.jboss.threads.JBossThread.run()V+12
v  ~StubRoutines::call_stub 0x000002705ffd100d

siginfo: EXCEPTION_ACCESS_VIOLATION (0xc0000005), reading address 0x0000000000000000


Registers:
RAX=0x0000000000000000, RBX=0x00000270714b2f90, RCX=0x8b8165a033e70000, RDX=0x00000072f37fd700
RSP=0x00000072f37fd5e0, RBP=0x0000000000000000, RSI=0x0000000000000000, RDI=0x0000000000000000
R8 =0x0000000000000000, R9 =0x00000270714c3d20, R10=0x0000000000000034, R11=0x00000072f37fd5d8
R12=0x0000000000000000, R13=0x000002706c2042b0, R14=0x00000072f37fd708, R15=0x00000270714b2f90
RIP=0x00007ffe4ff09f38, EFLAGS=0x0000000000010246


Register to memory mapping:

RAX=0x0 is null
RBX=0x00000270714b2f90 is a thread
RCX=0x8b8165a033e70000 is an unknown value
RDX=0x00000072f37fd700 is pointing into the stack for thread: 0x00000270714b2f90
RSP=0x00000072f37fd5e0 is pointing into the stack for thread: 0x00000270714b2f90
RBP=0x0 is null
RSI=0x0 is null
RDI=0x0 is null
R8 =0x0 is null
R9 =0x00000270714c3d20 points into unknown readable memory: 0x0000000000000002 | 02 00 00 00 00 00 00 00
R10=0x0000000000000034 is an unknown value
R11=0x00000072f37fd5d8 is pointing into the stack for thread: 0x00000270714b2f90
R12=0x0 is null
R13={method} {0x000002706c2042b8} 'init' '()V' in 'org/fusesource/jansi/internal/CLibrary'
R14=0x00000072f37fd708 is pointing into the stack for thread: 0x00000270714b2f90
R15=0x00000270714b2f90 is a thread

Top of Stack: (sp=0x00000072f37fd5e0)
0x00000072f37fd5e0:   00000270714b2f90 00000072f37fdb58
0x00000072f37fd5f0:   00000072f37fdb58 00000270714b2f90
0x00000072f37fd600:   00000072f37fd6f0 00007ffe4fe975f5
0x00000072f37fd610:   00000072f37fd630 00000270714b2f90
0x00000072f37fd620:   00000270714b2f90 0000027071402dd0
0x00000072f37fd630:   00000000000007c5 00007ffe504fe4c0
0x00000072f37fd640:   00000072f37fd700 00007fff0e13104e
0x00000072f37fd650:   00000270485029f4 00007ffe506ea7c0
0x00000072f37fd660:   00000072f37fd6f0 00000270714b3348
0x00000072f37fd670:   00000072f37fdb58 000002705ffe01dd
0x00000072f37fd680:   000002706c2042b0 00000072f37fdb50
0x00000072f37fd690:   0000000000000000 0000000000000001
0x00000072f37fd6a0:   000002705ffdfae6 00000072f37fd6a8
0x00000072f37fd6b0:   000002706c2042b0 0000000000000003
0x00000072f37fd6c0:   000002706c204b48 0000000000000000
0x00000072f37fd6d0:   000000070f3042f8 000002706c2042b0
0x00000072f37fd6e0:   0000000000000000 00000072f37fd710
0x00000072f37fd6f0:   00000072f37fd758 000002705ffd9086
0x00000072f37fd700:   000000070f3042f8 000002705ffdc377
0x00000072f37fd710:   00000072f37fd710 000002706c204874
0x00000072f37fd720:   0000000000000001 000002706c204b48
0x00000072f37fd730:   0000000000000000 000000070f3042f8
0x00000072f37fd740:   000002706c204890 00000072f37fd710
0x00000072f37fd750:   00000072f37fd768 00000072f37fd940
0x00000072f37fd760:   000002705ffd100d 00007ffe5017f801
0x00000072f37fd770:   0000000000000028 00007ffe50068b41
0x00000072f37fd780:   0000000000000000 00007ffe5017f75d
0x00000072f37fd790:   00000270717fac90 00007ffe4fb7f9ce
0x00000072f37fd7a0:   000000070f3042f8 00007ffe4fc979d5
0x00000072f37fd7b0:   0000027071502bf8 00007ffe501efd7d
0x00000072f37fd7c0:   000002705566b8e0 000000070f3042f8
0x00000072f37fd7d0:   00000270578e9540 00007ffe5037b1a4 

Instructions: (pc=0x00007ffe4ff09f38)
0x00007ffe4ff09e38:   49 8b 6b 20 49 8b 73 28 c7 83 44 04 00 00 04 00
0x00007ffe4ff09e48:   00 00 49 8b 5b 18 49 8b e3 5f c3 cc cc cc cc cc
0x00007ffe4ff09e58:   cc cc cc cc cc cc cc cc 48 89 5c 24 10 48 89 6c
0x00007ffe4ff09e68:   24 18 48 89 74 24 20 57 48 83 ec 60 8b 81 b0 00
0x00007ffe4ff09e78:   00 00 48 8d 99 48 fc ff ff 05 53 21 ff ff 41 8b
0x00007ffe4ff09e88:   e9 49 8b f0 83 f8 01 77 08 48 8b cb e8 d7 2c fa
0x00007ffe4ff09e98:   ff 80 3d e6 ab 84 00 00 c7 83 44 04 00 00 06 00
0x00007ffe4ff09ea8:   00 00 75 06 e8 4f 45 27 00 90 48 8b 83 48 04 00
0x00007ffe4ff09eb8:   00 a8 01 74 0d 45 33 c0 b2 01 48 8b cb e8 76 50
0x00007ffe4ff09ec8:   2e 00 8b 83 40 04 00 00 a8 0c 74 08 48 8b cb e8
0x00007ffe4ff09ed8:   44 41 fa ff 33 ff c7 83 44 04 00 00 06 00 00 00
0x00007ffe4ff09ee8:   48 89 5c 24 40 48 89 7c 24 48 48 39 7b 08 74 0a
0x00007ffe4ff09ef8:   48 8d 4c 24 40 e8 ce 06 2b 00 40 38 3d 24 0b 85
0x00007ffe4ff09f08:   00 74 2d 4c 8b 0e 48 8d 44 24 70 48 89 44 24 38
0x00007ffe4ff09f18:   45 33 c0 c6 44 24 30 49 33 d2 c6 44 24 28 01 48
0x00007ffe4ff09f28:   8b cb 48 89 74 24 20 89 6c 24 70 e8 d8 e5 13 00
0x00007ffe4ff09f38:   48 8b 06 48 8b 48 70 48 85 c9 74 09 ff 15 d6 50
0x00007ffe4ff09f48:   7d 00 48 8b f8 48 63 4e 10 89 2c 39 48 83 7c 24
0x00007ffe4ff09f58:   48 00 74 0a 48 8d 4c 24 40 e8 ea 06 2b 00 48 8b
0x00007ffe4ff09f68:   bb 98 01 00 00 48 8b 47 10 48 83 38 00 74 08 48
0x00007ffe4ff09f78:   8b cf e8 81 50 f5 ff 48 8b 4f 08 48 8b 47 10 48
0x00007ffe4ff09f88:   89 41 10 48 8b 4f 08 48 8b 47 18 48 89 41 18 48
0x00007ffe4ff09f98:   8b 4f 08 48 8b 47 20 48 89 41 20 48 8d 8b 98 03
0x00007ffe4ff09fa8:   00 00 e8 91 bd ec ff 4c 8d 5c 24 60 90 49 8b 6b
0x00007ffe4ff09fb8:   20 49 8b 73 28 c7 83 44 04 00 00 04 00 00 00 49
0x00007ffe4ff09fc8:   8b 5b 18 49 8b e3 5f c3 48 89 5c 24 10 48 89 6c
0x00007ffe4ff09fd8:   24 18 48 89 74 24 20 57 48 83 ec 60 8b 81 b0 00
0x00007ffe4ff09fe8:   00 00 48 8d 99 48 fc ff ff 05 53 21 ff ff 49 8b
0x00007ffe4ff09ff8:   e9 49 8b f0 83 f8 01 77 08 48 8b cb e8 67 2b fa
0x00007ffe4ff0a008:   ff 80 3d 76 aa 84 00 00 c7 83 44 04 00 00 06 00
0x00007ffe4ff0a018:   00 00 75 06 e8 df 43 27 00 90 48 8b 83 48 04 00
0x00007ffe4ff0a028:   00 a8 01 74 0d 45 33 c0 b2 01 48 8b cb e8 06 4f 


Stack slot to memory mapping:

stack at sp + 0 slots: 0x00000270714b2f90 is a thread
stack at sp + 1 slots: 0x00000072f37fdb58 is pointing into the stack for thread: 0x00000270714b2f90
stack at sp + 2 slots: 0x00000072f37fdb58 is pointing into the stack for thread: 0x00000270714b2f90
stack at sp + 3 slots: 0x00000270714b2f90 is a thread
stack at sp + 4 slots: 0x00000072f37fd6f0 is pointing into the stack for thread: 0x00000270714b2f90
stack at sp + 5 slots: 0x00007ffe4fe975f5 jvm.dll
stack at sp + 6 slots: 0x00000072f37fd630 is pointing into the stack for thread: 0x00000270714b2f90
stack at sp + 7 slots: 0x00000270714b2f90 is a thread


Compiled method (c1) 3076 3404       1       java.lang.invoke.Invokers$Holder::invokeExact_MT (24 bytes)
 total in heap  [0x0000027060855b10,0x0000027060856090] = 1408
 relocation     [0x0000027060855c70,0x0000027060855ce0] = 112
 main code      [0x0000027060855ce0,0x0000027060855e80] = 416
 stub code      [0x0000027060855e80,0x0000027060855ef0] = 112
 metadata       [0x0000027060855ef0,0x0000027060855f20] = 48
 scopes data    [0x0000027060855f20,0x0000027060855fb0] = 144
 scopes pcs     [0x0000027060855fb0,0x0000027060856060] = 176
 dependencies   [0x0000027060856060,0x0000027060856070] = 16
 nul chk table  [0x0000027060856070,0x0000027060856090] = 32

[Constant Pool (empty)]

[MachCode]
[Verified Entry Point]
  # {method} {0x00000270000b00a8} 'invokeExact_MT' '(Ljava/lang/Object;Ljava/lang/Object;Ljava/lang/Object;Ljava/lang/Object;)Ljava/lang/Object;' in 'java/lang/invoke/Invokers$Holder'
  # parm0:    rdx:rdx   = 'java/lang/Object'
  # parm1:    r8:r8     = 'java/lang/Object'
  # parm2:    r9:r9     = 'java/lang/Object'
  # parm3:    rdi:rdi   = 'java/lang/Object'
  #           [sp+0x90]  (sp of caller)
  0x0000027060855ce0: 8984 2400 | 80ff ff55 | 4881 ec80 | 0000 0090 | 4181 7f20 | 0400 0000 

  0x0000027060855cf8: ;   {runtime_call StubRoutines (final stubs)}
  0x0000027060855cf8: 7405 e861 | f07a ff4c | 8944 2448 | 4c89 4c24 | 5048 897c | 2460 4885 | d20f 8429 

  0x0000027060855d14: ;   {metadata('java/lang/invoke/MethodHandle')}
  0x0000027060855d14: 0000 0048 | b988 0306 | 0070 0200 | 008b 4208 | 49ba 0000 | 0000 7002 | 0000 4903 | c248 3b48 
  0x0000027060855d34: 380f 85e4 | 0000 00e9 | 0000 0000 | 488b f248 | 8974 2458 | 4885 ff0f | 8428 0000 

  0x0000027060855d50: ;   {metadata('java/lang/invoke/MethodType')}
  0x0000027060855d50: 0048 b9d0 | f505 0070 | 0200 008b | 5708 49ba | 0000 0000 | 7002 0000 | 4903 d248 | 3bca 0f85 
  0x0000027060855d70: b400 0000 | e900 0000 | 0048 8bdf 

  0x0000027060855d7c: ; implicit exception: dispatches to 0x0000027060855e31
  0x0000027060855d7c: 8b46 1048 | c1e0 0348 | 3bc3 0f85 | 5e00 0000 | 8b56 1448 | c1e2 038b | 521c 48c1 | e203 4885 
  0x0000027060855d9c: d20f 8511 | 0000 0048 

  0x0000027060855da4: ;   {static_call}
  0x0000027060855da4: 8bd6 90e8 

  0x0000027060855da8: ; ImmutableOopMap {[72]=Oop [80]=Oop [88]=Oop [96]=Oop }
                      ;*invokestatic maybeCustomize {reexecute=0 rethrow=0 return_oop=0}
                      ; - java.lang.invoke.Invokers::checkCustomized@19 (line 627)
                      ; - java.lang.invoke.Invokers$Holder::invokeExact_MT@14
  0x0000027060855da8: 94e0 baff 

  0x0000027060855dac: ;   {other}
  0x0000027060855dac: 0f1f 8400 | 9c02 0000 | 4c8b 4424 | 484c 8b4c | 2450 488b | 5424 580f 

  0x0000027060855dc4: ;   {optimized virtual_call}
  0x0000027060855dc4: 1f40 00e8 

  0x0000027060855dc8: ; ImmutableOopMap {[72]=Oop [80]=Oop [88]=Oop [96]=Oop }
                      ;*invokevirtual invokeBasic {reexecute=0 rethrow=0 return_oop=0}
                      ; - java.lang.invoke.Invokers$Holder::invokeExact_MT@20
  0x0000027060855dc8: 348a abff 

  0x0000027060855dcc: ;   {other}
  0x0000027060855dcc: 0f1f 8400 | bc02 0001 | 4881 c480 | 0000 005d 

  0x0000027060855ddc: ;   {poll_return}
  0x0000027060855ddc: 493b a748 | 0400 000f | 8752 0000 | 00c3 488b | d04c 8bc3 | 4889 5c24 | 7048 8944 | 2468 0f1f 
  0x0000027060855dfc: ;   {static_call}
  0x0000027060855dfc: 4400 00e8 

  0x0000027060855e00: ; ImmutableOopMap {[72]=Oop [80]=Oop [88]=Oop [96]=Oop [104]=Oop [112]=Oop }
                      ;*invokestatic newWrongMethodTypeException {reexecute=0 rethrow=0 return_oop=0}
                      ; - java.lang.invoke.Invokers::checkExactType@12 (line 531)
                      ; - java.lang.invoke.Invokers$Holder::invokeExact_MT@10
  0x0000027060855e00: 7c92 7cff 

  0x0000027060855e04: ;   {other}
  0x0000027060855e04: 0f1f 8400 | f402 0002 

  0x0000027060855e0c: ; implicit exception: dispatches to 0x0000027060855e51
                      ; ImmutableOopMap {rax=Oop [72]=Oop [80]=Oop [88]=Oop [96]=Oop [104]=Oop [112]=Oop }
                      ;*athrow {reexecute=1 rethrow=0 return_oop=0}
                      ; - (reexecute) java.lang.invoke.Invokers::checkExactType@15 (line 531)
                      ; - java.lang.invoke.Invokers$Holder::invokeExact_MT@10
                      ;   {section_word}
  0x0000027060855e0c: 483b 0048 | ba0f 5e85 | 6070 0200 

  0x0000027060855e18: ;   {runtime_call handle_exception_nofpu Runtime1 stub}
  0x0000027060855e18: 00e8 62ff | 88ff 9048 

  0x0000027060855e20: ;   {runtime_call throw_class_cast_exception Runtime1 stub}
  0x0000027060855e20: 8914 24e8 

  0x0000027060855e24: ; ImmutableOopMap {rdx=Oop r8=Oop r9=Oop rdi=Oop [72]=Oop [80]=Oop [96]=Oop }
                      ;*checkcast {reexecute=0 rethrow=0 return_oop=0}
                      ; - java.lang.invoke.Invokers$Holder::invokeExact_MT@1
  0x0000027060855e24: d80f 89ff | 4889 3c24 

  0x0000027060855e2c: ;   {runtime_call throw_class_cast_exception Runtime1 stub}
  0x0000027060855e2c: e8cf 0f89 

  0x0000027060855e30: ; ImmutableOopMap {r8=Oop r9=Oop rdi=Oop rsi=Oop [72]=Oop [80]=Oop [88]=Oop [96]=Oop }
                      ;*checkcast {reexecute=0 rethrow=0 return_oop=0}
                      ; - java.lang.invoke.Invokers$Holder::invokeExact_MT@7
                      ;   {runtime_call throw_null_pointer_exception Runtime1 stub}
  0x0000027060855e30: ffe8 4ae7 

  0x0000027060855e34: ; ImmutableOopMap {r8=Oop r9=Oop rdi=Oop rsi=Oop rbx=Oop [72]=Oop [80]=Oop [88]=Oop [96]=Oop }
                      ;*invokevirtual type {reexecute=0 rethrow=0 return_oop=0}
                      ; - java.lang.invoke.Invokers::checkExactType@1 (line 529)
                      ; - java.lang.invoke.Invokers$Holder::invokeExact_MT@10
                      ;   {runtime_call throw_null_pointer_exception Runtime1 stub}
  0x0000027060855e34: 88ff e845 

  0x0000027060855e38: ; ImmutableOopMap {r8=Oop r9=Oop rdi=Oop rsi=Oop [72]=Oop [80]=Oop [88]=Oop [96]=Oop }
                      ;*getfield customized {reexecute=1 rethrow=0 return_oop=0}
                      ; - (reexecute) java.lang.invoke.Invokers::checkCustomized@12 (line 626)
                      ; - java.lang.invoke.Invokers$Holder::invokeExact_MT@14
                      ;   {internal_word}
  0x0000027060855e38: e788 ff49 | badc 5d85 | 6070 0200 | 004d 8997 | 6004 0000 

  0x0000027060855e4c: ;   {runtime_call SafepointBlob}
  0x0000027060855e4c: e9af f87c 

  0x0000027060855e50: ;   {runtime_call throw_null_pointer_exception Runtime1 stub}
  0x0000027060855e50: ffe8 2ae7 

  0x0000027060855e54: ; ImmutableOopMap {rax=Oop [72]=Oop [80]=Oop [88]=Oop [96]=Oop [104]=Oop [112]=Oop }
                      ;*athrow {reexecute=1 rethrow=0 return_oop=0}
                      ; - (reexecute) java.lang.invoke.Invokers::checkExactType@15 (line 531)
                      ; - java.lang.invoke.Invokers$Holder::invokeExact_MT@10
  0x0000027060855e54: 88ff 498b | 87f8 0400 | 0049 c787 | f804 0000 | 0000 0000 | 49c7 8700 | 0500 0000 | 0000 0048 
  0x0000027060855e74: 81c4 8000 

  0x0000027060855e78: ;   {runtime_call unwind_exception Runtime1 stub}
  0x0000027060855e78: 0000 5de9 | 80d3 88ff 
[Stub Code]
  0x0000027060855e80: ;   {no_reloc}
  0x0000027060855e80: 48bb 0000 | 0000 0000 

  0x0000027060855e88: ;   {runtime_call nmethod}
  0x0000027060855e88: 0000 e9fb 

  0x0000027060855e8c: ;   {static_stub}
  0x0000027060855e8c: ffff ff48 | bb00 0000 | 0000 0000 

  0x0000027060855e98: ;   {runtime_call nmethod}
  0x0000027060855e98: 00e9 fbff 

  0x0000027060855e9c: ;   {static_stub}
  0x0000027060855e9c: ffff 48bb | 0000 0000 | 0000 0000 

  0x0000027060855ea8: ;   {runtime_call nmethod}
  0x0000027060855ea8: e9fb ffff 

  0x0000027060855eac: ;   {runtime_call handle_exception_from_callee Runtime1 stub}
  0x0000027060855eac: ffe8 ce04 

  0x0000027060855eb0: ;   {external_word}
  0x0000027060855eb0: 89ff 48b9 | 506f 4b50 | fe7f 0000 | 4883 e4f0 

  0x0000027060855ec0: ;   {runtime_call}
  0x0000027060855ec0: 48b8 d040 | 0e50 fe7f | 0000 ffd0 

  0x0000027060855ecc: ;   {section_word}
  0x0000027060855ecc: f449 bacd | 5e85 6070 | 0200 0041 

  0x0000027060855ed8: ;   {runtime_call DeoptimizationBlob}
  0x0000027060855ed8: 52e9 c2ea 

  0x0000027060855edc: ;   {section_word}
  0x0000027060855edc: 7cff 49ba | de5e 8560 | 7002 0000 

  0x0000027060855ee8: ;   {runtime_call DeoptimizationBlob}
  0x0000027060855ee8: 4152 e9b1 | ea7c fff4 
[/MachCode]


---------------  P R O C E S S  ---------------

Threads class SMR info:
_java_thread_list=0x0000027071344950, length=87, elements={
0x00000270578ee290, 0x000002706abbcbf0, 0x000002706abbd250, 0x000002706abbdf60,
0x000002706f00b060, 0x000002706f00bd30, 0x000002706f016eb0, 0x000002706f01efe0,
0x000002706f015b00, 0x000002706f1110a0, 0x000002706f111740, 0x000002706f111de0,
0x000002706f56fda0, 0x000002706f575220, 0x000002706f018f80, 0x000002706f016190,
0x000002706f0188f0, 0x000002706f018260, 0x000002706f017540, 0x000002706f016820,
0x0000027070b7b110, 0x0000027070b768e0, 0x0000027070b76f70, 0x0000027070b7aa80,
0x0000027070b789b0, 0x0000027070b7b7a0, 0x0000027070b77c90, 0x0000027070b79040,
0x0000027070b7be30, 0x0000027070b74ea0, 0x0000027070b75bc0, 0x0000027070b77600,
0x0000027070b78320, 0x0000027070b7c4c0, 0x0000027070b796d0, 0x0000027070b75530,
0x0000027070b7a3f0, 0x0000027070f1bbd0, 0x0000027070f1c8f0, 0x0000027070f19470,
0x0000027070f18750, 0x0000027070f18de0, 0x0000027070f1c260, 0x0000027070f1dca0,
0x0000027070f1b540, 0x0000027070f1a820, 0x0000027070f1f050, 0x0000027070f180c0,
0x0000027070f1aeb0, 0x0000027070f1e9c0, 0x0000027070f1d610, 0x0000027070f19b00,
0x0000027070f1e330, 0x0000027070f1cf80, 0x0000027070f1f6e0, 0x0000027070f1a190,
0x0000027070b79d60, 0x00000270714b3cb0, 0x00000270714b56f0, 0x00000270714b49d0,
0x00000270714aedf0, 0x00000270714b4340, 0x00000270714afb10, 0x00000270714b0ec0,
0x00000270714b5060, 0x00000270714af480, 0x00000270714b1550, 0x00000270714b0830,
0x00000270714b1be0, 0x00000270714b01a0, 0x00000270714b2270, 0x00000270714b2900,
0x00000270714b2f90, 0x00000270714ae760, 0x00000270714b3620, 0x00000270714b5d80,
0x0000027071546270, 0x0000027071545be0, 0x0000027071546900, 0x000002707153f970,
0x0000027071540000, 0x0000027071541a40, 0x00000270715420d0, 0x0000027071542760,
0x0000027071544ec0, 0x0000027071545550, 0x0000027071540690
}
_to_delete_list=0x000002707159dc50
Skipping _to_delete_list fields and contents for safety.

Java Threads: ( => current thread )
  0x00000270578ee290 JavaThread "main"                              [_thread_blocked, id=33184, stack(0x00000072ee000000,0x00000072ee100000) (1024K)]
  0x000002706abbcbf0 JavaThread "Reference Handler"          daemon [_thread_blocked, id=21420, stack(0x00000072ee800000,0x00000072ee900000) (1024K)]
  0x000002706abbd250 JavaThread "Finalizer"                  daemon [_thread_blocked, id=31540, stack(0x00000072ee900000,0x00000072eea00000) (1024K)]
  0x000002706abbdf60 JavaThread "Signal Dispatcher"          daemon [_thread_blocked, id=34788, stack(0x00000072eea00000,0x00000072eeb00000) (1024K)]
  0x000002706f00b060 JavaThread "Attach Listener"            daemon [_thread_blocked, id=33408, stack(0x00000072eeb00000,0x00000072eec00000) (1024K)]
  0x000002706f00bd30 JavaThread "Service Thread"             daemon [_thread_blocked, id=29988, stack(0x00000072eec00000,0x00000072eed00000) (1024K)]
  0x000002706f016eb0 JavaThread "Monitor Deflation Thread"   daemon [_thread_blocked, id=34016, stack(0x00000072eed00000,0x00000072eee00000) (1024K)]
  0x000002706f01efe0 JavaThread "C1 CompilerThread0"         daemon [_thread_blocked, id=1076, stack(0x00000072eee00000,0x00000072eef00000) (1024K)]
  0x000002706f015b00 JavaThread "Common-Cleaner"             daemon [_thread_blocked, id=34008, stack(0x00000072eef00000,0x00000072ef000000) (1024K)]
  0x000002706f1110a0 JavaThread "C1 CompilerThread1"         daemon [_thread_blocked, id=32220, stack(0x00000072ef000000,0x00000072ef100000) (1024K)]
  0x000002706f111740 JavaThread "C1 CompilerThread2"         daemon [_thread_blocked, id=28944, stack(0x00000072ef100000,0x00000072ef200000) (1024K)]
  0x000002706f111de0 JavaThread "C1 CompilerThread3"         daemon [_thread_blocked, id=26496, stack(0x00000072ef200000,0x00000072ef300000) (1024K)]
  0x000002706f56fda0 JavaThread "JDWP Transport Listener: dt_socket" daemon [_thread_in_native, id=27936, stack(0x00000072ef300000,0x00000072ef400000) (1024K)]
  0x000002706f575220 JavaThread "JDWP Event Helper Thread"   daemon [_thread_blocked, id=32848, stack(0x00000072ef400000,0x00000072ef500000) (1024K)]
  0x000002706f018f80 JavaThread "Notification Thread"        daemon [_thread_blocked, id=25960, stack(0x00000072ef500000,0x00000072ef600000) (1024K)]
  0x000002706f016190 JavaThread "Reference Reaper #1"        daemon [_thread_blocked, id=23308, stack(0x00000072ef600000,0x00000072ef700000) (1024K)]
  0x000002706f0188f0 JavaThread "Quarkus Devmode keep alive thread"        [_thread_blocked, id=26360, stack(0x00000072efe00000,0x00000072eff00000) (1024K)]
  0x000002706f018260 JavaThread "ForkJoinPool.commonPool-worker-1" daemon [_thread_blocked, id=34592, stack(0x00000072eff00000,0x00000072f0000000) (1024K)]
  0x000002706f017540 JavaThread "ForkJoinPool.commonPool-worker-2" daemon [_thread_blocked, id=30336, stack(0x00000072f0000000,0x00000072f0100000) (1024K)]
  0x000002706f016820 JavaThread "ForkJoinPool.commonPool-worker-3" daemon [_thread_blocked, id=23060, stack(0x00000072f0100000,0x00000072f0200000) (1024K)]
  0x0000027070b7b110 JavaThread "build-2"                           [_thread_blocked, id=25480, stack(0x00000072f0300000,0x00000072f0400000) (1024K)]
  0x0000027070b768e0 JavaThread "build-3"                           [_thread_blocked, id=32812, stack(0x00000072f0400000,0x00000072f0500000) (1024K)]
  0x0000027070b76f70 JavaThread "build-4"                           [_thread_blocked, id=34100, stack(0x00000072f0500000,0x00000072f0600000) (1024K)]
  0x0000027070b7aa80 JavaThread "build-5"                           [_thread_blocked, id=25604, stack(0x00000072f0600000,0x00000072f0700000) (1024K)]
  0x0000027070b789b0 JavaThread "build-6"                           [_thread_blocked, id=33116, stack(0x00000072f0700000,0x00000072f0800000) (1024K)]
  0x0000027070b7b7a0 JavaThread "build-7"                           [_thread_blocked, id=34320, stack(0x00000072f0800000,0x00000072f0900000) (1024K)]
  0x0000027070b77c90 JavaThread "build-8"                           [_thread_blocked, id=23532, stack(0x00000072f0900000,0x00000072f0a00000) (1024K)]
  0x0000027070b79040 JavaThread "build-9"                           [_thread_blocked, id=30380, stack(0x00000072f0a00000,0x00000072f0b00000) (1024K)]
  0x0000027070b7be30 JavaThread "build-10"                          [_thread_blocked, id=23692, stack(0x00000072f0b00000,0x00000072f0c00000) (1024K)]
  0x0000027070b74ea0 JavaThread "build-11"                          [_thread_blocked, id=26384, stack(0x00000072f0c00000,0x00000072f0d00000) (1024K)]
  0x0000027070b75bc0 JavaThread "build-12"                          [_thread_blocked, id=33204, stack(0x00000072f0d00000,0x00000072f0e00000) (1024K)]
  0x0000027070b77600 JavaThread "build-13"                          [_thread_blocked, id=29080, stack(0x00000072f0e00000,0x00000072f0f00000) (1024K)]
  0x0000027070b78320 JavaThread "build-14"                          [_thread_blocked, id=33192, stack(0x00000072f0f00000,0x00000072f1000000) (1024K)]
  0x0000027070b7c4c0 JavaThread "build-15"                          [_thread_blocked, id=19136, stack(0x00000072f1000000,0x00000072f1100000) (1024K)]
  0x0000027070b796d0 JavaThread "build-16"                          [_thread_blocked, id=25160, stack(0x00000072f1100000,0x00000072f1200000) (1024K)]
  0x0000027070b75530 JavaThread "build-17"                          [_thread_blocked, id=27744, stack(0x00000072f1200000,0x00000072f1300000) (1024K)]
  0x0000027070b7a3f0 JavaThread "build-18"                          [_thread_blocked, id=27100, stack(0x00000072f1300000,0x00000072f1400000) (1024K)]
  0x0000027070f1bbd0 JavaThread "build-19"                          [_thread_blocked, id=22580, stack(0x00000072f1400000,0x00000072f1500000) (1024K)]
  0x0000027070f1c8f0 JavaThread "build-20"                          [_thread_blocked, id=31772, stack(0x00000072f1500000,0x00000072f1600000) (1024K)]
  0x0000027070f19470 JavaThread "build-21"                          [_thread_blocked, id=30196, stack(0x00000072f1600000,0x00000072f1700000) (1024K)]
  0x0000027070f18750 JavaThread "build-22"                          [_thread_blocked, id=32156, stack(0x00000072f1700000,0x00000072f1800000) (1024K)]
  0x0000027070f18de0 JavaThread "build-23"                          [_thread_blocked, id=28228, stack(0x00000072f1800000,0x00000072f1900000) (1024K)]
  0x0000027070f1c260 JavaThread "build-24"                          [_thread_blocked, id=26872, stack(0x00000072f1900000,0x00000072f1a00000) (1024K)]
  0x0000027070f1dca0 JavaThread "build-25"                          [_thread_blocked, id=32152, stack(0x00000072f1a00000,0x00000072f1b00000) (1024K)]
  0x0000027070f1b540 JavaThread "build-26"                          [_thread_blocked, id=18932, stack(0x00000072f1b00000,0x00000072f1c00000) (1024K)]
  0x0000027070f1a820 JavaThread "build-27"                          [_thread_blocked, id=15276, stack(0x00000072f1c00000,0x00000072f1d00000) (1024K)]
  0x0000027070f1f050 JavaThread "build-28"                          [_thread_blocked, id=23904, stack(0x00000072f1d00000,0x00000072f1e00000) (1024K)]
  0x0000027070f180c0 JavaThread "build-29"                          [_thread_blocked, id=30064, stack(0x00000072f1e00000,0x00000072f1f00000) (1024K)]
  0x0000027070f1aeb0 JavaThread "build-30"                          [_thread_blocked, id=31564, stack(0x00000072f1f00000,0x00000072f2000000) (1024K)]
  0x0000027070f1e9c0 JavaThread "build-31"                          [_thread_blocked, id=29164, stack(0x00000072f2000000,0x00000072f2100000) (1024K)]
  0x0000027070f1d610 JavaThread "build-32"                          [_thread_blocked, id=34580, stack(0x00000072f2100000,0x00000072f2200000) (1024K)]
  0x0000027070f19b00 JavaThread "build-33"                          [_thread_blocked, id=30952, stack(0x00000072f2200000,0x00000072f2300000) (1024K)]
  0x0000027070f1e330 JavaThread "build-34"                          [_thread_blocked, id=20496, stack(0x00000072f2300000,0x00000072f2400000) (1024K)]
  0x0000027070f1cf80 JavaThread "build-35"                          [_thread_blocked, id=24972, stack(0x00000072f2400000,0x00000072f2500000) (1024K)]
  0x0000027070f1f6e0 JavaThread "build-36"                          [_thread_blocked, id=33924, stack(0x00000072f2500000,0x00000072f2600000) (1024K)]
  0x0000027070f1a190 JavaThread "build-37"                          [_thread_blocked, id=30912, stack(0x00000072f2600000,0x00000072f2700000) (1024K)]
  0x0000027070b79d60 JavaThread "build-38"                          [_thread_blocked, id=31972, stack(0x00000072f2700000,0x00000072f2800000) (1024K)]
  0x00000270714b3cb0 JavaThread "build-39"                          [_thread_blocked, id=33512, stack(0x00000072f2800000,0x00000072f2900000) (1024K)]
  0x00000270714b56f0 JavaThread "build-40"                          [_thread_blocked, id=27816, stack(0x00000072f2900000,0x00000072f2a00000) (1024K)]
  0x00000270714b49d0 JavaThread "build-42"                          [_thread_blocked, id=31512, stack(0x00000072f2a00000,0x00000072f2b00000) (1024K)]
  0x00000270714aedf0 JavaThread "build-41"                          [_thread_blocked, id=32188, stack(0x00000072f2b00000,0x00000072f2c00000) (1024K)]
  0x00000270714b4340 JavaThread "build-43"                          [_thread_blocked, id=20636, stack(0x00000072f2c00000,0x00000072f2d00000) (1024K)]
  0x00000270714afb10 JavaThread "build-44"                          [_thread_blocked, id=25400, stack(0x00000072f2d00000,0x00000072f2e00000) (1024K)]
  0x00000270714b0ec0 JavaThread "build-45"                          [_thread_blocked, id=28444, stack(0x00000072f2e00000,0x00000072f2f00000) (1024K)]
  0x00000270714b5060 JavaThread "build-46"                          [_thread_blocked, id=25140, stack(0x00000072f2f00000,0x00000072f3000000) (1024K)]
  0x00000270714af480 JavaThread "build-47"                          [_thread_blocked, id=32776, stack(0x00000072f3000000,0x00000072f3100000) (1024K)]
  0x00000270714b1550 JavaThread "build-48"                          [_thread_blocked, id=25716, stack(0x00000072f3100000,0x00000072f3200000) (1024K)]
  0x00000270714b0830 JavaThread "build-49"                          [_thread_blocked, id=28832, stack(0x00000072f3200000,0x00000072f3300000) (1024K)]
  0x00000270714b1be0 JavaThread "build-50"                          [_thread_blocked, id=31020, stack(0x00000072f3300000,0x00000072f3400000) (1024K)]
  0x00000270714b01a0 JavaThread "build-51"                          [_thread_blocked, id=33796, stack(0x00000072f3400000,0x00000072f3500000) (1024K)]
  0x00000270714b2270 JavaThread "build-52"                          [_thread_blocked, id=33092, stack(0x00000072f3500000,0x00000072f3600000) (1024K)]
  0x00000270714b2900 JavaThread "build-53"                          [_thread_blocked, id=34472, stack(0x00000072f3600000,0x00000072f3700000) (1024K)]
=>0x00000270714b2f90 JavaThread "build-54"                          [_thread_in_vm, id=32932, stack(0x00000072f3700000,0x00000072f3800000) (1024K)]
  0x00000270714ae760 JavaThread "build-55"                          [_thread_blocked, id=26188, stack(0x00000072f3800000,0x00000072f3900000) (1024K)]
  0x00000270714b3620 JavaThread "build-56"                          [_thread_blocked, id=25624, stack(0x00000072f3900000,0x00000072f3a00000) (1024K)]
  0x00000270714b5d80 JavaThread "build-57"                          [_thread_blocked, id=28584, stack(0x00000072f3a00000,0x00000072f3b00000) (1024K)]
  0x0000027071546270 JavaThread "build-58"                          [_thread_blocked, id=7880, stack(0x00000072f3b00000,0x00000072f3c00000) (1024K)]
  0x0000027071545be0 JavaThread "build-60"                          [_thread_blocked, id=34120, stack(0x00000072f3c00000,0x00000072f3d00000) (1024K)]
  0x0000027071546900 JavaThread "build-59"                          [_thread_blocked, id=31648, stack(0x00000072f3d00000,0x00000072f3e00000) (1024K)]
  0x000002707153f970 JavaThread "build-61"                          [_thread_blocked, id=3616, stack(0x00000072f3e00000,0x00000072f3f00000) (1024K)]
  0x0000027071540000 JavaThread "build-62"                          [_thread_blocked, id=33500, stack(0x00000072f3f00000,0x00000072f4000000) (1024K)]
  0x0000027071541a40 JavaThread "build-63"                          [_thread_blocked, id=34412, stack(0x00000072f4000000,0x00000072f4100000) (1024K)]
  0x00000270715420d0 JavaThread "build-64"                          [_thread_blocked, id=33476, stack(0x00000072f4100000,0x00000072f4200000) (1024K)]
  0x0000027071542760 JavaThread "build-65"                          [_thread_blocked, id=26552, stack(0x00000072f4200000,0x00000072f4300000) (1024K)]
  0x0000027071544ec0 JavaThread "build-66"                          [_thread_blocked, id=24384, stack(0x00000072f4300000,0x00000072f4400000) (1024K)]
  0x0000027071545550 JavaThread "build-68"                          [_thread_blocked, id=32676, stack(0x00000072f4400000,0x00000072f4500000) (1024K)]
  0x0000027071540690 JavaThread "build-67"                          [_thread_blocked, id=29764, stack(0x00000072f4500000,0x00000072f4600000) (1024K)]
Total: 87

Other Threads:
  0x000002706aba68b0 VMThread "VM Thread"                           [id=30784, stack(0x00000072ee700000,0x00000072ee800000) (1024K)] _threads_hazard_ptr=0x0000027071344950
  0x000002706ab93cf0 WatcherThread "VM Periodic Task Thread"        [id=20540, stack(0x00000072ee600000,0x00000072ee700000) (1024K)]
  0x0000027057953340 WorkerThread "GC Thread#0"                     [id=26724, stack(0x00000072ee100000,0x00000072ee200000) (1024K)]
  0x000002706f745950 WorkerThread "GC Thread#1"                     [id=18844, stack(0x00000072ef700000,0x00000072ef800000) (1024K)]
  0x000002706f6f3ed0 WorkerThread "GC Thread#2"                     [id=31820, stack(0x00000072ef800000,0x00000072ef900000) (1024K)]
  0x000002706f6f4270 WorkerThread "GC Thread#3"                     [id=33808, stack(0x00000072ef900000,0x00000072efa00000) (1024K)]
  0x000002706f6f6620 WorkerThread "GC Thread#4"                     [id=23400, stack(0x00000072efa00000,0x00000072efb00000) (1024K)]
  0x000002706f6f69c0 WorkerThread "GC Thread#5"                     [id=30036, stack(0x00000072efb00000,0x00000072efc00000) (1024K)]
  0x000002706f74a320 WorkerThread "GC Thread#6"                     [id=34476, stack(0x00000072efc00000,0x00000072efd00000) (1024K)]
  0x000002706f752520 WorkerThread "GC Thread#7"                     [id=33948, stack(0x00000072efd00000,0x00000072efe00000) (1024K)]
  0x00000270579641f0 ConcurrentGCThread "G1 Main Marker"            [id=34732, stack(0x00000072ee200000,0x00000072ee300000) (1024K)]
  0x0000027057964cf0 WorkerThread "G1 Conc#0"                       [id=31256, stack(0x00000072ee300000,0x00000072ee400000) (1024K)]
  0x0000027070579d30 WorkerThread "G1 Conc#1"                       [id=32864, stack(0x00000072f0200000,0x00000072f0300000) (1024K)]
  0x000002706aa58430 ConcurrentGCThread "G1 Refine#0"               [id=32784, stack(0x00000072ee400000,0x00000072ee500000) (1024K)]
  0x000002706aa59ec0 ConcurrentGCThread "G1 Service"                [id=32344, stack(0x00000072ee500000,0x00000072ee600000) (1024K)]
Total: 15

Threads with active compile tasks:
C1 CompilerThread2  3095 3944       1       java.lang.invoke.MethodHandles::argumentsWithCombinerChecks (197 bytes)
C1 CompilerThread3  3095 3942       1       java.lang.invoke.MethodHandle::asSpreaderChecks (158 bytes)
Total: 2

VM state: synchronizing (normal execution)

VM Mutex/Monitor currently owned by a thread:  ([mutex/lock_event])
[0x00007ffe5076d380] Threads_lock - owner thread: 0x000002706aba68b0
[0x00007ffe5076d480] Heap_lock - owner thread: 0x00000270579641f0

Heap address: 0x0000000701200000, size: 4078 MB, Compressed Oops mode: Zero based, Oop shift amount: 3

CDS archive(s) mapped at: [0x0000027000000000-0x0000027000c80000-0x0000027000c80000), size 13107200, SharedBaseAddress: 0x0000027000000000, ArchiveRelocationMode: 1.
Compressed class space mapped at: 0x0000027001000000-0x0000027041000000, reserved size: 1073741824
Narrow klass base: 0x0000027000000000, Narrow klass shift: 0, Narrow klass range: 0x100000000

GC Precious Log:
 CardTable entry size: 512
 Card Set container configuration: InlinePtr #cards 4 size 8 Array Of Cards #cards 16 size 48 Howl #buckets 8 coarsen threshold 3686 Howl Bitmap #cards 512 size 80 coarsen threshold 460 Card regions per heap region 1 cards per card region 4096
 CPUs: 8 total, 8 available
 Memory: 16304M
 Large Page Support: Disabled
 NUMA Support: Disabled
 Compressed Oops: Enabled (Zero based)
 Heap Region Size: 2M
 Heap Min Capacity: 8M
 Heap Initial Capacity: 256M
 Heap Max Capacity: 4078M
 Pre-touch: Disabled
 Parallel Workers: 8
 Concurrent Workers: 2
 Concurrent Refinement Workers: 8
 Periodic GC: Disabled

Heap:
 garbage-first heap   total 108544K, used 42881K [0x0000000701200000, 0x0000000800000000)
  region size 2048K, 9 young (18432K), 4 survivors (8192K)
 Metaspace       used 20790K, committed 21824K, reserved 1114112K
  class space    used 2946K, committed 3456K, reserved 1048576K

Heap Regions: E=young(eden), S=young(survivor), O=old, HS=humongous(starts), HC=humongous(continues), CS=collection set, F=free, TAMS=top-at-mark-start, PB=parsable bottom
|   0|0x0000000701200000, 0x0000000701400000, 0x0000000701400000|100%| O|  |TAMS 0x0000000701400000| PB 0x0000000701200000| Untracked 
|   1|0x0000000701400000, 0x0000000701600000, 0x0000000701600000|100%| O|  |TAMS 0x0000000701600000| PB 0x0000000701400000| Untracked 
|   2|0x0000000701600000, 0x0000000701800000, 0x0000000701800000|100%| O|  |TAMS 0x0000000701800000| PB 0x0000000701600000| Untracked 
|   3|0x0000000701800000, 0x0000000701a00000, 0x0000000701a00000|100%| O|  |TAMS 0x0000000701a00000| PB 0x0000000701800000| Untracked 
|   4|0x0000000701a00000, 0x0000000701c00000, 0x0000000701c00000|100%| O|  |TAMS 0x0000000701c00000| PB 0x0000000701a00000| Untracked 
|   5|0x0000000701c00000, 0x0000000701e00000, 0x0000000701e00000|100%| O|  |TAMS 0x0000000701e00000| PB 0x0000000701c00000| Untracked 
|   6|0x0000000701e00000, 0x0000000702000000, 0x0000000702000000|100%| O|  |TAMS 0x0000000702000000| PB 0x0000000701e00000| Untracked 
|   7|0x0000000702000000, 0x0000000702200000, 0x0000000702200000|100%| O|  |TAMS 0x0000000702200000| PB 0x0000000702000000| Untracked 
|   8|0x0000000702200000, 0x00000007023e0498, 0x0000000702400000| 93%| O|  |TAMS 0x0000000702200000| PB 0x0000000702200000| Untracked 
|   9|0x0000000702400000, 0x0000000702600000, 0x0000000702600000|100%| O|  |TAMS 0x0000000702600000| PB 0x0000000702400000| Untracked 
|  10|0x0000000702600000, 0x0000000702800000, 0x0000000702800000|100%| O|  |TAMS 0x0000000702800000| PB 0x0000000702600000| Untracked 
|  11|0x0000000702800000, 0x0000000702a00000, 0x0000000702a00000|100%| O|  |TAMS 0x0000000702a00000| PB 0x0000000702800000| Untracked 
|  12|0x0000000702a00000, 0x0000000702c00000, 0x0000000702c00000|100%| O|  |TAMS 0x0000000702b4e780| PB 0x0000000702a00000| Untracked 
|  13|0x0000000702c00000, 0x0000000702c00000, 0x0000000702e00000|  0%| F|  |TAMS 0x0000000702c00000| PB 0x0000000702c00000| Untracked 
|  14|0x0000000702e00000, 0x0000000702e00000, 0x0000000703000000|  0%| F|  |TAMS 0x0000000702e00000| PB 0x0000000702e00000| Untracked 
|  15|0x0000000703000000, 0x0000000703000000, 0x0000000703200000|  0%| F|  |TAMS 0x0000000703000000| PB 0x0000000703000000| Untracked 
|  16|0x0000000703200000, 0x0000000703200000, 0x0000000703400000|  0%| F|  |TAMS 0x0000000703200000| PB 0x0000000703200000| Untracked 
|  17|0x0000000703400000, 0x0000000703400000, 0x0000000703600000|  0%| F|  |TAMS 0x0000000703400000| PB 0x0000000703400000| Untracked 
|  18|0x0000000703600000, 0x0000000703600000, 0x0000000703800000|  0%| F|  |TAMS 0x0000000703600000| PB 0x0000000703600000| Untracked 
|  19|0x0000000703800000, 0x0000000703800000, 0x0000000703a00000|  0%| F|  |TAMS 0x0000000703800000| PB 0x0000000703800000| Untracked 
|  20|0x0000000703a00000, 0x0000000703a00000, 0x0000000703c00000|  0%| F|  |TAMS 0x0000000703a00000| PB 0x0000000703a00000| Untracked 
|  21|0x0000000703c00000, 0x0000000703c00000, 0x0000000703e00000|  0%| F|  |TAMS 0x0000000703c00000| PB 0x0000000703c00000| Untracked 
|  22|0x0000000703e00000, 0x0000000703e00000, 0x0000000704000000|  0%| F|  |TAMS 0x0000000703e00000| PB 0x0000000703e00000| Untracked 
|  23|0x0000000704000000, 0x0000000704000000, 0x0000000704200000|  0%| F|  |TAMS 0x0000000704000000| PB 0x0000000704000000| Untracked 
|  24|0x0000000704200000, 0x0000000704200000, 0x0000000704400000|  0%| F|  |TAMS 0x0000000704200000| PB 0x0000000704200000| Untracked 
|  25|0x0000000704400000, 0x0000000704400000, 0x0000000704600000|  0%| F|  |TAMS 0x0000000704400000| PB 0x0000000704400000| Untracked 
|  26|0x0000000704600000, 0x0000000704600000, 0x0000000704800000|  0%| F|  |TAMS 0x0000000704600000| PB 0x0000000704600000| Untracked 
|  27|0x0000000704800000, 0x0000000704800000, 0x0000000704a00000|  0%| F|  |TAMS 0x0000000704800000| PB 0x0000000704800000| Untracked 
|  28|0x0000000704a00000, 0x0000000704a00000, 0x0000000704c00000|  0%| F|  |TAMS 0x0000000704a00000| PB 0x0000000704a00000| Untracked 
|  29|0x0000000704c00000, 0x0000000704c00000, 0x0000000704e00000|  0%| F|  |TAMS 0x0000000704c00000| PB 0x0000000704c00000| Untracked 
|  30|0x0000000704e00000, 0x0000000704e00000, 0x0000000705000000|  0%| F|  |TAMS 0x0000000704e00000| PB 0x0000000704e00000| Untracked 
|  31|0x0000000705000000, 0x0000000705000000, 0x0000000705200000|  0%| F|  |TAMS 0x0000000705000000| PB 0x0000000705000000| Untracked 
|  32|0x0000000705200000, 0x0000000705400000, 0x0000000705400000|100%| S|CS|TAMS 0x0000000705200000| PB 0x0000000705200000| Complete 
|  33|0x0000000705400000, 0x0000000705600000, 0x0000000705600000|100%| S|CS|TAMS 0x0000000705400000| PB 0x0000000705400000| Complete 
|  34|0x0000000705600000, 0x0000000705800000, 0x0000000705800000|100%| S|CS|TAMS 0x0000000705600000| PB 0x0000000705600000| Complete 
|  35|0x0000000705800000, 0x0000000705a00000, 0x0000000705a00000|100%| S|CS|TAMS 0x0000000705800000| PB 0x0000000705800000| Complete 
|  36|0x0000000705a00000, 0x0000000705a00000, 0x0000000705c00000|  0%| F|  |TAMS 0x0000000705a00000| PB 0x0000000705a00000| Untracked 
|  37|0x0000000705c00000, 0x0000000705c00000, 0x0000000705e00000|  0%| F|  |TAMS 0x0000000705c00000| PB 0x0000000705c00000| Untracked 
|  38|0x0000000705e00000, 0x0000000705e00000, 0x0000000706000000|  0%| F|  |TAMS 0x0000000705e00000| PB 0x0000000705e00000| Untracked 
|  39|0x0000000706000000, 0x0000000706000000, 0x0000000706200000|  0%| F|  |TAMS 0x0000000706000000| PB 0x0000000706000000| Untracked 
|  40|0x0000000706200000, 0x0000000706200000, 0x0000000706400000|  0%| F|  |TAMS 0x0000000706200000| PB 0x0000000706200000| Untracked 
|  41|0x0000000706400000, 0x0000000706400000, 0x0000000706600000|  0%| F|  |TAMS 0x0000000706400000| PB 0x0000000706400000| Untracked 
|  42|0x0000000706600000, 0x0000000706600000, 0x0000000706800000|  0%| F|  |TAMS 0x0000000706600000| PB 0x0000000706600000| Untracked 
|  43|0x0000000706800000, 0x0000000706800000, 0x0000000706a00000|  0%| F|  |TAMS 0x0000000706800000| PB 0x0000000706800000| Untracked 
|  44|0x0000000706a00000, 0x0000000706a00000, 0x0000000706c00000|  0%| F|  |TAMS 0x0000000706a00000| PB 0x0000000706a00000| Untracked 
|  45|0x0000000706c00000, 0x0000000706c00000, 0x0000000706e00000|  0%| F|  |TAMS 0x0000000706c00000| PB 0x0000000706c00000| Untracked 
|  46|0x0000000706e00000, 0x0000000706e00000, 0x0000000707000000|  0%| F|  |TAMS 0x0000000706e00000| PB 0x0000000706e00000| Untracked 
| 106|0x000000070e600000, 0x000000070e600000, 0x000000070e800000|  0%| F|  |TAMS 0x000000070e600000| PB 0x000000070e600000| Untracked 
| 107|0x000000070e800000, 0x000000070e8e5320, 0x000000070ea00000| 44%| E|  |TAMS 0x000000070e800000| PB 0x000000070e800000| Complete 
| 111|0x000000070f000000, 0x000000070f200000, 0x000000070f200000|100%| E|CS|TAMS 0x000000070f000000| PB 0x000000070f000000| Complete 
| 112|0x000000070f200000, 0x000000070f400000, 0x000000070f400000|100%| E|CS|TAMS 0x000000070f200000| PB 0x000000070f200000| Complete 
| 126|0x0000000710e00000, 0x0000000711000000, 0x0000000711000000|100%| E|CS|TAMS 0x0000000710e00000| PB 0x0000000710e00000| Complete 
| 127|0x0000000711000000, 0x0000000711200000, 0x0000000711200000|100%| E|CS|TAMS 0x0000000711000000| PB 0x0000000711000000| Complete 

Card table byte_map: [0x00000270638f0000,0x00000270640f0000] _byte_map_base: 0x00000270600e7000

Marking Bits: (CMBitMap*) 0x0000027057953a40
 Bits: [0x00000270640f0000, 0x00000270680a8000)

Polling page: 0x00000270570b0000

Metaspace:

Usage:
  Non-class:     17.43 MB used.
      Class:      2.88 MB used.
       Both:     20.30 MB used.

Virtual space:
  Non-class space:       64.00 MB reserved,      17.94 MB ( 28%) committed,  1 nodes.
      Class space:        1.00 GB reserved,       3.38 MB ( <1%) committed,  1 nodes.
             Both:        1.06 GB reserved,      21.31 MB (  2%) committed. 

Chunk freelists:
   Non-Class:  13.88 MB
       Class:  12.48 MB
        Both:  26.36 MB

MaxMetaspaceSize: unlimited
CompressedClassSpaceSize: 1.00 GB
Initial GC threshold: 21.00 MB
Current GC threshold: 21.31 MB
CDS: on
 - commit_granule_bytes: 65536.
 - commit_granule_words: 8192.
 - virtual_space_node_default_size: 8388608.
 - enlarge_chunks_in_place: 1.
 - use_allocation_guard: 0.


Internal statistics:

num_allocs_failed_limit: 3.
num_arena_births: 1484.
num_arena_deaths: 0.
num_vsnodes_births: 2.
num_vsnodes_deaths: 0.
num_space_committed: 341.
num_space_uncommitted: 0.
num_chunks_returned_to_freelist: 3.
num_chunks_taken_from_freelist: 2793.
num_chunk_merges: 3.
num_chunk_splits: 1550.
num_chunks_enlarged: 609.
num_inconsistent_stats: 0.

CodeCache: size=49152Kb used=9755Kb max_used=9755Kb free=39396Kb
 bounds [0x000002705ffd0000, 0x0000027060960000, 0x0000027062fd0000]
 total_blobs=4470 nmethods=3936 adapters=455
 compilation: enabled
              stopped_count=0, restarted_count=0
 full_count=0

Compilation events (20 events):
Event: 2.997 Thread 0x000002706f1110a0 nmethod 3885 0x0000027060936c90 code [0x0000027060936e20, 0x0000027060936f38]
Event: 2.997 Thread 0x000002706f111740 3886       1       org.jboss.jandex.IndexReaderV2::readFieldEntry (70 bytes)
Event: 2.997 Thread 0x000002706f1110a0 3887       1       org.jboss.jandex.FieldInfo::<init> (5 bytes)
Event: 2.997 Thread 0x000002706f1110a0 nmethod 3887 0x0000027060936f90 code [0x0000027060937120, 0x00000270609371e8]
Event: 2.997 Thread 0x000002706f1110a0 3888       1       org.jboss.jandex.FieldInternal::<init> (26 bytes)
Event: 2.998 Thread 0x000002706f01efe0 nmethod 3882 0x0000027060937290 code [0x0000027060937840, 0x0000027060939888]
Event: 2.998 Thread 0x000002706f1110a0 nmethod 3888 0x000002706093ab90 code [0x000002706093ad40, 0x000002706093af30]
Event: 2.998 Thread 0x000002706f111740 nmethod 3886 0x000002706093af90 code [0x000002706093b1e0, 0x000002706093ba20]
Event: 3.000 Thread 0x000002706f01efe0 3889       1       org.jboss.jandex.IndexReaderV2::updateAnnotationTargetInfo (134 bytes)
Event: 3.000 Thread 0x000002706f1110a0 3890       1       org.jboss.jandex.MethodInternal::annotationArray (31 bytes)
Event: 3.001 Thread 0x000002706f111de0 3891       1       org.jboss.jandex.FieldInternal::annotationArray (5 bytes)
Event: 3.001 Thread 0x000002706f1110a0 nmethod 3890 0x000002706093c310 code [0x000002706093c4a0, 0x000002706093c598]
Event: 3.001 Thread 0x000002706f111de0 nmethod 3891 0x000002706093c610 code [0x000002706093c7a0, 0x000002706093c870]
Event: 3.001 Thread 0x000002706f01efe0 nmethod 3889 0x000002706093c910 code [0x000002706093cb20, 0x000002706093d0e8]
Event: 3.001 Thread 0x000002706f111740 3892       1       org.jboss.jandex.Type::name (5 bytes)
Event: 3.001 Thread 0x000002706f111740 nmethod 3892 0x000002706093d410 code [0x000002706093d5a0, 0x000002706093d670]
Event: 3.001 Thread 0x000002706f01efe0 3893       1       org.jboss.jandex.ImmutableArrayList::size (6 bytes)
Event: 3.001 Thread 0x000002706f01efe0 nmethod 3893 0x000002706093d710 code [0x000002706093d8a0, 0x000002706093d978]
Event: 3.001 Thread 0x000002706f01efe0 3894       1       java.util.AbstractList$Itr::hasNext (20 bytes)
Event: 3.001 Thread 0x000002706f111740 3895       1       org.jboss.jandex.ImmutableArrayList::get (7 bytes)

GC Heap History (14 events):
Event: 1.128 GC heap before
{Heap before GC invocations=0 (full 0):
 garbage-first heap   total 262144K, used 22528K [0x0000000701200000, 0x0000000800000000)
  region size 2048K, 11 young (22528K), 0 survivors (0K)
 Metaspace       used 3848K, committed 4160K, reserved 1114112K
  class space    used 443K, committed 576K, reserved 1048576K
}
Event: 1.135 GC heap after
{Heap after GC invocations=1 (full 0):
 garbage-first heap   total 262144K, used 9739K [0x0000000701200000, 0x0000000800000000)
  region size 2048K, 2 young (4096K), 2 survivors (4096K)
 Metaspace       used 3848K, committed 4160K, reserved 1114112K
  class space    used 443K, committed 576K, reserved 1048576K
}
Event: 1.440 GC heap before
{Heap before GC invocations=1 (full 0):
 garbage-first heap   total 262144K, used 30219K [0x0000000701200000, 0x0000000800000000)
  region size 2048K, 12 young (24576K), 2 survivors (4096K)
 Metaspace       used 4135K, committed 4416K, reserved 1114112K
  class space    used 494K, committed 640K, reserved 1048576K
}
Event: 1.447 GC heap after
{Heap after GC invocations=2 (full 0):
 garbage-first heap   total 262144K, used 16522K [0x0000000701200000, 0x0000000800000000)
  region size 2048K, 2 young (4096K), 2 survivors (4096K)
 Metaspace       used 4135K, committed 4416K, reserved 1114112K
  class space    used 494K, committed 640K, reserved 1048576K
}
Event: 1.624 GC heap before
{Heap before GC invocations=2 (full 0):
 garbage-first heap   total 262144K, used 47242K [0x0000000701200000, 0x0000000800000000)
  region size 2048K, 17 young (34816K), 2 survivors (4096K)
 Metaspace       used 4769K, committed 5056K, reserved 1114112K
  class space    used 564K, committed 704K, reserved 1048576K
}
Event: 1.629 GC heap after
{Heap after GC invocations=3 (full 0):
 garbage-first heap   total 262144K, used 21561K [0x0000000701200000, 0x0000000800000000)
  region size 2048K, 3 young (6144K), 3 survivors (6144K)
 Metaspace       used 4769K, committed 5056K, reserved 1114112K
  class space    used 564K, committed 704K, reserved 1048576K
}
Event: 2.067 GC heap before
{Heap before GC invocations=3 (full 0):
 garbage-first heap   total 262144K, used 50233K [0x0000000701200000, 0x0000000800000000)
  region size 2048K, 18 young (36864K), 3 survivors (6144K)
 Metaspace       used 8918K, committed 9280K, reserved 1114112K
  class space    used 1150K, committed 1280K, reserved 1048576K
}
Event: 2.072 GC heap after
{Heap after GC invocations=4 (full 0):
 garbage-first heap   total 262144K, used 23829K [0x0000000701200000, 0x0000000800000000)
  region size 2048K, 4 young (8192K), 4 survivors (8192K)
 Metaspace       used 8918K, committed 9280K, reserved 1114112K
  class space    used 1150K, committed 1280K, reserved 1048576K
}
Event: 2.524 GC heap before
{Heap before GC invocations=5 (full 0):
 garbage-first heap   total 90112K, used 68885K [0x0000000701200000, 0x0000000800000000)
  region size 2048K, 26 young (53248K), 4 survivors (8192K)
 Metaspace       used 13389K, committed 13824K, reserved 1114112K
  class space    used 1719K, committed 1920K, reserved 1048576K
}
Event: 2.532 GC heap after
{Heap after GC invocations=6 (full 0):
 garbage-first heap   total 90112K, used 26581K [0x0000000701200000, 0x0000000800000000)
  region size 2048K, 3 young (6144K), 3 survivors (6144K)
 Metaspace       used 13389K, committed 13824K, reserved 1114112K
  class space    used 1719K, committed 1920K, reserved 1048576K
}
Event: 2.827 GC heap before
{Heap before GC invocations=6 (full 0):
 garbage-first heap   total 90112K, used 67541K [0x0000000701200000, 0x0000000800000000)
  region size 2048K, 23 young (47104K), 3 survivors (6144K)
 Metaspace       used 17754K, committed 18304K, reserved 1114112K
  class space    used 2431K, committed 2688K, reserved 1048576K
}
Event: 2.834 GC heap after
{Heap after GC invocations=7 (full 0):
 garbage-first heap   total 108544K, used 30009K [0x0000000701200000, 0x0000000800000000)
  region size 2048K, 3 young (6144K), 3 survivors (6144K)
 Metaspace       used 17754K, committed 18304K, reserved 1114112K
  class space    used 2431K, committed 2688K, reserved 1048576K
}
Event: 2.978 GC heap before
{Heap before GC invocations=7 (full 0):
 garbage-first heap   total 108544K, used 60729K [0x0000000701200000, 0x0000000800000000)
  region size 2048K, 20 young (40960K), 3 survivors (6144K)
 Metaspace       used 20532K, committed 21504K, reserved 1114112K
  class space    used 2910K, committed 3392K, reserved 1048576K
}
Event: 2.986 GC heap after
{Heap after GC invocations=8 (full 0):
 garbage-first heap   total 108544K, used 34689K [0x0000000701200000, 0x0000000800000000)
  region size 2048K, 4 young (8192K), 4 survivors (8192K)
 Metaspace       used 20532K, committed 21504K, reserved 1114112K
  class space    used 2910K, committed 3392K, reserved 1048576K
}

Dll operation events (11 events):
Event: 0.013 Loaded shared library C:\Program Files\Eclipse Adoptium\jdk-21.0.5.11-hotspot\bin\java.dll
Event: 0.075 Loaded shared library C:\Program Files\Eclipse Adoptium\jdk-21.0.5.11-hotspot\bin\zip.dll
Event: 0.079 Loaded shared library C:\Program Files\Eclipse Adoptium\jdk-21.0.5.11-hotspot\bin\instrument.dll
Event: 0.085 Loaded shared library C:\Program Files\Eclipse Adoptium\jdk-21.0.5.11-hotspot\bin\net.dll
Event: 0.087 Loaded shared library C:\Program Files\Eclipse Adoptium\jdk-21.0.5.11-hotspot\bin\nio.dll
Event: 0.091 Loaded shared library C:\Program Files\Eclipse Adoptium\jdk-21.0.5.11-hotspot\bin\zip.dll
Event: 0.186 Loaded shared library C:\Program Files\Eclipse Adoptium\jdk-21.0.5.11-hotspot\bin\jimage.dll
Event: 1.715 Loaded shared library C:\Program Files\Eclipse Adoptium\jdk-21.0.5.11-hotspot\bin\verify.dll
Event: 2.929 Loaded shared library C:\Program Files\Eclipse Adoptium\jdk-21.0.5.11-hotspot\bin\management.dll
Event: 2.935 Loaded shared library C:\Program Files\Eclipse Adoptium\jdk-21.0.5.11-hotspot\bin\management_ext.dll
Event: 2.992 Loaded shared library C:\Users\Anthimos Samaras\.gradle\native\jansi\1.18\windows64\jansi.dll

Deoptimization events (20 events):
Event: 2.750 Thread 0x0000027070f1f6e0 DEOPT PACKING pc=0x000002706045a18c sp=0x00000072f25fe860
Event: 2.750 Thread 0x0000027070f1f6e0 DEOPT UNPACKING pc=0x0000027060024e42 sp=0x00000072f25fdd30 mode 1
Event: 2.750 Thread 0x0000027070f1f6e0 DEOPT PACKING pc=0x00000270606b1e74 sp=0x00000072f25fe900
Event: 2.750 Thread 0x0000027070f1f6e0 DEOPT UNPACKING pc=0x0000027060024e42 sp=0x00000072f25fde90 mode 1
Event: 2.751 Thread 0x0000027070f1f6e0 DEOPT PACKING pc=0x000002706045a18c sp=0x00000072f25fe860
Event: 2.751 Thread 0x0000027070f1f6e0 DEOPT UNPACKING pc=0x0000027060024e42 sp=0x00000072f25fdd30 mode 1
Event: 2.752 Thread 0x0000027070f1f6e0 DEOPT PACKING pc=0x00000270606b1e74 sp=0x00000072f25fe900
Event: 2.752 Thread 0x0000027070f1f6e0 DEOPT UNPACKING pc=0x0000027060024e42 sp=0x00000072f25fde90 mode 1
Event: 2.752 Thread 0x0000027070f1f6e0 DEOPT PACKING pc=0x000002706045a18c sp=0x00000072f25fe860
Event: 2.752 Thread 0x0000027070f1f6e0 DEOPT UNPACKING pc=0x0000027060024e42 sp=0x00000072f25fdd30 mode 1
Event: 2.752 Thread 0x0000027070f1f6e0 DEOPT PACKING pc=0x00000270606b1e74 sp=0x00000072f25fe900
Event: 2.752 Thread 0x0000027070f1f6e0 DEOPT UNPACKING pc=0x0000027060024e42 sp=0x00000072f25fde90 mode 1
Event: 2.753 Thread 0x0000027070f1f6e0 DEOPT PACKING pc=0x000002706045a18c sp=0x00000072f25fe860
Event: 2.753 Thread 0x0000027070f1f6e0 DEOPT UNPACKING pc=0x0000027060024e42 sp=0x00000072f25fdd30 mode 1
Event: 2.753 Thread 0x0000027070f1f6e0 DEOPT PACKING pc=0x00000270606b1e74 sp=0x00000072f25fe900
Event: 2.753 Thread 0x0000027070f1f6e0 DEOPT UNPACKING pc=0x0000027060024e42 sp=0x00000072f25fde90 mode 1
Event: 2.999 Thread 0x00000270714b56f0 DEOPT PACKING pc=0x0000027060744f82 sp=0x00000072f29f8730
Event: 2.999 Thread 0x00000270714b56f0 DEOPT UNPACKING pc=0x0000027060024e42 sp=0x00000072f29f7c18 mode 1
Event: 2.999 Thread 0x00000270714b56f0 DEOPT PACKING pc=0x000002706041af34 sp=0x00000072f29f87e0
Event: 2.999 Thread 0x00000270714b56f0 DEOPT UNPACKING pc=0x0000027060024e42 sp=0x00000072f29f7cd0 mode 1

Classes loaded (20 events):
Event: 2.957 Loading class java/lang/management/ManagementPermission
Event: 2.957 Loading class java/lang/management/ManagementPermission done
Event: 2.957 Loading class java/util/regex/Pattern$SliceS
Event: 2.957 Loading class java/util/regex/Pattern$SliceS done
Event: 2.957 Loading class java/net/InetAddress$NameServiceAddresses
Event: 2.957 Loading class java/net/InetAddress$Addresses
Event: 2.957 Loading class java/net/InetAddress$Addresses done
Event: 2.957 Loading class java/net/InetAddress$NameServiceAddresses done
Event: 2.958 Loading class java/net/spi/InetAddressResolverProvider
Event: 2.958 Loading class java/net/spi/InetAddressResolverProvider done
Event: 2.959 Loading class sun/net/InetAddressCachePolicy
Event: 2.959 Loading class sun/net/InetAddressCachePolicy done
Event: 2.960 Loading class sun/net/InetAddressCachePolicy$1
Event: 2.960 Loading class sun/net/InetAddressCachePolicy$1 done
Event: 2.960 Loading class java/net/InetAddress$CachedLookup
Event: 2.960 Loading class java/net/InetAddress$CachedLookup done
Event: 2.978 Loading class java/util/LinkedList$Node
Event: 2.978 Loading class java/util/LinkedList$Node done
Event: 2.992 Loading class jdk/internal/loader/NativeLibraries$Unloader
Event: 2.993 Loading class jdk/internal/loader/NativeLibraries$Unloader done

Classes unloaded (0 events):
No events

Classes redefined (0 events):
No events

Internal exceptions (20 events):
Event: 2.848 Thread 0x0000027070f18de0 Exception <a 'java/lang/NoSuchMethodError'{0x000000070f2aa7a0}: 'java.lang.Object java.lang.invoke.DelegatingMethodHandle$Holder.reinvoke_L(java.lang.Object, java.lang.Object, java.lang.Object, java.lang.Object, int, int)'> (0x000000070f2aa7a0) 
thrown [s\src\hotspot\share\interpreter\linkResolver.cpp, line 773]
Event: 2.848 Thread 0x00000270714b0ec0 Exception <a 'java/lang/NoSuchMethodError'{0x000000070f2b9208}: 'java.lang.Object java.lang.invoke.DelegatingMethodHandle$Holder.reinvoke_L(java.lang.Object, java.lang.Object, java.lang.Object, java.lang.Object, int, int)'> (0x000000070f2b9208) 
thrown [s\src\hotspot\share\interpreter\linkResolver.cpp, line 773]
Event: 2.848 Thread 0x0000027070f1a190 Exception <a 'java/lang/NoSuchMethodError'{0x000000070f2e85c0}: 'java.lang.Object java.lang.invoke.DelegatingMethodHandle$Holder.reinvoke_L(java.lang.Object, java.lang.Object, java.lang.Object, java.lang.Object, int, int)'> (0x000000070f2e85c0) 
thrown [s\src\hotspot\share\interpreter\linkResolver.cpp, line 773]
Event: 2.848 Thread 0x00000270714b56f0 Exception <a 'java/lang/NoSuchMethodError'{0x000000070f3090e0}: 'java.lang.Object java.lang.invoke.DelegatingMethodHandle$Holder.reinvoke_L(java.lang.Object, java.lang.Object, java.lang.Object, java.lang.Object, int, int)'> (0x000000070f3090e0) 
thrown [s\src\hotspot\share\interpreter\linkResolver.cpp, line 773]
Event: 2.848 Thread 0x0000027070f1aeb0 Exception <a 'java/lang/NoSuchMethodError'{0x000000070f33a980}: 'java.lang.Object java.lang.invoke.DelegatingMethodHandle$Holder.reinvoke_L(java.lang.Object, java.lang.Object, java.lang.Object, java.lang.Object, int, int)'> (0x000000070f33a980) 
thrown [s\src\hotspot\share\interpreter\linkResolver.cpp, line 773]
Event: 2.848 Thread 0x0000027071546900 Exception <a 'java/lang/NoSuchMethodError'{0x0000000711062b60}: 'java.lang.Object java.lang.invoke.DelegatingMethodHandle$Holder.reinvoke_L(java.lang.Object, java.lang.Object, java.lang.Object, java.lang.Object, int, int)'> (0x0000000711062b60) 
thrown [s\src\hotspot\share\interpreter\linkResolver.cpp, line 773]
Event: 2.849 Thread 0x0000027070f1a820 Exception <a 'java/lang/NoSuchMethodError'{0x000000070f379660}: 'java.lang.Object java.lang.invoke.DelegatingMethodHandle$Holder.reinvoke_L(java.lang.Object, java.lang.Object, java.lang.Object, java.lang.Object, int, int)'> (0x000000070f379660) 
thrown [s\src\hotspot\share\interpreter\linkResolver.cpp, line 773]
Event: 2.849 Thread 0x0000027070f180c0 Exception <a 'java/lang/NoSuchMethodError'{0x000000070f36e4a0}: 'java.lang.Object java.lang.invoke.DelegatingMethodHandle$Holder.reinvoke_L(java.lang.Object, java.lang.Object, java.lang.Object, java.lang.Object, int, int)'> (0x000000070f36e4a0) 
thrown [s\src\hotspot\share\interpreter\linkResolver.cpp, line 773]
Event: 2.875 Thread 0x0000027070f1c260 Exception <a 'java/lang/NoSuchMethodError'{0x000000070f1b5e30}: 'void java.lang.invoke.DelegatingMethodHandle$Holder.reinvoke_L(java.lang.Object, java.lang.Object, java.lang.Object, java.lang.Object, java.lang.Object, java.lang.Object, java.lang.Object, java.lang.Object, java.lang.Object)'> (0x000000070f1b5e30) 
thrown [s\src\hotspot\share\interpreter\linkResolver.cpp, line 773]
Event: 2.876 Thread 0x00000270714ae760 Exception <a 'java/lang/NoSuchMethodError'{0x000000070e6904d8}: 'void java.lang.invoke.DelegatingMethodHandle$Holder.reinvoke_L(java.lang.Object, java.lang.Object, java.lang.Object, java.lang.Object, java.lang.Object, java.lang.Object, java.lang.Object, java.lang.Object, java.lang.Object, java.lang.Object, java.lang.Object, java.lang.Object, java.lang.Object, java.lang.Object, java.lang.Object, java.lang.Object, java.lang.Object)'> (0x000000070e6904d8) 
thrown [s\src\hotspot\share\interpreter\linkResolver.
Event: 2.876 Thread 0x00000270714b49d0 Exception <a 'java/lang/NoSuchMethodError'{0x000000070e6bb1c0}: 'void java.lang.invoke.DirectMethodHandle$Holder.invokeSpecial(java.lang.Object, java.lang.Object, java.lang.Object, java.lang.Object, java.lang.Object, java.lang.Object, java.lang.Object, java.lang.Object, java.lang.Object)'> (0x000000070e6bb1c0) 
thrown [s\src\hotspot\share\interpreter\linkResolver.cpp, line 773]
Event: 2.877 Thread 0x00000270714b49d0 Exception <a 'java/lang/NoSuchMethodError'{0x000000070e6be888}: 'void java.lang.invoke.DelegatingMethodHandle$Holder.reinvoke_L(java.lang.Object, java.lang.Object, java.lang.Object, java.lang.Object, java.lang.Object, java.lang.Object, java.lang.Object, java.lang.Object)'> (0x000000070e6be888) 
thrown [s\src\hotspot\share\interpreter\linkResolver.cpp, line 773]
Event: 2.877 Thread 0x0000027070f1c260 Exception <a 'java/lang/NoSuchMethodError'{0x000000070e6b1c80}: 'java.lang.Object java.lang.invoke.Invokers$Holder.invoker(java.lang.Object, java.lang.Object, java.lang.Object, java.lang.Object, java.lang.Object, java.lang.Object, java.lang.Object, java.lang.Object, java.lang.Object)'> (0x000000070e6b1c80) 
thrown [s\src\hotspot\share\interpreter\linkResolver.cpp, line 773]
Event: 2.881 Thread 0x00000270714ae760 Exception <a 'java/lang/NoSuchMethodError'{0x000000070e7453f0}: 'java.lang.Object java.lang.invoke.Invokers$Holder.invoker(java.lang.Object, java.lang.Object, java.lang.Object, java.lang.Object, java.lang.Object, java.lang.Object, java.lang.Object, java.lang.Object, java.lang.Object, java.lang.Object, java.lang.Object, java.lang.Object, java.lang.Object, java.lang.Object, java.lang.Object, java.lang.Object, java.lang.Object)'> (0x000000070e7453f0) 
thrown [s\src\hotspot\share\interpreter\linkResolver.cpp, 
Event: 2.882 Thread 0x00000270714ae760 Exception <a 'java/lang/NoSuchMethodError'{0x000000070e74a768}: 'java.lang.Object java.lang.invoke.DirectMethodHandle$Holder.invokeSpecial(java.lang.Object, java.lang.Object, java.lang.Object, java.lang.Object, java.lang.Object, java.lang.Object, java.lang.Object, java.lang.Object, java.lang.Object, java.lang.Object, java.lang.Object, java.lang.Object, java.lang.Object, java.lang.Object, java.lang.Object, java.lang.Object, java.lang.Object, java.lang.Object)'> (0x000000070e74a768) 
thrown [s\src\hotspot\sh
Event: 2.885 Thread 0x00000270714ae760 Exception <a 'java/lang/NoSuchMethodError'{0x000000070e74ef38}: 'java.lang.Object java.lang.invoke.DelegatingMethodHandle$Holder.delegate(java.lang.Object, java.lang.Object, java.lang.Object, java.lang.Object, java.lang.Object, java.lang.Object, java.lang.Object, java.lang.Object, java.lang.Object, java.lang.Object, java.lang.Object, java.lang.Object, java.lang.Object, java.lang.Object, java.lang.Object, java.lang.Object, java.lang.Object)'> (0x000000070e74ef38) 
thrown [s\src\hotspot\share\interpreter\lin
Event: 2.911 Thread 0x00000270714b3cb0 Exception <a 'java/lang/NoSuchMethodError'{0x0000000706b27788}: 'java.lang.Object java.lang.invoke.Invokers$Holder.invoker(java.lang.Object, java.lang.Object, java.lang.Object, java.lang.Object, java.lang.Object, java.lang.Object, java.lang.Object, java.lang.Object, java.lang.Object, java.lang.Object, java.lang.Object)'> (0x0000000706b27788) 
thrown [s\src\hotspot\share\interpreter\linkResolver.cpp, line 773]
Event: 2.921 Thread 0x00000270714b3cb0 Exception <a 'java/lang/NoSuchMethodError'{0x00000007069e7560}: 'java.lang.Object java.lang.invoke.DirectMethodHandle$Holder.invokeStatic(java.lang.Object, java.lang.Object, java.lang.Object, java.lang.Object, java.lang.Object, java.lang.Object, java.lang.Object, java.lang.Object, java.lang.Object, java.lang.Object, java.lang.Object, java.lang.Object, java.lang.Object)'> (0x00000007069e7560) 
thrown [s\src\hotspot\share\interpreter\linkResolver.cpp, line 773]
Event: 2.999 Thread 0x00000270714b2f90 Exception <a 'java/lang/NullPointerException'{0x000000070f23f220}> (0x000000070f23f220) 
thrown [s\src\hotspot\share\interpreter\linkResolver.cpp, line 1372]
Event: 2.999 Thread 0x00000270714b2f90 Exception <a 'java/lang/NoSuchFieldError'{0x000000070f304520}: STDIN_FILENO> (0x000000070f304520) 
thrown [s\src\hotspot\share\prims\jni.cpp, line 1989]

ZGC Phase Switch (0 events):
No events

VM Operations (20 events):
Event: 2.524 Executing VM operation: G1CollectForAllocation (G1 Evacuation Pause)
Event: 2.532 Executing VM operation: G1CollectForAllocation (G1 Evacuation Pause) done
Event: 2.597 Executing VM operation: HandshakeAllThreads (Deoptimize)
Event: 2.597 Executing VM operation: HandshakeAllThreads (Deoptimize) done
Event: 2.637 Executing VM operation: HandshakeAllThreads (Deoptimize)
Event: 2.671 Executing VM operation: HandshakeAllThreads (Deoptimize) done
Event: 2.686 Executing VM operation: HandshakeAllThreads (Deoptimize)
Event: 2.736 Executing VM operation: HandshakeAllThreads (Deoptimize) done
Event: 2.739 Executing VM operation: HandshakeAllThreads (Deoptimize)
Event: 2.771 Executing VM operation: HandshakeAllThreads (Deoptimize) done
Event: 2.772 Executing VM operation: HandshakeAllThreads (Deoptimize)
Event: 2.779 Executing VM operation: HandshakeAllThreads (Deoptimize) done
Event: 2.792 Executing VM operation: HandshakeAllThreads (Deoptimize)
Event: 2.812 Executing VM operation: HandshakeAllThreads (Deoptimize) done
Event: 2.816 Executing VM operation: G1CollectForAllocation (G1 Evacuation Pause)
Event: 2.835 Executing VM operation: G1CollectForAllocation (G1 Evacuation Pause) done
Event: 2.955 Executing VM operation: HandshakeAllThreads (Deoptimize)
Event: 2.955 Executing VM operation: HandshakeAllThreads (Deoptimize) done
Event: 2.978 Executing VM operation: CollectForMetadataAllocation (Metadata GC Threshold)
Event: 2.986 Executing VM operation: CollectForMetadataAllocation (Metadata GC Threshold) done

Memory protections (0 events):
No events

Nmethod flushes (0 events):
No events

Events (20 events):
Event: 2.659 Thread 0x00000270578ee290 Thread added: 0x00000270714b0830
Event: 2.660 Thread 0x0000027070f19470 Thread added: 0x00000270714b1be0
Event: 2.662 Thread 0x00000270578ee290 Thread added: 0x00000270714b01a0
Event: 2.664 Thread 0x0000027070f19470 Thread added: 0x00000270714b2270
Event: 2.667 Thread 0x00000270578ee290 Thread added: 0x00000270714b2900
Event: 2.668 Thread 0x0000027070f19470 Thread added: 0x00000270714b2f90
Event: 2.670 Thread 0x00000270578ee290 Thread added: 0x00000270714ae760
Event: 2.672 Thread 0x0000027070f19470 Thread added: 0x00000270714b3620
Event: 2.673 Thread 0x00000270578ee290 Thread added: 0x00000270714b5d80
Event: 2.675 Thread 0x00000270714b56f0 Thread added: 0x0000027071546270
Event: 2.677 Thread 0x00000270578ee290 Thread added: 0x0000027071545be0
Event: 2.678 Thread 0x0000027070f19470 Thread added: 0x0000027071546900
Event: 2.679 Thread 0x00000270578ee290 Thread added: 0x000002707153f970
Event: 2.683 Thread 0x00000270578ee290 Thread added: 0x0000027071540000
Event: 2.686 Thread 0x00000270578ee290 Thread added: 0x0000027071541a40
Event: 2.689 Thread 0x00000270578ee290 Thread added: 0x00000270715420d0
Event: 2.692 Thread 0x00000270578ee290 Thread added: 0x0000027071542760
Event: 2.695 Thread 0x00000270578ee290 Thread added: 0x0000027071544ec0
Event: 2.697 Thread 0x0000027070f19470 Thread added: 0x0000027071545550
Event: 2.698 Thread 0x00000270578ee290 Thread added: 0x0000027071540690


Dynamic libraries:
0x00007ff619550000 - 0x00007ff61955e000 	C:\Program Files\Eclipse Adoptium\jdk-21.0.5.11-hotspot\bin\java.exe
0x00007fff15f70000 - 0x00007fff16187000 	C:\WINDOWS\SYSTEM32\ntdll.dll
0x00007fff14410000 - 0x00007fff144d4000 	C:\WINDOWS\System32\KERNEL32.DLL
0x00007fff13270000 - 0x00007fff13629000 	C:\WINDOWS\System32\KERNELBASE.dll
0x00007fff13a00000 - 0x00007fff13b11000 	C:\WINDOWS\System32\ucrtbase.dll
0x00007ffea9df0000 - 0x00007ffea9e0e000 	C:\Program Files\Eclipse Adoptium\jdk-21.0.5.11-hotspot\bin\VCRUNTIME140.dll
0x00007ffec9c80000 - 0x00007ffec9c98000 	C:\Program Files\Eclipse Adoptium\jdk-21.0.5.11-hotspot\bin\jli.dll
0x00007fff15440000 - 0x00007fff155ee000 	C:\WINDOWS\System32\USER32.dll
0x00007ffefbbd0000 - 0x00007ffefbe62000 	C:\WINDOWS\WinSxS\amd64_microsoft.windows.common-controls_6595b64144ccf1df_6.0.22621.4391_none_2715d37f73803e96\COMCTL32.dll
0x00007fff136a0000 - 0x00007fff136c6000 	C:\WINDOWS\System32\win32u.dll
0x00007fff15310000 - 0x00007fff153b7000 	C:\WINDOWS\System32\msvcrt.dll
0x00007fff14ef0000 - 0x00007fff14f19000 	C:\WINDOWS\System32\GDI32.dll
0x00007fff138e0000 - 0x00007fff139fb000 	C:\WINDOWS\System32\gdi32full.dll
0x00007fff136d0000 - 0x00007fff1376a000 	C:\WINDOWS\System32\msvcp_win.dll
0x00007fff13d40000 - 0x00007fff13d71000 	C:\WINDOWS\System32\IMM32.DLL
0x00007ffef5f00000 - 0x00007ffef5f0c000 	C:\Program Files\Eclipse Adoptium\jdk-21.0.5.11-hotspot\bin\vcruntime140_1.dll
0x00007ffe8a730000 - 0x00007ffe8a7bd000 	C:\Program Files\Eclipse Adoptium\jdk-21.0.5.11-hotspot\bin\msvcp140.dll
0x00007ffe4fac0000 - 0x00007ffe5084f000 	C:\Program Files\Eclipse Adoptium\jdk-21.0.5.11-hotspot\bin\server\jvm.dll
0x00007fff13d80000 - 0x00007fff13e32000 	C:\WINDOWS\System32\ADVAPI32.dll
0x00007fff142c0000 - 0x00007fff14367000 	C:\WINDOWS\System32\sechost.dll
0x00007fff138b0000 - 0x00007fff138d8000 	C:\WINDOWS\System32\bcrypt.dll
0x00007fff14db0000 - 0x00007fff14ec4000 	C:\WINDOWS\System32\RPCRT4.dll
0x00007fff153c0000 - 0x00007fff15431000 	C:\WINDOWS\System32\WS2_32.dll
0x00007fff12f90000 - 0x00007fff12fdd000 	C:\WINDOWS\SYSTEM32\POWRPROF.dll
0x00007fff0b9d0000 - 0x00007fff0ba04000 	C:\WINDOWS\SYSTEM32\WINMM.dll
0x00007fff08180000 - 0x00007fff0818a000 	C:\WINDOWS\SYSTEM32\VERSION.dll
0x00007fff12ec0000 - 0x00007fff12ed3000 	C:\WINDOWS\SYSTEM32\UMPDC.dll
0x00007fff12210000 - 0x00007fff12228000 	C:\WINDOWS\SYSTEM32\kernel.appcore.dll
0x00007ffea84c0000 - 0x00007ffea84ca000 	C:\Program Files\Eclipse Adoptium\jdk-21.0.5.11-hotspot\bin\jimage.dll
0x00007fff107b0000 - 0x00007fff109e2000 	C:\WINDOWS\SYSTEM32\DBGHELP.DLL
0x00007fff14f80000 - 0x00007fff1530f000 	C:\WINDOWS\System32\combase.dll
0x00007fff155f0000 - 0x00007fff156c7000 	C:\WINDOWS\System32\OLEAUT32.dll
0x00007ffef65d0000 - 0x00007ffef6602000 	C:\WINDOWS\SYSTEM32\dbgcore.DLL
0x00007fff13770000 - 0x00007fff137eb000 	C:\WINDOWS\System32\bcryptPrimitives.dll
0x00007ffea3330000 - 0x00007ffea333f000 	C:\Program Files\Eclipse Adoptium\jdk-21.0.5.11-hotspot\bin\instrument.dll
0x00007ffea1f50000 - 0x00007ffea1f6f000 	C:\Program Files\Eclipse Adoptium\jdk-21.0.5.11-hotspot\bin\java.dll
0x00007ffea2970000 - 0x00007ffea29ac000 	C:\Program Files\Eclipse Adoptium\jdk-21.0.5.11-hotspot\bin\jdwp.dll
0x00007fff14530000 - 0x00007fff14da6000 	C:\WINDOWS\System32\SHELL32.dll
0x00007fff11160000 - 0x00007fff11a63000 	C:\WINDOWS\SYSTEM32\windows.storage.dll
0x00007fff11020000 - 0x00007fff1115f000 	C:\WINDOWS\SYSTEM32\wintypes.dll
0x00007fff15c60000 - 0x00007fff15d59000 	C:\WINDOWS\System32\SHCORE.dll
0x00007fff15ed0000 - 0x00007fff15f2e000 	C:\WINDOWS\System32\shlwapi.dll
0x00007fff131a0000 - 0x00007fff131cb000 	C:\WINDOWS\SYSTEM32\profapi.dll
0x00007ffea1520000 - 0x00007ffea1538000 	C:\Program Files\Eclipse Adoptium\jdk-21.0.5.11-hotspot\bin\zip.dll
0x00007ffea3270000 - 0x00007ffea3280000 	C:\Program Files\Eclipse Adoptium\jdk-21.0.5.11-hotspot\bin\net.dll
0x00007fff0b360000 - 0x00007fff0b496000 	C:\WINDOWS\SYSTEM32\WINHTTP.dll
0x00007fff126e0000 - 0x00007fff12749000 	C:\WINDOWS\system32\mswsock.dll
0x00007ffea14c0000 - 0x00007ffea14d6000 	C:\Program Files\Eclipse Adoptium\jdk-21.0.5.11-hotspot\bin\nio.dll
0x00007fff0e230000 - 0x00007fff0e23b000 	C:\Program Files\Eclipse Adoptium\jdk-21.0.5.11-hotspot\bin\dt_socket.dll
0x00007fff11cd0000 - 0x00007fff11cfd000 	C:\WINDOWS\SYSTEM32\IPHLPAPI.DLL
0x00007fff11d40000 - 0x00007fff11e42000 	C:\WINDOWS\SYSTEM32\DNSAPI.dll
0x00007fff14ee0000 - 0x00007fff14ee9000 	C:\WINDOWS\System32\NSI.dll
0x00007fff0f1e0000 - 0x00007fff0f1ea000 	C:\Windows\System32\rasadhlp.dll
0x00007fff0a6c0000 - 0x00007fff0a743000 	C:\WINDOWS\System32\fwpuclnt.dll
0x00007ffea2960000 - 0x00007ffea2970000 	C:\Program Files\Eclipse Adoptium\jdk-21.0.5.11-hotspot\bin\verify.dll
0x00007ffea1670000 - 0x00007ffea167a000 	C:\Program Files\Eclipse Adoptium\jdk-21.0.5.11-hotspot\bin\management.dll
0x00007ffea1150000 - 0x00007ffea115b000 	C:\Program Files\Eclipse Adoptium\jdk-21.0.5.11-hotspot\bin\management_ext.dll
0x00007fff15c50000 - 0x00007fff15c58000 	C:\WINDOWS\System32\PSAPI.DLL
0x00007fff0e130000 - 0x00007fff0e13a000 	C:\Users\Anthimos Samaras\.gradle\native\jansi\1.18\windows64\jansi.dll

dbghelp: loaded successfully - version: 4.0.5 - missing functions: none
symbol engine: initialized successfully - sym options: 0x614 - pdb path: .;C:\Program Files\Eclipse Adoptium\jdk-21.0.5.11-hotspot\bin;C:\WINDOWS\SYSTEM32;C:\WINDOWS\WinSxS\amd64_microsoft.windows.common-controls_6595b64144ccf1df_6.0.22621.4391_none_2715d37f73803e96;C:\Program Files\Eclipse Adoptium\jdk-21.0.5.11-hotspot\bin\server;C:\Users\Anthimos Samaras\.gradle\native\jansi\1.18\windows64

VM Arguments:
jvm_args: -javaagent:C:\Users\Anthimos Samaras\.gradle\caches\modules-2\files-2.1\io.quarkus\quarkus-class-change-agent\3.17.0\a0391559d4e47c80140f7891566e0f59578c3d84\quarkus-class-change-agent-3.17.0.jar -Dquarkus-internal.serialized-app-model.path=C:\Users\Anthimos Samaras\Desktop\industrial project\informationSystems\my-app\backend\build\tmp\quarkusDev\quarkus-app-model.dat -Dquarkus-internal-test.serialized-app-model.path=C:\Users\Anthimos Samaras\Desktop\industrial project\informationSystems\my-app\backend\build\tmp\quarkusDev\quarkus-app-test-model.dat -XX:TieredStopAtLevel=1 -agentlib:jdwp=transport=dt_socket,address=localhost:5005,server=y,suspend=n -Djava.util.logging.manager=org.jboss.logmanager.LogManager 
java_command: C:\Users\Anthimos Samaras\Desktop\industrial project\informationSystems\my-app\backend\build\backend-dev.jar
java_class_path (initial): C:\Users\Anthimos Samaras\Desktop\industrial project\informationSystems\my-app\backend\build\backend-dev.jar
Launcher Type: SUN_STANDARD

[Global flags]
     intx CICompilerCount                          = 4                                         {product} {ergonomic}
     uint ConcGCThreads                            = 2                                         {product} {ergonomic}
     uint G1ConcRefinementThreads                  = 8                                         {product} {ergonomic}
   size_t G1HeapRegionSize                         = 2097152                                   {product} {ergonomic}
    uintx GCDrainStackTargetSize                   = 64                                        {product} {ergonomic}
   size_t InitialHeapSize                          = 268435456                                 {product} {ergonomic}
   size_t MarkStackSize                            = 4194304                                   {product} {ergonomic}
   size_t MaxHeapSize                              = 4276092928                                {product} {ergonomic}
   size_t MaxNewSize                               = 2564816896                                {product} {ergonomic}
   size_t MinHeapDeltaBytes                        = 2097152                                   {product} {ergonomic}
   size_t MinHeapSize                              = 8388608                                   {product} {ergonomic}
    uintx NonNMethodCodeHeapSize                   = 4096                                   {pd product} {ergonomic}
    uintx NonProfiledCodeHeapSize                  = 0                                      {pd product} {ergonomic}
     bool ProfileInterpreter                       = false                                  {pd product} {command line}
    uintx ProfiledCodeHeapSize                     = 0                                      {pd product} {ergonomic}
   size_t SoftMaxHeapSize                          = 4276092928                             {manageable} {ergonomic}
     intx TieredStopAtLevel                        = 1                                         {product} {command line}
     bool UseCompressedOops                        = true                           {product lp64_product} {ergonomic}
     bool UseG1GC                                  = true                                      {product} {ergonomic}
     bool UseLargePagesIndividualAllocation        = false                                  {pd product} {ergonomic}

Logging:
Log output configuration:
 #0: stdout all=warning uptime,level,tags foldmultilines=false
 #1: stderr all=off uptime,level,tags foldmultilines=false

Environment Variables:
CLASSPATH="C:\ProgramData\chocolatey\lib\quarkus\quarkus-cli-3.16.4"\etc;"C:\ProgramData\chocolatey\lib\quarkus\quarkus-cli-3.16.4\lib"\quarkus-cli-3.16.4-runner.jar
PATH=C:\Program Files\Eclipse Adoptium\jdk-21.0.5.11-hotspot\bin;C:\Program Files\Common Files\Oracle\Java\javapath;C:\Windows\system32;C:\Windows;C:\Windows\System32\Wbem;C:\Windows\System32\WindowsPowerShell\v1.0\;C:\Windows\System32\OpenSSH\;C:\Program Files\NVIDIA Corporation\NVIDIA NvDLISR;C:\Program Files (x86)\NVIDIA Corporation\PhysX\Common;C:\WINDOWS\system32;C:\WINDOWS;C:\WINDOWS\System32\Wbem;C:\WINDOWS\System32\WindowsPowerShell\v1.0\;C:\WINDOWS\System32\OpenSSH\;C:\Program Files\Git\cmd;C:\Program Files (x86)\Microsoft SQL Server\160\Tools\Binn\;C:\Program Files\Microsoft SQL Server\160\Tools\Binn\;C:\Program Files\Microsoft SQL Server\Client SDK\ODBC\170\Tools\Binn\;C:\Program Files\Microsoft SQL Server\160\DTS\Binn\;C:\Program Files (x86)\Microsoft SQL Server\160\DTS\Binn\;C:\Program Files\Azure Data Studio\bin;C:\Program Files\nodejs\;C:\Program Files\Ampps\php;;C:\Program Files\Docker\Docker\resources\bin;C:\ProgramData\chocolatey\bin;C:\ProgramData\chocolatey\lib\maven\apache-maven-3.9.9\bin;C:\Program Files\MySQL\MySQL Shell 8.0\bin\;C:\Users\Anthimos Samaras\AppData\Local\activestate\cache\bin;C:\Users\Anthimos Samaras\AppData\Local\ActiveState\StateTool\release\bin;C:\Users\Anthimos Samaras\AppData\Local\Microsoft\WindowsApps;C:\Users\Anthimos Samaras\AppData\Local\Programs\Microsoft VS Code\bin;C:\Program Files\Azure Data Studio\bin;C:\ProgramData\Anthimos Samaras\GitHubDesktop\bin;C:\Users\Anthimos Samaras\AppData\Local\GitHubDesktop\bin;C:\Program Files\JetBrains\PyCharm 2023.1.4\bin;;C:\Users\Anthimos Samaras\AppData\Roaming\npm;C:\Program Files\swipl\bin
USERNAME=Anthimos Samaras
LANG=en_US.UTF-8
OS=Windows_NT
PROCESSOR_IDENTIFIER=Intel64 Family 6 Model 158 Stepping 10, GenuineIntel
TMP=C:\Users\ANTHIM~1\AppData\Local\Temp
TEMP=C:\Users\ANTHIM~1\AppData\Local\Temp




Periodic native trim disabled

---------------  S Y S T E M  ---------------

OS:
 Windows 11 , 64 bit Build 22621 (10.0.22621.4391)
OS uptime: 1 days 20:13 hours
Hyper-V role detected

CPU: total 8 (initial active 8) (4 cores per cpu, 2 threads per core) family 6 model 158 stepping 10 microcode 0xea, cx8, cmov, fxsr, ht, mmx, 3dnowpref, sse, sse2, sse3, ssse3, sse4.1, sse4.2, popcnt, lzcnt, tsc, tscinvbit, avx, avx2, aes, erms, clmul, bmi1, bmi2, adx, fma, vzeroupper, clflush, clflushopt, hv, rdtscp, f16c
Processor Information for all 8 processors :
  Max Mhz: 2400, Current Mhz: 2400, Mhz Limit: 2400

Memory: 4k page, system-wide physical 16304M (1211M free)
TotalPageFile size 30176M (AvailPageFile size 4610M)
current process WorkingSet (physical memory assigned to process): 198M, peak: 198M
current process commit charge ("private bytes"): 253M, peak: 369M

vm_info: OpenJDK 64-Bit Server VM (21.0.5+11-LTS) for windows-amd64 JRE (21.0.5+11-LTS), built on 2024-10-15T00:00:00Z by "admin" with MS VC++ 17.7 (VS2022)

END.
